{"/Users/a7206035376/Documents/Projects/GhostKitchen/food-delivery-backend/src/config/cashfree.js": {"path":"/Users/a7206035376/Documents/Projects/GhostKitchen/food-delivery-backend/src/config/cashfree.js","statementMap":{"0":{"start":{"line":18,"column":0},"end":{"line":22,"column":null}},"1":{"start":{"line":19,"column":2},"end":{"line":21,"column":null}},"2":{"start":{"line":33,"column":24},"end":{"line":35,"column":2}},"3":{"start":{"line":38,"column":0},"end":{"line":49,"column":null}},"4":{"start":{"line":39,"column":2},"end":{"line":39,"column":null}},"5":{"start":{"line":40,"column":2},"end":{"line":40,"column":null}},"6":{"start":{"line":43,"column":2},"end":{"line":48,"column":null}},"7":{"start":{"line":44,"column":4},"end":{"line":47,"column":null}}},"fnMap":{},"branchMap":{"0":{"loc":{"start":{"line":18,"column":0},"end":{"line":22,"column":null}},"type":"if","locations":[{"start":{"line":18,"column":0},"end":{"line":22,"column":null}},{"start":{},"end":{}}],"line":18},"1":{"loc":{"start":{"line":18,"column":4},"end":{"line":18,"column":52}},"type":"binary-expr","locations":[{"start":{"line":18,"column":4},"end":{"line":18,"column":24}},{"start":{"line":18,"column":28},"end":{"line":18,"column":52}}],"line":18},"2":{"loc":{"start":{"line":38,"column":0},"end":{"line":49,"column":null}},"type":"if","locations":[{"start":{"line":38,"column":0},"end":{"line":49,"column":null}},{"start":{},"end":{}}],"line":38},"3":{"loc":{"start":{"line":38,"column":4},"end":{"line":38,"column":50}},"type":"binary-expr","locations":[{"start":{"line":38,"column":4},"end":{"line":38,"column":23}},{"start":{"line":38,"column":27},"end":{"line":38,"column":50}}],"line":38},"4":{"loc":{"start":{"line":43,"column":2},"end":{"line":48,"column":null}},"type":"if","locations":[{"start":{"line":43,"column":2},"end":{"line":48,"column":null}},{"start":{},"end":{}}],"line":43},"5":{"loc":{"start":{"line":45,"column":6},"end":{"line":47,"column":38}},"type":"cond-expr","locations":[{"start":{"line":46,"column":10},"end":{"line":46,"column":null}},{"start":{"line":47,"column":10},"end":{"line":47,"column":38}}],"line":45}},"s":{"0":1,"1":0,"2":1,"3":1,"4":1,"5":1,"6":1,"7":0},"f":{},"b":{"0":[0,1],"1":[1,1],"2":[1,0],"3":[1,1],"4":[0,1],"5":[0,0]},"meta":{"lastBranch":6,"lastFunction":0,"lastStatement":8,"seen":{"b:18:0:22:Infinity:undefined:undefined:undefined:undefined":0,"s:18:0:22:Infinity":0,"b:18:4:18:24:18:28:18:52":1,"s:19:2:21:Infinity":1,"s:33:24:35:2":2,"b:38:0:49:Infinity:undefined:undefined:undefined:undefined":2,"s:38:0:49:Infinity":3,"b:38:4:38:23:38:27:38:50":3,"s:39:2:39:Infinity":4,"s:40:2:40:Infinity":5,"b:43:2:48:Infinity:undefined:undefined:undefined:undefined":4,"s:43:2:48:Infinity":6,"s:44:4:47:Infinity":7,"b:46:10:46:Infinity:47:10:47:38":5},"fnNames":{}}}
,"/Users/a7206035376/Documents/Projects/GhostKitchen/food-delivery-backend/src/config/redis.js": {"path":"/Users/a7206035376/Documents/Projects/GhostKitchen/food-delivery-backend/src/config/redis.js","statementMap":{"0":{"start":{"line":4,"column":12},"end":{"line":4,"column":16}},"1":{"start":{"line":5,"column":19},"end":{"line":5,"column":24}},"2":{"start":{"line":9,"column":2},"end":{"line":21,"column":null}},"3":{"start":{"line":10,"column":4},"end":{"line":18,"column":null}},"4":{"start":{"line":11,"column":38},"end":{"line":11,"column":93}},"5":{"start":{"line":12,"column":6},"end":{"line":15,"column":null}},"6":{"start":{"line":16,"column":6},"end":{"line":16,"column":null}},"7":{"start":{"line":17,"column":6},"end":{"line":17,"column":null}},"8":{"start":{"line":20,"column":4},"end":{"line":20,"column":null}},"9":{"start":{"line":22,"column":2},"end":{"line":22,"column":null}},"10":{"start":{"line":27,"column":2},"end":{"line":59,"column":null}},"11":{"start":{"line":28,"column":22},"end":{"line":28,"column":71}},"12":{"start":{"line":29,"column":22},"end":{"line":29,"column":51}},"13":{"start":{"line":30,"column":23},"end":{"line":30,"column":78}},"14":{"start":{"line":32,"column":4},"end":{"line":47,"column":null}},"15":{"start":{"line":38,"column":8},"end":{"line":41,"column":null}},"16":{"start":{"line":39,"column":10},"end":{"line":39,"column":null}},"17":{"start":{"line":40,"column":10},"end":{"line":40,"column":null}},"18":{"start":{"line":42,"column":8},"end":{"line":42,"column":null}},"19":{"start":{"line":45,"column":8},"end":{"line":45,"column":null}},"20":{"start":{"line":49,"column":4},"end":{"line":49,"column":null}},"21":{"start":{"line":49,"column":30},"end":{"line":49,"column":75}},"22":{"start":{"line":50,"column":4},"end":{"line":50,"column":null}},"23":{"start":{"line":50,"column":31},"end":{"line":50,"column":95}},"24":{"start":{"line":51,"column":4},"end":{"line":51,"column":null}},"25":{"start":{"line":51,"column":28},"end":{"line":51,"column":68}},"26":{"start":{"line":52,"column":4},"end":{"line":52,"column":null}},"27":{"start":{"line":52,"column":35},"end":{"line":52,"column":83}},"28":{"start":{"line":54,"column":4},"end":{"line":54,"column":null}},"29":{"start":{"line":55,"column":4},"end":{"line":55,"column":null}},"30":{"start":{"line":57,"column":4},"end":{"line":57,"column":null}},"31":{"start":{"line":58,"column":4},"end":{"line":58,"column":null}},"32":{"start":{"line":62,"column":28},"end":{"line":85,"column":1}},"33":{"start":{"line":63,"column":2},"end":{"line":84,"column":null}},"34":{"start":{"line":65,"column":27},"end":{"line":65,"column":51}},"35":{"start":{"line":66,"column":4},"end":{"line":69,"column":null}},"36":{"start":{"line":67,"column":6},"end":{"line":67,"column":null}},"37":{"start":{"line":68,"column":6},"end":{"line":68,"column":null}},"38":{"start":{"line":72,"column":27},"end":{"line":72,"column":46}},"39":{"start":{"line":73,"column":4},"end":{"line":80,"column":null}},"40":{"start":{"line":74,"column":6},"end":{"line":74,"column":null}},"41":{"start":{"line":75,"column":6},"end":{"line":75,"column":null}},"42":{"start":{"line":76,"column":6},"end":{"line":76,"column":null}},"43":{"start":{"line":78,"column":6},"end":{"line":78,"column":null}},"44":{"start":{"line":79,"column":6},"end":{"line":79,"column":null}},"45":{"start":{"line":82,"column":4},"end":{"line":82,"column":null}},"46":{"start":{"line":83,"column":4},"end":{"line":83,"column":null}},"47":{"start":{"line":87,"column":24},"end":{"line":89,"column":1}},"48":{"start":{"line":88,"column":2},"end":{"line":88,"column":null}},"49":{"start":{"line":91,"column":32},"end":{"line":105,"column":1}},"50":{"start":{"line":92,"column":2},"end":{"line":92,"column":null}},"51":{"start":{"line":92,"column":19},"end":{"line":92,"column":null}},"52":{"start":{"line":93,"column":2},"end":{"line":104,"column":null}},"53":{"start":{"line":94,"column":4},"end":{"line":100,"column":null}},"54":{"start":{"line":95,"column":6},"end":{"line":95,"column":null}},"55":{"start":{"line":98,"column":6},"end":{"line":98,"column":null}},"56":{"start":{"line":99,"column":6},"end":{"line":99,"column":null}},"57":{"start":{"line":101,"column":4},"end":{"line":101,"column":null}},"58":{"start":{"line":103,"column":4},"end":{"line":103,"column":null}},"59":{"start":{"line":107,"column":29},"end":{"line":116,"column":1}},"60":{"start":{"line":108,"column":2},"end":{"line":115,"column":null}},"61":{"start":{"line":109,"column":4},"end":{"line":112,"column":null}},"62":{"start":{"line":110,"column":6},"end":{"line":110,"column":null}},"63":{"start":{"line":111,"column":6},"end":{"line":111,"column":null}},"64":{"start":{"line":114,"column":4},"end":{"line":114,"column":null}}},"fnMap":{"0":{"name":"initUpstashRedis","decl":{"start":{"line":8,"column":15},"end":{"line":8,"column":31}},"loc":{"start":{"line":8,"column":34},"end":{"line":23,"column":null}},"line":8},"1":{"name":"initIORedis","decl":{"start":{"line":26,"column":15},"end":{"line":26,"column":26}},"loc":{"start":{"line":26,"column":29},"end":{"line":60,"column":null}},"line":26},"2":{"name":"(anonymous_2)","decl":{"start":{"line":37,"column":21},"end":{"line":37,"column":22}},"loc":{"start":{"line":37,"column":32},"end":{"line":43,"column":7}},"line":37},"3":{"name":"(anonymous_3)","decl":{"start":{"line":44,"column":24},"end":{"line":44,"column":25}},"loc":{"start":{"line":44,"column":33},"end":{"line":46,"column":7}},"line":44},"4":{"name":"(anonymous_4)","decl":{"start":{"line":49,"column":24},"end":{"line":49,"column":25}},"loc":{"start":{"line":49,"column":30},"end":{"line":49,"column":75}},"line":49},"5":{"name":"(anonymous_5)","decl":{"start":{"line":50,"column":22},"end":{"line":50,"column":23}},"loc":{"start":{"line":50,"column":31},"end":{"line":50,"column":95}},"line":50},"6":{"name":"(anonymous_6)","decl":{"start":{"line":51,"column":22},"end":{"line":51,"column":23}},"loc":{"start":{"line":51,"column":28},"end":{"line":51,"column":68}},"line":51},"7":{"name":"(anonymous_7)","decl":{"start":{"line":52,"column":29},"end":{"line":52,"column":30}},"loc":{"start":{"line":52,"column":35},"end":{"line":52,"column":83}},"line":52},"8":{"name":"(anonymous_8)","decl":{"start":{"line":62,"column":28},"end":{"line":62,"column":33}},"loc":{"start":{"line":62,"column":40},"end":{"line":85,"column":1}},"line":62},"9":{"name":"(anonymous_9)","decl":{"start":{"line":87,"column":24},"end":{"line":87,"column":25}},"loc":{"start":{"line":87,"column":30},"end":{"line":89,"column":1}},"line":87},"10":{"name":"(anonymous_10)","decl":{"start":{"line":91,"column":32},"end":{"line":91,"column":37}},"loc":{"start":{"line":91,"column":44},"end":{"line":105,"column":1}},"line":91},"11":{"name":"(anonymous_11)","decl":{"start":{"line":107,"column":29},"end":{"line":107,"column":34}},"loc":{"start":{"line":107,"column":41},"end":{"line":116,"column":1}},"line":107}},"branchMap":{"0":{"loc":{"start":{"line":10,"column":4},"end":{"line":18,"column":null}},"type":"if","locations":[{"start":{"line":10,"column":4},"end":{"line":18,"column":null}},{"start":{},"end":{}}],"line":10},"1":{"loc":{"start":{"line":10,"column":8},"end":{"line":10,"column":82}},"type":"binary-expr","locations":[{"start":{"line":10,"column":8},"end":{"line":10,"column":42}},{"start":{"line":10,"column":46},"end":{"line":10,"column":82}}],"line":10},"2":{"loc":{"start":{"line":28,"column":22},"end":{"line":28,"column":71}},"type":"binary-expr","locations":[{"start":{"line":28,"column":22},"end":{"line":28,"column":43}},{"start":{"line":28,"column":47},"end":{"line":28,"column":71}}],"line":28},"3":{"loc":{"start":{"line":30,"column":23},"end":{"line":30,"column":78}},"type":"cond-expr","locations":[{"start":{"line":30,"column":35},"end":{"line":30,"column":73}},{"start":{"line":30,"column":76},"end":{"line":30,"column":78}}],"line":30},"4":{"loc":{"start":{"line":38,"column":8},"end":{"line":41,"column":null}},"type":"if","locations":[{"start":{"line":38,"column":8},"end":{"line":41,"column":null}},{"start":{},"end":{}}],"line":38},"5":{"loc":{"start":{"line":66,"column":4},"end":{"line":69,"column":null}},"type":"if","locations":[{"start":{"line":66,"column":4},"end":{"line":69,"column":null}},{"start":{},"end":{}}],"line":66},"6":{"loc":{"start":{"line":73,"column":4},"end":{"line":80,"column":null}},"type":"if","locations":[{"start":{"line":73,"column":4},"end":{"line":80,"column":null}},{"start":{"line":77,"column":11},"end":{"line":80,"column":null}}],"line":73},"7":{"loc":{"start":{"line":88,"column":9},"end":{"line":88,"column":45}},"type":"cond-expr","locations":[{"start":{"line":88,"column":33},"end":{"line":88,"column":38}},{"start":{"line":88,"column":41},"end":{"line":88,"column":45}}],"line":88},"8":{"loc":{"start":{"line":88,"column":9},"end":{"line":88,"column":30}},"type":"binary-expr","locations":[{"start":{"line":88,"column":9},"end":{"line":88,"column":21}},{"start":{"line":88,"column":25},"end":{"line":88,"column":30}}],"line":88},"9":{"loc":{"start":{"line":92,"column":2},"end":{"line":92,"column":null}},"type":"if","locations":[{"start":{"line":92,"column":2},"end":{"line":92,"column":null}},{"start":{},"end":{}}],"line":92},"10":{"loc":{"start":{"line":94,"column":4},"end":{"line":100,"column":null}},"type":"if","locations":[{"start":{"line":94,"column":4},"end":{"line":100,"column":null}},{"start":{"line":96,"column":11},"end":{"line":100,"column":null}}],"line":94},"11":{"loc":{"start":{"line":109,"column":4},"end":{"line":112,"column":null}},"type":"if","locations":[{"start":{"line":109,"column":4},"end":{"line":112,"column":null}},{"start":{},"end":{}}],"line":109},"12":{"loc":{"start":{"line":109,"column":8},"end":{"line":109,"column":27}},"type":"binary-expr","locations":[{"start":{"line":109,"column":8},"end":{"line":109,"column":13}},{"start":{"line":109,"column":17},"end":{"line":109,"column":27}}],"line":109}},"s":{"0":2,"1":2,"2":0,"3":0,"4":0,"5":0,"6":0,"7":0,"8":0,"9":0,"10":0,"11":0,"12":0,"13":0,"14":0,"15":0,"16":0,"17":0,"18":0,"19":0,"20":0,"21":0,"22":0,"23":0,"24":0,"25":0,"26":0,"27":0,"28":0,"29":0,"30":0,"31":0,"32":2,"33":0,"34":0,"35":0,"36":0,"37":0,"38":0,"39":0,"40":0,"41":0,"42":0,"43":0,"44":0,"45":0,"46":0,"47":2,"48":0,"49":2,"50":0,"51":0,"52":0,"53":0,"54":0,"55":0,"56":0,"57":0,"58":0,"59":2,"60":0,"61":0,"62":0,"63":0,"64":0},"f":{"0":0,"1":0,"2":0,"3":0,"4":0,"5":0,"6":0,"7":0,"8":0,"9":0,"10":0,"11":0},"b":{"0":[0,0],"1":[0,0],"2":[0,0],"3":[0,0],"4":[0,0],"5":[0,0],"6":[0,0],"7":[0,0],"8":[0,0],"9":[0,0],"10":[0,0],"11":[0,0],"12":[0,0]},"meta":{"lastBranch":13,"lastFunction":12,"lastStatement":65,"seen":{"s:4:12:4:16":0,"s:5:19:5:24":1,"f:8:15:8:31":0,"s:9:2:21:Infinity":2,"b:10:4:18:Infinity:undefined:undefined:undefined:undefined":0,"s:10:4:18:Infinity":3,"b:10:8:10:42:10:46:10:82":1,"s:11:38:11:93":4,"s:12:6:15:Infinity":5,"s:16:6:16:Infinity":6,"s:17:6:17:Infinity":7,"s:20:4:20:Infinity":8,"s:22:2:22:Infinity":9,"f:26:15:26:26":1,"s:27:2:59:Infinity":10,"s:28:22:28:71":11,"b:28:22:28:43:28:47:28:71":2,"s:29:22:29:51":12,"s:30:23:30:78":13,"b:30:35:30:73:30:76:30:78":3,"s:32:4:47:Infinity":14,"f:37:21:37:22":2,"b:38:8:41:Infinity:undefined:undefined:undefined:undefined":4,"s:38:8:41:Infinity":15,"s:39:10:39:Infinity":16,"s:40:10:40:Infinity":17,"s:42:8:42:Infinity":18,"f:44:24:44:25":3,"s:45:8:45:Infinity":19,"s:49:4:49:Infinity":20,"f:49:24:49:25":4,"s:49:30:49:75":21,"s:50:4:50:Infinity":22,"f:50:22:50:23":5,"s:50:31:50:95":23,"s:51:4:51:Infinity":24,"f:51:22:51:23":6,"s:51:28:51:68":25,"s:52:4:52:Infinity":26,"f:52:29:52:30":7,"s:52:35:52:83":27,"s:54:4:54:Infinity":28,"s:55:4:55:Infinity":29,"s:57:4:57:Infinity":30,"s:58:4:58:Infinity":31,"s:62:28:85:1":32,"f:62:28:62:33":8,"s:63:2:84:Infinity":33,"s:65:27:65:51":34,"b:66:4:69:Infinity:undefined:undefined:undefined:undefined":5,"s:66:4:69:Infinity":35,"s:67:6:67:Infinity":36,"s:68:6:68:Infinity":37,"s:72:27:72:46":38,"b:73:4:80:Infinity:77:11:80:Infinity":6,"s:73:4:80:Infinity":39,"s:74:6:74:Infinity":40,"s:75:6:75:Infinity":41,"s:76:6:76:Infinity":42,"s:78:6:78:Infinity":43,"s:79:6:79:Infinity":44,"s:82:4:82:Infinity":45,"s:83:4:83:Infinity":46,"s:87:24:89:1":47,"f:87:24:87:25":9,"s:88:2:88:Infinity":48,"b:88:33:88:38:88:41:88:45":7,"b:88:9:88:21:88:25:88:30":8,"s:91:32:105:1":49,"f:91:32:91:37":10,"b:92:2:92:Infinity:undefined:undefined:undefined:undefined":9,"s:92:2:92:Infinity":50,"s:92:19:92:Infinity":51,"s:93:2:104:Infinity":52,"b:94:4:100:Infinity:96:11:100:Infinity":10,"s:94:4:100:Infinity":53,"s:95:6:95:Infinity":54,"s:98:6:98:Infinity":55,"s:99:6:99:Infinity":56,"s:101:4:101:Infinity":57,"s:103:4:103:Infinity":58,"s:107:29:116:1":59,"f:107:29:107:34":11,"s:108:2:115:Infinity":60,"b:109:4:112:Infinity:undefined:undefined:undefined:undefined":11,"s:109:4:112:Infinity":61,"b:109:8:109:13:109:17:109:27":12,"s:110:6:110:Infinity":62,"s:111:6:111:Infinity":63,"s:114:4:114:Infinity":64},"fnNames":{}}}
,"/Users/a7206035376/Documents/Projects/GhostKitchen/food-delivery-backend/src/middlewares/auth.middleware.js": {"path":"/Users/a7206035376/Documents/Projects/GhostKitchen/food-delivery-backend/src/middlewares/auth.middleware.js","statementMap":{"0":{"start":{"line":4,"column":28},"end":{"line":43,"column":1}},"1":{"start":{"line":5,"column":2},"end":{"line":42,"column":null}},"2":{"start":{"line":7,"column":16},"end":{"line":7,"column":41}},"3":{"start":{"line":10,"column":4},"end":{"line":13,"column":null}},"4":{"start":{"line":11,"column":25},"end":{"line":11,"column":50}},"5":{"start":{"line":12,"column":6},"end":{"line":12,"column":null}},"6":{"start":{"line":12,"column":45},"end":{"line":12,"column":null}},"7":{"start":{"line":15,"column":4},"end":{"line":17,"column":null}},"8":{"start":{"line":16,"column":6},"end":{"line":16,"column":null}},"9":{"start":{"line":20,"column":4},"end":{"line":28,"column":null}},"10":{"start":{"line":21,"column":6},"end":{"line":21,"column":null}},"11":{"start":{"line":23,"column":6},"end":{"line":26,"column":null}},"12":{"start":{"line":25,"column":8},"end":{"line":25,"column":null}},"13":{"start":{"line":27,"column":6},"end":{"line":27,"column":null}},"14":{"start":{"line":30,"column":4},"end":{"line":37,"column":null}},"15":{"start":{"line":39,"column":4},"end":{"line":39,"column":null}},"16":{"start":{"line":41,"column":4},"end":{"line":41,"column":null}},"17":{"start":{"line":46,"column":36},"end":{"line":71,"column":1}},"18":{"start":{"line":47,"column":2},"end":{"line":70,"column":null}},"19":{"start":{"line":48,"column":16},"end":{"line":48,"column":41}},"20":{"start":{"line":49,"column":4},"end":{"line":52,"column":null}},"21":{"start":{"line":50,"column":25},"end":{"line":50,"column":50}},"22":{"start":{"line":51,"column":6},"end":{"line":51,"column":null}},"23":{"start":{"line":51,"column":45},"end":{"line":51,"column":null}},"24":{"start":{"line":53,"column":4},"end":{"line":53,"column":null}},"25":{"start":{"line":53,"column":16},"end":{"line":53,"column":null}},"26":{"start":{"line":54,"column":4},"end":{"line":66,"column":null}},"27":{"start":{"line":55,"column":21},"end":{"line":55,"column":46}},"28":{"start":{"line":56,"column":6},"end":{"line":63,"column":null}},"29":{"start":{"line":67,"column":4},"end":{"line":67,"column":null}},"30":{"start":{"line":69,"column":4},"end":{"line":69,"column":null}},"31":{"start":{"line":73,"column":25},"end":{"line":73,"column":39}}},"fnMap":{"0":{"name":"(anonymous_0)","decl":{"start":{"line":4,"column":28},"end":{"line":4,"column":29}},"loc":{"start":{"line":4,"column":48},"end":{"line":43,"column":1}},"line":4},"1":{"name":"(anonymous_1)","decl":{"start":{"line":46,"column":36},"end":{"line":46,"column":37}},"loc":{"start":{"line":46,"column":56},"end":{"line":71,"column":1}},"line":46}},"branchMap":{"0":{"loc":{"start":{"line":10,"column":4},"end":{"line":13,"column":null}},"type":"if","locations":[{"start":{"line":10,"column":4},"end":{"line":13,"column":null}},{"start":{},"end":{}}],"line":10},"1":{"loc":{"start":{"line":12,"column":6},"end":{"line":12,"column":null}},"type":"if","locations":[{"start":{"line":12,"column":6},"end":{"line":12,"column":null}},{"start":{},"end":{}}],"line":12},"2":{"loc":{"start":{"line":15,"column":4},"end":{"line":17,"column":null}},"type":"if","locations":[{"start":{"line":15,"column":4},"end":{"line":17,"column":null}},{"start":{},"end":{}}],"line":15},"3":{"loc":{"start":{"line":23,"column":6},"end":{"line":26,"column":null}},"type":"if","locations":[{"start":{"line":23,"column":6},"end":{"line":26,"column":null}},{"start":{},"end":{}}],"line":23},"4":{"loc":{"start":{"line":32,"column":13},"end":{"line":32,"column":58}},"type":"binary-expr","locations":[{"start":{"line":32,"column":13},"end":{"line":32,"column":26}},{"start":{"line":32,"column":30},"end":{"line":32,"column":58}}],"line":32},"5":{"loc":{"start":{"line":32,"column":31},"end":{"line":32,"column":57}},"type":"binary-expr","locations":[{"start":{"line":32,"column":31},"end":{"line":32,"column":43}},{"start":{"line":32,"column":47},"end":{"line":32,"column":57}}],"line":32},"6":{"loc":{"start":{"line":33,"column":18},"end":{"line":33,"column":66}},"type":"binary-expr","locations":[{"start":{"line":33,"column":18},"end":{"line":33,"column":36}},{"start":{"line":33,"column":40},"end":{"line":33,"column":52}},{"start":{"line":33,"column":56},"end":{"line":33,"column":66}}],"line":33},"7":{"loc":{"start":{"line":34,"column":12},"end":{"line":34,"column":60}},"type":"binary-expr","locations":[{"start":{"line":34,"column":12},"end":{"line":34,"column":30}},{"start":{"line":34,"column":34},"end":{"line":34,"column":46}},{"start":{"line":34,"column":50},"end":{"line":34,"column":60}}],"line":34},"8":{"loc":{"start":{"line":35,"column":18},"end":{"line":35,"column":44}},"type":"binary-expr","locations":[{"start":{"line":35,"column":18},"end":{"line":35,"column":36}},{"start":{"line":35,"column":40},"end":{"line":35,"column":44}}],"line":35},"9":{"loc":{"start":{"line":36,"column":20},"end":{"line":36,"column":48}},"type":"binary-expr","locations":[{"start":{"line":36,"column":20},"end":{"line":36,"column":40}},{"start":{"line":36,"column":44},"end":{"line":36,"column":48}}],"line":36},"10":{"loc":{"start":{"line":49,"column":4},"end":{"line":52,"column":null}},"type":"if","locations":[{"start":{"line":49,"column":4},"end":{"line":52,"column":null}},{"start":{},"end":{}}],"line":49},"11":{"loc":{"start":{"line":51,"column":6},"end":{"line":51,"column":null}},"type":"if","locations":[{"start":{"line":51,"column":6},"end":{"line":51,"column":null}},{"start":{},"end":{}}],"line":51},"12":{"loc":{"start":{"line":53,"column":4},"end":{"line":53,"column":null}},"type":"if","locations":[{"start":{"line":53,"column":4},"end":{"line":53,"column":null}},{"start":{},"end":{}}],"line":53},"13":{"loc":{"start":{"line":58,"column":15},"end":{"line":58,"column":60}},"type":"binary-expr","locations":[{"start":{"line":58,"column":15},"end":{"line":58,"column":28}},{"start":{"line":58,"column":32},"end":{"line":58,"column":60}}],"line":58},"14":{"loc":{"start":{"line":58,"column":33},"end":{"line":58,"column":59}},"type":"binary-expr","locations":[{"start":{"line":58,"column":33},"end":{"line":58,"column":45}},{"start":{"line":58,"column":49},"end":{"line":58,"column":59}}],"line":58},"15":{"loc":{"start":{"line":59,"column":20},"end":{"line":59,"column":68}},"type":"binary-expr","locations":[{"start":{"line":59,"column":20},"end":{"line":59,"column":38}},{"start":{"line":59,"column":42},"end":{"line":59,"column":54}},{"start":{"line":59,"column":58},"end":{"line":59,"column":68}}],"line":59},"16":{"loc":{"start":{"line":60,"column":14},"end":{"line":60,"column":62}},"type":"binary-expr","locations":[{"start":{"line":60,"column":14},"end":{"line":60,"column":32}},{"start":{"line":60,"column":36},"end":{"line":60,"column":48}},{"start":{"line":60,"column":52},"end":{"line":60,"column":62}}],"line":60},"17":{"loc":{"start":{"line":61,"column":20},"end":{"line":61,"column":46}},"type":"binary-expr","locations":[{"start":{"line":61,"column":20},"end":{"line":61,"column":38}},{"start":{"line":61,"column":42},"end":{"line":61,"column":46}}],"line":61},"18":{"loc":{"start":{"line":62,"column":22},"end":{"line":62,"column":50}},"type":"binary-expr","locations":[{"start":{"line":62,"column":22},"end":{"line":62,"column":42}},{"start":{"line":62,"column":46},"end":{"line":62,"column":50}}],"line":62}},"s":{"0":1,"1":4,"2":4,"3":4,"4":2,"5":2,"6":1,"7":4,"8":1,"9":3,"10":3,"11":1,"12":0,"13":1,"14":2,"15":4,"16":0,"17":1,"18":0,"19":0,"20":0,"21":0,"22":0,"23":0,"24":0,"25":0,"26":0,"27":0,"28":0,"29":0,"30":0,"31":1},"f":{"0":4,"1":0},"b":{"0":[2,2],"1":[1,1],"2":[1,3],"3":[0,1],"4":[2,0],"5":[0,0],"6":[4,0,0],"7":[4,0,0],"8":[4,2],"9":[4,2],"10":[0,0],"11":[0,0],"12":[0,0],"13":[0,0],"14":[0,0],"15":[0,0,0],"16":[0,0,0],"17":[0,0],"18":[0,0]},"meta":{"lastBranch":19,"lastFunction":2,"lastStatement":32,"seen":{"s:4:28:43:1":0,"f:4:28:4:29":0,"s:5:2:42:Infinity":1,"s:7:16:7:41":2,"b:10:4:13:Infinity:undefined:undefined:undefined:undefined":0,"s:10:4:13:Infinity":3,"s:11:25:11:50":4,"b:12:6:12:Infinity:undefined:undefined:undefined:undefined":1,"s:12:6:12:Infinity":5,"s:12:45:12:Infinity":6,"b:15:4:17:Infinity:undefined:undefined:undefined:undefined":2,"s:15:4:17:Infinity":7,"s:16:6:16:Infinity":8,"s:20:4:28:Infinity":9,"s:21:6:21:Infinity":10,"b:23:6:26:Infinity:undefined:undefined:undefined:undefined":3,"s:23:6:26:Infinity":11,"s:25:8:25:Infinity":12,"s:27:6:27:Infinity":13,"s:30:4:37:Infinity":14,"b:32:13:32:26:32:30:32:58":4,"b:32:31:32:43:32:47:32:57":5,"b:33:18:33:36:33:40:33:52:33:56:33:66":6,"b:34:12:34:30:34:34:34:46:34:50:34:60":7,"b:35:18:35:36:35:40:35:44":8,"b:36:20:36:40:36:44:36:48":9,"s:39:4:39:Infinity":15,"s:41:4:41:Infinity":16,"s:46:36:71:1":17,"f:46:36:46:37":1,"s:47:2:70:Infinity":18,"s:48:16:48:41":19,"b:49:4:52:Infinity:undefined:undefined:undefined:undefined":10,"s:49:4:52:Infinity":20,"s:50:25:50:50":21,"b:51:6:51:Infinity:undefined:undefined:undefined:undefined":11,"s:51:6:51:Infinity":22,"s:51:45:51:Infinity":23,"b:53:4:53:Infinity:undefined:undefined:undefined:undefined":12,"s:53:4:53:Infinity":24,"s:53:16:53:Infinity":25,"s:54:4:66:Infinity":26,"s:55:21:55:46":27,"s:56:6:63:Infinity":28,"b:58:15:58:28:58:32:58:60":13,"b:58:33:58:45:58:49:58:59":14,"b:59:20:59:38:59:42:59:54:59:58:59:68":15,"b:60:14:60:32:60:36:60:48:60:52:60:62":16,"b:61:20:61:38:61:42:61:46":17,"b:62:22:62:42:62:46:62:50":18,"s:67:4:67:Infinity":29,"s:69:4:69:Infinity":30,"s:73:25:73:39":31},"fnNames":{}}}
,"/Users/a7206035376/Documents/Projects/GhostKitchen/food-delivery-backend/src/middlewares/errorHandler.js": {"path":"/Users/a7206035376/Documents/Projects/GhostKitchen/food-delivery-backend/src/middlewares/errorHandler.js","statementMap":{"0":{"start":{"line":4,"column":13},"end":{"line":6,"column":null}},"1":{"start":{"line":4,"column":29},"end":{"line":6,"column":null}},"2":{"start":{"line":5,"column":2},"end":{"line":5,"column":null}},"3":{"start":{"line":8,"column":13},"end":{"line":47,"column":null}},"4":{"start":{"line":9,"column":2},"end":{"line":15,"column":null}},"5":{"start":{"line":18,"column":2},"end":{"line":20,"column":null}},"6":{"start":{"line":19,"column":4},"end":{"line":19,"column":null}},"7":{"start":{"line":22,"column":2},"end":{"line":27,"column":null}},"8":{"start":{"line":23,"column":4},"end":{"line":26,"column":null}},"9":{"start":{"line":29,"column":2},"end":{"line":31,"column":null}},"10":{"start":{"line":30,"column":4},"end":{"line":30,"column":null}},"11":{"start":{"line":32,"column":2},"end":{"line":34,"column":null}},"12":{"start":{"line":33,"column":4},"end":{"line":33,"column":null}},"13":{"start":{"line":35,"column":2},"end":{"line":40,"column":null}},"14":{"start":{"line":36,"column":4},"end":{"line":39,"column":null}},"15":{"start":{"line":42,"column":2},"end":{"line":46,"column":null}}},"fnMap":{"0":{"name":"(anonymous_0)","decl":{"start":{"line":4,"column":13},"end":{"line":4,"column":29}},"loc":{"start":{"line":4,"column":29},"end":{"line":6,"column":null}},"line":4},"1":{"name":"(anonymous_1)","decl":{"start":{"line":4,"column":29},"end":{"line":4,"column":37}},"loc":{"start":{"line":4,"column":56},"end":{"line":6,"column":null}},"line":4},"2":{"name":"(anonymous_2)","decl":{"start":{"line":8,"column":13},"end":{"line":8,"column":35}},"loc":{"start":{"line":8,"column":59},"end":{"line":47,"column":null}},"line":8}},"branchMap":{"0":{"loc":{"start":{"line":18,"column":2},"end":{"line":20,"column":null}},"type":"if","locations":[{"start":{"line":18,"column":2},"end":{"line":20,"column":null}},{"start":{},"end":{}}],"line":18},"1":{"loc":{"start":{"line":22,"column":2},"end":{"line":27,"column":null}},"type":"if","locations":[{"start":{"line":22,"column":2},"end":{"line":27,"column":null}},{"start":{},"end":{}}],"line":22},"2":{"loc":{"start":{"line":29,"column":2},"end":{"line":31,"column":null}},"type":"if","locations":[{"start":{"line":29,"column":2},"end":{"line":31,"column":null}},{"start":{},"end":{}}],"line":29},"3":{"loc":{"start":{"line":32,"column":2},"end":{"line":34,"column":null}},"type":"if","locations":[{"start":{"line":32,"column":2},"end":{"line":34,"column":null}},{"start":{},"end":{}}],"line":32},"4":{"loc":{"start":{"line":35,"column":2},"end":{"line":40,"column":null}},"type":"if","locations":[{"start":{"line":35,"column":2},"end":{"line":40,"column":null}},{"start":{},"end":{}}],"line":35},"5":{"loc":{"start":{"line":43,"column":4},"end":{"line":45,"column":null}},"type":"cond-expr","locations":[{"start":{"line":44,"column":8},"end":{"line":44,"column":null}},{"start":{"line":45,"column":8},"end":{"line":45,"column":null}}],"line":43}},"s":{"0":1,"1":2,"2":2,"3":1,"4":8,"5":8,"6":6,"7":8,"8":2,"9":6,"10":1,"11":5,"12":1,"13":4,"14":1,"15":3},"f":{"0":2,"1":2,"2":8},"b":{"0":[6,2],"1":[2,6],"2":[1,5],"3":[1,4],"4":[1,3],"5":[0,3]},"meta":{"lastBranch":6,"lastFunction":3,"lastStatement":16,"seen":{"s:4:13:6:Infinity":0,"f:4:13:4:29":0,"s:4:29:6:Infinity":1,"f:4:29:4:37":1,"s:5:2:5:Infinity":2,"s:8:13:47:Infinity":3,"f:8:13:8:35":2,"s:9:2:15:Infinity":4,"b:18:2:20:Infinity:undefined:undefined:undefined:undefined":0,"s:18:2:20:Infinity":5,"s:19:4:19:Infinity":6,"b:22:2:27:Infinity:undefined:undefined:undefined:undefined":1,"s:22:2:27:Infinity":7,"s:23:4:26:Infinity":8,"b:29:2:31:Infinity:undefined:undefined:undefined:undefined":2,"s:29:2:31:Infinity":9,"s:30:4:30:Infinity":10,"b:32:2:34:Infinity:undefined:undefined:undefined:undefined":3,"s:32:2:34:Infinity":11,"s:33:4:33:Infinity":12,"b:35:2:40:Infinity:undefined:undefined:undefined:undefined":4,"s:35:2:40:Infinity":13,"s:36:4:39:Infinity":14,"s:42:2:46:Infinity":15,"b:44:8:44:Infinity:45:8:45:Infinity":5},"fnNames":{}}}
,"/Users/a7206035376/Documents/Projects/GhostKitchen/food-delivery-backend/src/middlewares/requestTracing.middleware.js": {"path":"/Users/a7206035376/Documents/Projects/GhostKitchen/food-delivery-backend/src/middlewares/requestTracing.middleware.js","statementMap":{"0":{"start":{"line":15,"column":40},"end":{"line":35,"column":1}},"1":{"start":{"line":17,"column":2},"end":{"line":17,"column":null}},"2":{"start":{"line":18,"column":2},"end":{"line":18,"column":null}},"3":{"start":{"line":28,"column":2},"end":{"line":32,"column":null}},"4":{"start":{"line":29,"column":21},"end":{"line":29,"column":47}},"5":{"start":{"line":34,"column":2},"end":{"line":34,"column":null}}},"fnMap":{"0":{"name":"(anonymous_0)","decl":{"start":{"line":15,"column":40},"end":{"line":15,"column":41}},"loc":{"start":{"line":15,"column":60},"end":{"line":35,"column":1}},"line":15},"1":{"name":"(anonymous_1)","decl":{"start":{"line":28,"column":19},"end":{"line":28,"column":20}},"loc":{"start":{"line":28,"column":25},"end":{"line":32,"column":3}},"line":28}},"branchMap":{},"s":{"0":1,"1":3,"2":3,"3":3,"4":0,"5":3},"f":{"0":3,"1":0},"b":{},"meta":{"lastBranch":0,"lastFunction":2,"lastStatement":6,"seen":{"s:15:40:35:1":0,"f:15:40:15:41":0,"s:17:2:17:Infinity":1,"s:18:2:18:Infinity":2,"s:28:2:32:Infinity":3,"f:28:19:28:20":1,"s:29:21:29:47":4,"s:34:2:34:Infinity":5},"fnNames":{}}}
,"/Users/a7206035376/Documents/Projects/GhostKitchen/food-delivery-backend/src/middlewares/role.middleware.js": {"path":"/Users/a7206035376/Documents/Projects/GhostKitchen/food-delivery-backend/src/middlewares/role.middleware.js","statementMap":{"0":{"start":{"line":12,"column":30},"end":{"line":32,"column":1}},"1":{"start":{"line":15,"column":16},"end":{"line":15,"column":75}},"2":{"start":{"line":16,"column":2},"end":{"line":31,"column":null}},"3":{"start":{"line":17,"column":4},"end":{"line":19,"column":null}},"4":{"start":{"line":18,"column":6},"end":{"line":18,"column":null}},"5":{"start":{"line":21,"column":4},"end":{"line":28,"column":null}},"6":{"start":{"line":22,"column":6},"end":{"line":27,"column":null}},"7":{"start":{"line":30,"column":4},"end":{"line":30,"column":null}}},"fnMap":{"0":{"name":"(anonymous_0)","decl":{"start":{"line":12,"column":30},"end":{"line":12,"column":31}},"loc":{"start":{"line":12,"column":53},"end":{"line":32,"column":1}},"line":12},"1":{"name":"(anonymous_1)","decl":{"start":{"line":16,"column":9},"end":{"line":16,"column":10}},"loc":{"start":{"line":16,"column":29},"end":{"line":31,"column":3}},"line":16}},"branchMap":{"0":{"loc":{"start":{"line":12,"column":31},"end":{"line":12,"column":48}},"type":"default-arg","locations":[{"start":{"line":12,"column":46},"end":{"line":12,"column":48}}],"line":12},"1":{"loc":{"start":{"line":15,"column":16},"end":{"line":15,"column":75}},"type":"cond-expr","locations":[{"start":{"line":15,"column":46},"end":{"line":15,"column":58}},{"start":{"line":15,"column":61},"end":{"line":15,"column":75}}],"line":15},"2":{"loc":{"start":{"line":17,"column":4},"end":{"line":19,"column":null}},"type":"if","locations":[{"start":{"line":17,"column":4},"end":{"line":19,"column":null}},{"start":{},"end":{}}],"line":17},"3":{"loc":{"start":{"line":21,"column":4},"end":{"line":28,"column":null}},"type":"if","locations":[{"start":{"line":21,"column":4},"end":{"line":28,"column":null}},{"start":{},"end":{}}],"line":21}},"s":{"0":2,"1":12,"2":12,"3":12,"4":2,"5":10,"6":6,"7":4},"f":{"0":12,"1":12},"b":{"0":[12],"1":[12,0],"2":[2,10],"3":[6,4]},"meta":{"lastBranch":4,"lastFunction":2,"lastStatement":8,"seen":{"s:12:30:32:1":0,"f:12:30:12:31":0,"b:12:46:12:48":0,"s:15:16:15:75":1,"b:15:46:15:58:15:61:15:75":1,"s:16:2:31:Infinity":2,"f:16:9:16:10":1,"b:17:4:19:Infinity:undefined:undefined:undefined:undefined":2,"s:17:4:19:Infinity":3,"s:18:6:18:Infinity":4,"b:21:4:28:Infinity:undefined:undefined:undefined:undefined":3,"s:21:4:28:Infinity":5,"s:22:6:27:Infinity":6,"s:30:4:30:Infinity":7},"fnNames":{}}}
,"/Users/a7206035376/Documents/Projects/GhostKitchen/food-delivery-backend/src/middlewares/sanitize.middleware.js": {"path":"/Users/a7206035376/Documents/Projects/GhostKitchen/food-delivery-backend/src/middlewares/sanitize.middleware.js","statementMap":{"0":{"start":{"line":4,"column":2},"end":{"line":6,"column":null}},"1":{"start":{"line":5,"column":4},"end":{"line":5,"column":null}},"2":{"start":{"line":7,"column":2},"end":{"line":7,"column":null}}},"fnMap":{"0":{"name":"sanitizeBody","decl":{"start":{"line":3,"column":16},"end":{"line":3,"column":28}},"loc":{"start":{"line":3,"column":45},"end":{"line":8,"column":null}},"line":3}},"branchMap":{"0":{"loc":{"start":{"line":4,"column":2},"end":{"line":6,"column":null}},"type":"if","locations":[{"start":{"line":4,"column":2},"end":{"line":6,"column":null}},{"start":{},"end":{}}],"line":4},"1":{"loc":{"start":{"line":4,"column":6},"end":{"line":4,"column":46}},"type":"binary-expr","locations":[{"start":{"line":4,"column":6},"end":{"line":4,"column":14}},{"start":{"line":4,"column":18},"end":{"line":4,"column":46}}],"line":4}},"s":{"0":5,"1":4,"2":5},"f":{"0":5},"b":{"0":[4,1],"1":[5,4]},"meta":{"lastBranch":2,"lastFunction":1,"lastStatement":3,"seen":{"f:3:16:3:28":0,"b:4:2:6:Infinity:undefined:undefined:undefined:undefined":0,"s:4:2:6:Infinity":0,"b:4:6:4:14:4:18:4:46":1,"s:5:4:5:Infinity":1,"s:7:2:7:Infinity":2},"fnNames":{}}}
,"/Users/a7206035376/Documents/Projects/GhostKitchen/food-delivery-backend/src/modules/admin/admin.service.js": {"path":"/Users/a7206035376/Documents/Projects/GhostKitchen/food-delivery-backend/src/modules/admin/admin.service.js","statementMap":{"0":{"start":{"line":9,"column":33},"end":{"line":9,"column":79}},"1":{"start":{"line":11,"column":22},"end":{"line":15,"column":1}},"2":{"start":{"line":17,"column":28},"end":{"line":43,"column":1}},"3":{"start":{"line":18,"column":2},"end":{"line":42,"column":null}},"4":{"start":{"line":19,"column":18},"end":{"line":19,"column":20}},"5":{"start":{"line":21,"column":4},"end":{"line":21,"column":null}},"6":{"start":{"line":21,"column":24},"end":{"line":21,"column":null}},"7":{"start":{"line":22,"column":4},"end":{"line":22,"column":null}},"8":{"start":{"line":22,"column":30},"end":{"line":22,"column":null}},"9":{"start":{"line":23,"column":4},"end":{"line":23,"column":null}},"10":{"start":{"line":23,"column":24},"end":{"line":23,"column":null}},"11":{"start":{"line":24,"column":4},"end":{"line":28,"column":null}},"12":{"start":{"line":25,"column":6},"end":{"line":25,"column":null}},"13":{"start":{"line":26,"column":6},"end":{"line":26,"column":null}},"14":{"start":{"line":26,"column":29},"end":{"line":26,"column":null}},"15":{"start":{"line":27,"column":6},"end":{"line":27,"column":null}},"16":{"start":{"line":27,"column":27},"end":{"line":27,"column":null}},"17":{"start":{"line":30,"column":19},"end":{"line":35,"column":6}},"18":{"start":{"line":37,"column":4},"end":{"line":37,"column":null}},"19":{"start":{"line":38,"column":4},"end":{"line":38,"column":null}},"20":{"start":{"line":40,"column":4},"end":{"line":40,"column":null}},"21":{"start":{"line":41,"column":4},"end":{"line":41,"column":null}},"22":{"start":{"line":45,"column":28},"end":{"line":53,"column":1}},"23":{"start":{"line":46,"column":16},"end":{"line":49,"column":4}},"24":{"start":{"line":51,"column":2},"end":{"line":51,"column":null}},"25":{"start":{"line":51,"column":14},"end":{"line":51,"column":null}},"26":{"start":{"line":52,"column":2},"end":{"line":52,"column":null}},"27":{"start":{"line":55,"column":33},"end":{"line":99,"column":1}},"28":{"start":{"line":56,"column":24},"end":{"line":56,"column":106}},"29":{"start":{"line":57,"column":17},"end":{"line":57,"column":40}},"30":{"start":{"line":59,"column":2},"end":{"line":61,"column":null}},"31":{"start":{"line":60,"column":4},"end":{"line":60,"column":null}},"32":{"start":{"line":63,"column":16},"end":{"line":69,"column":4}},"33":{"start":{"line":70,"column":2},"end":{"line":70,"column":null}},"34":{"start":{"line":70,"column":14},"end":{"line":70,"column":null}},"35":{"start":{"line":72,"column":27},"end":{"line":72,"column":53}},"36":{"start":{"line":73,"column":22},"end":{"line":73,"column":68}},"37":{"start":{"line":74,"column":28},"end":{"line":76,"column":29}},"38":{"start":{"line":78,"column":21},"end":{"line":82,"column":3}},"39":{"start":{"line":84,"column":23},"end":{"line":88,"column":4}},"40":{"start":{"line":90,"column":1},"end":{"line":95,"column":null}},"41":{"start":{"line":97,"column":2},"end":{"line":97,"column":null}},"42":{"start":{"line":98,"column":2},"end":{"line":98,"column":null}},"43":{"start":{"line":101,"column":27},"end":{"line":116,"column":1}},"44":{"start":{"line":102,"column":16},"end":{"line":102,"column":73}},"45":{"start":{"line":103,"column":2},"end":{"line":103,"column":null}},"46":{"start":{"line":103,"column":14},"end":{"line":103,"column":null}},"47":{"start":{"line":104,"column":2},"end":{"line":104,"column":null}},"48":{"start":{"line":104,"column":36},"end":{"line":104,"column":null}},"49":{"start":{"line":106,"column":25},"end":{"line":110,"column":4}},"50":{"start":{"line":112,"column":1},"end":{"line":112,"column":null}},"51":{"start":{"line":114,"column":2},"end":{"line":114,"column":null}},"52":{"start":{"line":115,"column":2},"end":{"line":115,"column":null}},"53":{"start":{"line":118,"column":28},"end":{"line":194,"column":1}},"54":{"start":{"line":119,"column":14},"end":{"line":119,"column":24}},"55":{"start":{"line":120,"column":20},"end":{"line":120,"column":33}},"56":{"start":{"line":121,"column":2},"end":{"line":121,"column":null}},"57":{"start":{"line":122,"column":2},"end":{"line":122,"column":null}},"58":{"start":{"line":124,"column":41},"end":{"line":142,"column":4}},"59":{"start":{"line":145,"column":17},"end":{"line":145,"column":26}},"60":{"start":{"line":146,"column":2},"end":{"line":151,"column":null}},"61":{"start":{"line":146,"column":15},"end":{"line":146,"column":16}},"62":{"start":{"line":147,"column":14},"end":{"line":147,"column":33}},"63":{"start":{"line":148,"column":4},"end":{"line":148,"column":null}},"64":{"start":{"line":149,"column":16},"end":{"line":149,"column":44}},"65":{"start":{"line":150,"column":4},"end":{"line":150,"column":null}},"66":{"start":{"line":152,"column":2},"end":{"line":158,"column":null}},"67":{"start":{"line":153,"column":16},"end":{"line":153,"column":54}},"68":{"start":{"line":154,"column":19},"end":{"line":154,"column":34}},"69":{"start":{"line":155,"column":4},"end":{"line":155,"column":null}},"70":{"start":{"line":155,"column":17},"end":{"line":155,"column":null}},"71":{"start":{"line":156,"column":4},"end":{"line":156,"column":null}},"72":{"start":{"line":157,"column":4},"end":{"line":157,"column":null}},"73":{"start":{"line":157,"column":34},"end":{"line":157,"column":null}},"74":{"start":{"line":160,"column":16},"end":{"line":160,"column":43}},"75":{"start":{"line":163,"column":26},"end":{"line":163,"column":28}},"76":{"start":{"line":164,"column":2},"end":{"line":166,"column":null}},"77":{"start":{"line":165,"column":4},"end":{"line":165,"column":null}},"78":{"start":{"line":169,"column":24},"end":{"line":169,"column":68}},"79":{"start":{"line":169,"column":53},"end":{"line":169,"column":67}},"80":{"start":{"line":170,"column":22},"end":{"line":173,"column":4}},"81":{"start":{"line":174,"column":19},"end":{"line":174,"column":66}},"82":{"start":{"line":174,"column":50},"end":{"line":174,"column":64}},"83":{"start":{"line":175,"column":25},"end":{"line":180,"column":5}},"84":{"start":{"line":175,"column":55},"end":{"line":180,"column":3}},"85":{"start":{"line":182,"column":23},"end":{"line":184,"column":45}},"86":{"start":{"line":183,"column":19},"end":{"line":183,"column":43}},"87":{"start":{"line":184,"column":22},"end":{"line":184,"column":41}},"88":{"start":{"line":185,"column":22},"end":{"line":185,"column":38}},"89":{"start":{"line":186,"column":26},"end":{"line":186,"column":82}},"90":{"start":{"line":186,"column":50},"end":{"line":186,"column":74}},"91":{"start":{"line":188,"column":2},"end":{"line":193,"column":null}},"92":{"start":{"line":196,"column":33},"end":{"line":245,"column":1}},"93":{"start":{"line":197,"column":16},"end":{"line":199,"column":3}},"94":{"start":{"line":200,"column":2},"end":{"line":200,"column":null}},"95":{"start":{"line":200,"column":52},"end":{"line":200,"column":null}},"96":{"start":{"line":201,"column":2},"end":{"line":206,"column":null}},"97":{"start":{"line":202,"column":4},"end":{"line":205,"column":null}},"98":{"start":{"line":208,"column":26},"end":{"line":224,"column":4}},"99":{"start":{"line":227,"column":19},"end":{"line":227,"column":42}},"100":{"start":{"line":227,"column":37},"end":{"line":227,"column":41}},"101":{"start":{"line":228,"column":26},"end":{"line":232,"column":4}},"102":{"start":{"line":233,"column":23},"end":{"line":233,"column":84}},"103":{"start":{"line":233,"column":58},"end":{"line":233,"column":82}},"104":{"start":{"line":235,"column":2},"end":{"line":244,"column":null}},"105":{"start":{"line":236,"column":31},"end":{"line":240,"column":5}},"106":{"start":{"line":247,"column":29},"end":{"line":290,"column":1}},"107":{"start":{"line":248,"column":2},"end":{"line":289,"column":null}},"108":{"start":{"line":249,"column":18},"end":{"line":249,"column":28}},"109":{"start":{"line":250,"column":4},"end":{"line":250,"column":null}},"110":{"start":{"line":251,"column":21},"end":{"line":251,"column":36}},"111":{"start":{"line":252,"column":4},"end":{"line":252,"column":null}},"112":{"start":{"line":253,"column":27},"end":{"line":253,"column":64}},"113":{"start":{"line":256,"column":6},"end":{"line":270,"column":null}},"114":{"start":{"line":272,"column":4},"end":{"line":285,"column":null}},"115":{"start":{"line":278,"column":43},"end":{"line":284,"column":7}},"116":{"start":{"line":287,"column":4},"end":{"line":287,"column":null}},"117":{"start":{"line":288,"column":4},"end":{"line":288,"column":null}},"118":{"start":{"line":292,"column":24},"end":{"line":310,"column":1}},"119":{"start":{"line":293,"column":16},"end":{"line":293,"column":null}},"120":{"start":{"line":294,"column":2},"end":{"line":294,"column":null}},"121":{"start":{"line":294,"column":12},"end":{"line":294,"column":null}},"122":{"start":{"line":295,"column":2},"end":{"line":298,"column":null}},"123":{"start":{"line":295,"column":14},"end":{"line":298,"column":null}},"124":{"start":{"line":299,"column":25},"end":{"line":308,"column":null}},"125":{"start":{"line":309,"column":2},"end":{"line":309,"column":null}},"126":{"start":{"line":312,"column":30},"end":{"line":329,"column":1}},"127":{"start":{"line":313,"column":16},"end":{"line":313,"column":null}},"128":{"start":{"line":314,"column":2},"end":{"line":314,"column":null}},"129":{"start":{"line":314,"column":14},"end":{"line":314,"column":null}},"130":{"start":{"line":315,"column":31},"end":{"line":327,"column":null}},"131":{"start":{"line":328,"column":2},"end":{"line":328,"column":null}},"132":{"start":{"line":331,"column":32},"end":{"line":369,"column":1}},"133":{"start":{"line":332,"column":16},"end":{"line":332,"column":18}},"134":{"start":{"line":333,"column":2},"end":{"line":333,"column":null}},"135":{"start":{"line":333,"column":14},"end":{"line":333,"column":null}},"136":{"start":{"line":334,"column":28},"end":{"line":342,"column":4}},"137":{"start":{"line":344,"column":43},"end":{"line":357,"column":4}},"138":{"start":{"line":346,"column":57},"end":{"line":346,"column":69}},"139":{"start":{"line":350,"column":57},"end":{"line":350,"column":71}},"140":{"start":{"line":354,"column":52},"end":{"line":354,"column":63}},"141":{"start":{"line":358,"column":23},"end":{"line":358,"column":68}},"142":{"start":{"line":358,"column":52},"end":{"line":358,"column":66}},"143":{"start":{"line":359,"column":25},"end":{"line":359,"column":72}},"144":{"start":{"line":359,"column":56},"end":{"line":359,"column":70}},"145":{"start":{"line":360,"column":22},"end":{"line":360,"column":69}},"146":{"start":{"line":360,"column":48},"end":{"line":360,"column":67}},"147":{"start":{"line":362,"column":19},"end":{"line":367,"column":5}},"148":{"start":{"line":362,"column":40},"end":{"line":367,"column":3}},"149":{"start":{"line":368,"column":2},"end":{"line":368,"column":null}},"150":{"start":{"line":371,"column":31},"end":{"line":381,"column":1}},"151":{"start":{"line":372,"column":27},"end":{"line":379,"column":4}},"152":{"start":{"line":380,"column":2},"end":{"line":380,"column":null}},"153":{"start":{"line":383,"column":33},"end":{"line":397,"column":1}},"154":{"start":{"line":384,"column":2},"end":{"line":396,"column":null}},"155":{"start":{"line":399,"column":33},"end":{"line":411,"column":1}},"156":{"start":{"line":400,"column":15},"end":{"line":400,"column":17}},"157":{"start":{"line":401,"column":2},"end":{"line":401,"column":null}},"158":{"start":{"line":401,"column":20},"end":{"line":401,"column":null}},"159":{"start":{"line":402,"column":2},"end":{"line":402,"column":null}},"160":{"start":{"line":402,"column":41},"end":{"line":402,"column":null}},"161":{"start":{"line":403,"column":2},"end":{"line":403,"column":null}},"162":{"start":{"line":403,"column":28},"end":{"line":403,"column":null}},"163":{"start":{"line":404,"column":2},"end":{"line":404,"column":null}},"164":{"start":{"line":404,"column":43},"end":{"line":404,"column":null}},"165":{"start":{"line":405,"column":2},"end":{"line":405,"column":null}},"166":{"start":{"line":405,"column":38},"end":{"line":405,"column":null}},"167":{"start":{"line":406,"column":2},"end":{"line":406,"column":null}},"168":{"start":{"line":406,"column":37},"end":{"line":406,"column":null}},"169":{"start":{"line":407,"column":2},"end":{"line":407,"column":null}},"170":{"start":{"line":407,"column":25},"end":{"line":407,"column":null}},"171":{"start":{"line":408,"column":2},"end":{"line":408,"column":null}},"172":{"start":{"line":408,"column":38},"end":{"line":408,"column":null}},"173":{"start":{"line":409,"column":2},"end":{"line":409,"column":null}},"174":{"start":{"line":409,"column":42},"end":{"line":409,"column":null}},"175":{"start":{"line":410,"column":2},"end":{"line":410,"column":null}},"176":{"start":{"line":413,"column":33},"end":{"line":415,"column":1}},"177":{"start":{"line":414,"column":2},"end":{"line":414,"column":null}},"178":{"start":{"line":417,"column":30},"end":{"line":423,"column":1}},"179":{"start":{"line":418,"column":2},"end":{"line":422,"column":null}},"180":{"start":{"line":425,"column":33},"end":{"line":432,"column":1}},"181":{"start":{"line":426,"column":12},"end":{"line":426,"column":94}},"182":{"start":{"line":427,"column":2},"end":{"line":427,"column":null}},"183":{"start":{"line":427,"column":10},"end":{"line":427,"column":null}},"184":{"start":{"line":428,"column":2},"end":{"line":431,"column":null}},"185":{"start":{"line":434,"column":37},"end":{"line":440,"column":1}},"186":{"start":{"line":435,"column":2},"end":{"line":439,"column":null}},"187":{"start":{"line":442,"column":37},"end":{"line":471,"column":1}},"188":{"start":{"line":443,"column":16},"end":{"line":446,"column":4}},"189":{"start":{"line":447,"column":2},"end":{"line":447,"column":null}},"190":{"start":{"line":447,"column":14},"end":{"line":447,"column":null}},"191":{"start":{"line":449,"column":16},"end":{"line":452,"column":4}},"192":{"start":{"line":454,"column":27},"end":{"line":454,"column":106}},"193":{"start":{"line":456,"column":23},"end":{"line":460,"column":4}},"194":{"start":{"line":462,"column":1},"end":{"line":467,"column":null}},"195":{"start":{"line":469,"column":2},"end":{"line":469,"column":null}},"196":{"start":{"line":470,"column":2},"end":{"line":470,"column":null}},"197":{"start":{"line":475,"column":35},"end":{"line":494,"column":1}},"198":{"start":{"line":476,"column":21},"end":{"line":491,"column":4}},"199":{"start":{"line":492,"column":2},"end":{"line":492,"column":null}},"200":{"start":{"line":492,"column":19},"end":{"line":492,"column":null}},"201":{"start":{"line":493,"column":2},"end":{"line":493,"column":null}},"202":{"start":{"line":496,"column":32},"end":{"line":504,"column":1}},"203":{"start":{"line":497,"column":17},"end":{"line":497,"column":19}},"204":{"start":{"line":498,"column":2},"end":{"line":498,"column":null}},"205":{"start":{"line":498,"column":31},"end":{"line":498,"column":null}},"206":{"start":{"line":499,"column":2},"end":{"line":499,"column":null}},"207":{"start":{"line":499,"column":38},"end":{"line":499,"column":null}},"208":{"start":{"line":500,"column":2},"end":{"line":500,"column":null}},"209":{"start":{"line":500,"column":33},"end":{"line":500,"column":null}},"210":{"start":{"line":501,"column":2},"end":{"line":501,"column":null}},"211":{"start":{"line":501,"column":35},"end":{"line":501,"column":null}},"212":{"start":{"line":502,"column":2},"end":{"line":502,"column":null}},"213":{"start":{"line":502,"column":36},"end":{"line":502,"column":null}},"214":{"start":{"line":503,"column":2},"end":{"line":503,"column":null}},"215":{"start":{"line":508,"column":28},"end":{"line":522,"column":1}},"216":{"start":{"line":509,"column":16},"end":{"line":509,"column":18}},"217":{"start":{"line":510,"column":2},"end":{"line":510,"column":null}},"218":{"start":{"line":510,"column":20},"end":{"line":510,"column":null}},"219":{"start":{"line":511,"column":25},"end":{"line":520,"column":4}},"220":{"start":{"line":521,"column":2},"end":{"line":521,"column":null}},"221":{"start":{"line":524,"column":30},"end":{"line":539,"column":1}},"222":{"start":{"line":525,"column":2},"end":{"line":538,"column":null}},"223":{"start":{"line":541,"column":30},"end":{"line":553,"column":1}},"224":{"start":{"line":542,"column":17},"end":{"line":542,"column":19}},"225":{"start":{"line":543,"column":2},"end":{"line":543,"column":null}},"226":{"start":{"line":543,"column":31},"end":{"line":543,"column":null}},"227":{"start":{"line":544,"column":2},"end":{"line":544,"column":null}},"228":{"start":{"line":544,"column":38},"end":{"line":544,"column":null}},"229":{"start":{"line":545,"column":2},"end":{"line":545,"column":null}},"230":{"start":{"line":545,"column":32},"end":{"line":545,"column":null}},"231":{"start":{"line":546,"column":2},"end":{"line":546,"column":null}},"232":{"start":{"line":546,"column":35},"end":{"line":546,"column":null}},"233":{"start":{"line":547,"column":2},"end":{"line":547,"column":null}},"234":{"start":{"line":547,"column":35},"end":{"line":547,"column":null}},"235":{"start":{"line":548,"column":2},"end":{"line":548,"column":null}},"236":{"start":{"line":548,"column":32},"end":{"line":548,"column":null}},"237":{"start":{"line":549,"column":2},"end":{"line":549,"column":null}},"238":{"start":{"line":549,"column":38},"end":{"line":549,"column":null}},"239":{"start":{"line":550,"column":2},"end":{"line":550,"column":null}},"240":{"start":{"line":550,"column":39},"end":{"line":550,"column":null}},"241":{"start":{"line":551,"column":2},"end":{"line":551,"column":null}},"242":{"start":{"line":551,"column":36},"end":{"line":551,"column":null}},"243":{"start":{"line":552,"column":2},"end":{"line":552,"column":null}},"244":{"start":{"line":555,"column":30},"end":{"line":557,"column":1}},"245":{"start":{"line":556,"column":2},"end":{"line":556,"column":null}},"246":{"start":{"line":561,"column":26},"end":{"line":580,"column":1}},"247":{"start":{"line":562,"column":27},"end":{"line":578,"column":4}},"248":{"start":{"line":579,"column":2},"end":{"line":579,"column":null}},"249":{"start":{"line":582,"column":28},"end":{"line":584,"column":1}},"250":{"start":{"line":583,"column":2},"end":{"line":583,"column":null}},"251":{"start":{"line":588,"column":27},"end":{"line":602,"column":1}},"252":{"start":{"line":589,"column":16},"end":{"line":589,"column":18}},"253":{"start":{"line":590,"column":2},"end":{"line":590,"column":null}},"254":{"start":{"line":590,"column":14},"end":{"line":590,"column":null}},"255":{"start":{"line":591,"column":2},"end":{"line":591,"column":null}},"256":{"start":{"line":591,"column":14},"end":{"line":591,"column":null}},"257":{"start":{"line":592,"column":27},"end":{"line":600,"column":4}},"258":{"start":{"line":601,"column":2},"end":{"line":601,"column":null}},"259":{"start":{"line":606,"column":20},"end":{"line":606,"column":137}},"260":{"start":{"line":608,"column":26},"end":{"line":613,"column":1}},"261":{"start":{"line":609,"column":17},"end":{"line":609,"column":19}},"262":{"start":{"line":610,"column":2},"end":{"line":610,"column":null}},"263":{"start":{"line":610,"column":31},"end":{"line":610,"column":null}},"264":{"start":{"line":611,"column":2},"end":{"line":611,"column":null}},"265":{"start":{"line":611,"column":32},"end":{"line":611,"column":null}},"266":{"start":{"line":612,"column":2},"end":{"line":612,"column":null}},"267":{"start":{"line":615,"column":25},"end":{"line":625,"column":1}},"268":{"start":{"line":616,"column":20},"end":{"line":616,"column":54}},"269":{"start":{"line":617,"column":15},"end":{"line":621,"column":4}},"270":{"start":{"line":623,"column":2},"end":{"line":623,"column":null}},"271":{"start":{"line":623,"column":17},"end":{"line":623,"column":null}},"272":{"start":{"line":624,"column":2},"end":{"line":624,"column":null}},"273":{"start":{"line":627,"column":30},"end":{"line":640,"column":1}},"274":{"start":{"line":628,"column":21},"end":{"line":628,"column":68}},"275":{"start":{"line":629,"column":2},"end":{"line":629,"column":null}},"276":{"start":{"line":629,"column":34},"end":{"line":629,"column":null}},"277":{"start":{"line":631,"column":15},"end":{"line":631,"column":87}},"278":{"start":{"line":632,"column":2},"end":{"line":632,"column":null}},"279":{"start":{"line":632,"column":13},"end":{"line":632,"column":null}},"280":{"start":{"line":634,"column":16},"end":{"line":634,"column":58}},"281":{"start":{"line":635,"column":2},"end":{"line":639,"column":null}},"282":{"start":{"line":642,"column":25},"end":{"line":649,"column":1}},"283":{"start":{"line":643,"column":21},"end":{"line":643,"column":68}},"284":{"start":{"line":644,"column":2},"end":{"line":644,"column":null}},"285":{"start":{"line":644,"column":34},"end":{"line":644,"column":null}},"286":{"start":{"line":645,"column":15},"end":{"line":645,"column":87}},"287":{"start":{"line":646,"column":2},"end":{"line":646,"column":null}},"288":{"start":{"line":646,"column":13},"end":{"line":646,"column":null}},"289":{"start":{"line":647,"column":16},"end":{"line":647,"column":58}},"290":{"start":{"line":648,"column":2},"end":{"line":648,"column":null}},"291":{"start":{"line":651,"column":26},"end":{"line":658,"column":1}},"292":{"start":{"line":652,"column":2},"end":{"line":652,"column":null}},"293":{"start":{"line":652,"column":27},"end":{"line":652,"column":null}},"294":{"start":{"line":653,"column":15},"end":{"line":653,"column":105}},"295":{"start":{"line":654,"column":2},"end":{"line":654,"column":null}},"296":{"start":{"line":654,"column":13},"end":{"line":654,"column":null}},"297":{"start":{"line":655,"column":16},"end":{"line":655,"column":52}},"298":{"start":{"line":655,"column":41},"end":{"line":655,"column":51}},"299":{"start":{"line":656,"column":21},"end":{"line":656,"column":97}},"300":{"start":{"line":657,"column":2},"end":{"line":657,"column":null}},"301":{"start":{"line":660,"column":30},"end":{"line":662,"column":1}},"302":{"start":{"line":661,"column":2},"end":{"line":661,"column":null}},"303":{"start":{"line":664,"column":27},"end":{"line":669,"column":1}},"304":{"start":{"line":665,"column":22},"end":{"line":665,"column":60}},"305":{"start":{"line":666,"column":15},"end":{"line":666,"column":102}},"306":{"start":{"line":667,"column":2},"end":{"line":667,"column":null}},"307":{"start":{"line":667,"column":19},"end":{"line":667,"column":null}},"308":{"start":{"line":668,"column":2},"end":{"line":668,"column":null}},"309":{"start":{"line":673,"column":36},"end":{"line":675,"column":1}},"310":{"start":{"line":674,"column":2},"end":{"line":674,"column":null}},"311":{"start":{"line":679,"column":30},"end":{"line":688,"column":1}},"312":{"start":{"line":680,"column":16},"end":{"line":680,"column":18}},"313":{"start":{"line":681,"column":2},"end":{"line":681,"column":null}},"314":{"start":{"line":681,"column":14},"end":{"line":681,"column":null}},"315":{"start":{"line":682,"column":2},"end":{"line":682,"column":null}},"316":{"start":{"line":682,"column":14},"end":{"line":682,"column":null}},"317":{"start":{"line":683,"column":2},"end":{"line":687,"column":null}},"318":{"start":{"line":691,"column":2},"end":{"line":691,"column":null}},"319":{"start":{"line":691,"column":41},"end":{"line":691,"column":null}},"320":{"start":{"line":692,"column":14},"end":{"line":692,"column":25}},"321":{"start":{"line":693,"column":2},"end":{"line":695,"column":null}},"322":{"start":{"line":694,"column":4},"end":{"line":694,"column":null}},"323":{"start":{"line":696,"column":2},"end":{"line":696,"column":null}},"324":{"start":{"line":699,"column":29},"end":{"line":705,"column":1}},"325":{"start":{"line":700,"column":18},"end":{"line":700,"column":96}},"326":{"start":{"line":701,"column":15},"end":{"line":703,"column":3}},"327":{"start":{"line":702,"column":4},"end":{"line":702,"column":null}},"328":{"start":{"line":702,"column":23},"end":{"line":702,"column":80}},"329":{"start":{"line":704,"column":2},"end":{"line":704,"column":null}},"330":{"start":{"line":712,"column":30},"end":{"line":823,"column":1}},"331":{"start":{"line":713,"column":23},"end":{"line":713,"column":33}},"332":{"start":{"line":714,"column":2},"end":{"line":714,"column":null}},"333":{"start":{"line":716,"column":58},"end":{"line":739,"column":4}},"334":{"start":{"line":741,"column":24},"end":{"line":741,"column":52}},"335":{"start":{"line":741,"column":47},"end":{"line":741,"column":51}},"336":{"start":{"line":742,"column":19},"end":{"line":742,"column":55}},"337":{"start":{"line":742,"column":45},"end":{"line":742,"column":54}},"338":{"start":{"line":744,"column":65},"end":{"line":766,"column":4}},"339":{"start":{"line":768,"column":24},"end":{"line":768,"column":93}},"340":{"start":{"line":768,"column":62},"end":{"line":768,"column":91}},"341":{"start":{"line":769,"column":23},"end":{"line":769,"column":91}},"342":{"start":{"line":769,"column":60},"end":{"line":769,"column":89}},"343":{"start":{"line":770,"column":25},"end":{"line":770,"column":84}},"344":{"start":{"line":770,"column":58},"end":{"line":770,"column":82}},"345":{"start":{"line":771,"column":24},"end":{"line":771,"column":121}},"346":{"start":{"line":771,"column":58},"end":{"line":771,"column":119}},"347":{"start":{"line":773,"column":2},"end":{"line":822,"column":null}},"348":{"start":{"line":774,"column":41},"end":{"line":783,"column":5}},"349":{"start":{"line":784,"column":39},"end":{"line":794,"column":5}},"350":{"start":{"line":797,"column":19},"end":{"line":797,"column":104}},"351":{"start":{"line":798,"column":22},"end":{"line":798,"column":69}},"352":{"start":{"line":799,"column":22},"end":{"line":799,"column":69}},"353":{"start":{"line":800,"column":6},"end":{"line":820,"column":null}}},"fnMap":{"0":{"name":"(anonymous_0)","decl":{"start":{"line":17,"column":28},"end":{"line":17,"column":33}},"loc":{"start":{"line":17,"column":52},"end":{"line":43,"column":1}},"line":17},"1":{"name":"(anonymous_1)","decl":{"start":{"line":45,"column":28},"end":{"line":45,"column":33}},"loc":{"start":{"line":45,"column":47},"end":{"line":53,"column":1}},"line":45},"2":{"name":"(anonymous_2)","decl":{"start":{"line":55,"column":33},"end":{"line":55,"column":38}},"loc":{"start":{"line":55,"column":78},"end":{"line":99,"column":1}},"line":55},"3":{"name":"(anonymous_3)","decl":{"start":{"line":101,"column":27},"end":{"line":101,"column":32}},"loc":{"start":{"line":101,"column":74},"end":{"line":116,"column":1}},"line":101},"4":{"name":"(anonymous_4)","decl":{"start":{"line":118,"column":28},"end":{"line":118,"column":33}},"loc":{"start":{"line":118,"column":57},"end":{"line":194,"column":1}},"line":118},"5":{"name":"(anonymous_5)","decl":{"start":{"line":169,"column":46},"end":{"line":169,"column":47}},"loc":{"start":{"line":169,"column":53},"end":{"line":169,"column":67}},"line":169},"6":{"name":"(anonymous_6)","decl":{"start":{"line":174,"column":43},"end":{"line":174,"column":44}},"loc":{"start":{"line":174,"column":50},"end":{"line":174,"column":64}},"line":174},"7":{"name":"(anonymous_7)","decl":{"start":{"line":175,"column":47},"end":{"line":175,"column":48}},"loc":{"start":{"line":175,"column":55},"end":{"line":180,"column":3}},"line":175},"8":{"name":"(anonymous_8)","decl":{"start":{"line":183,"column":12},"end":{"line":183,"column":13}},"loc":{"start":{"line":183,"column":19},"end":{"line":183,"column":43}},"line":183},"9":{"name":"(anonymous_9)","decl":{"start":{"line":184,"column":12},"end":{"line":184,"column":13}},"loc":{"start":{"line":184,"column":22},"end":{"line":184,"column":41}},"line":184},"10":{"name":"(anonymous_10)","decl":{"start":{"line":186,"column":43},"end":{"line":186,"column":44}},"loc":{"start":{"line":186,"column":50},"end":{"line":186,"column":74}},"line":186},"11":{"name":"(anonymous_11)","decl":{"start":{"line":196,"column":33},"end":{"line":196,"column":38}},"loc":{"start":{"line":196,"column":102},"end":{"line":245,"column":1}},"line":196},"12":{"name":"(anonymous_12)","decl":{"start":{"line":227,"column":30},"end":{"line":227,"column":31}},"loc":{"start":{"line":227,"column":37},"end":{"line":227,"column":41}},"line":227},"13":{"name":"(anonymous_13)","decl":{"start":{"line":233,"column":51},"end":{"line":233,"column":52}},"loc":{"start":{"line":233,"column":58},"end":{"line":233,"column":82}},"line":233},"14":{"name":"(anonymous_14)","decl":{"start":{"line":236,"column":23},"end":{"line":236,"column":24}},"loc":{"start":{"line":236,"column":31},"end":{"line":240,"column":5}},"line":236},"15":{"name":"(anonymous_15)","decl":{"start":{"line":247,"column":29},"end":{"line":247,"column":34}},"loc":{"start":{"line":247,"column":41},"end":{"line":290,"column":1}},"line":247},"16":{"name":"(anonymous_16)","decl":{"start":{"line":278,"column":37},"end":{"line":278,"column":38}},"loc":{"start":{"line":278,"column":43},"end":{"line":284,"column":7}},"line":278},"17":{"name":"(anonymous_17)","decl":{"start":{"line":292,"column":24},"end":{"line":292,"column":29}},"loc":{"start":{"line":292,"column":79},"end":{"line":310,"column":1}},"line":292},"18":{"name":"(anonymous_18)","decl":{"start":{"line":312,"column":30},"end":{"line":312,"column":35}},"loc":{"start":{"line":312,"column":79},"end":{"line":329,"column":1}},"line":312},"19":{"name":"(anonymous_19)","decl":{"start":{"line":331,"column":32},"end":{"line":331,"column":37}},"loc":{"start":{"line":331,"column":81},"end":{"line":369,"column":1}},"line":331},"20":{"name":"(anonymous_20)","decl":{"start":{"line":346,"column":50},"end":{"line":346,"column":51}},"loc":{"start":{"line":346,"column":57},"end":{"line":346,"column":69}},"line":346},"21":{"name":"(anonymous_21)","decl":{"start":{"line":350,"column":50},"end":{"line":350,"column":51}},"loc":{"start":{"line":350,"column":57},"end":{"line":350,"column":71}},"line":350},"22":{"name":"(anonymous_22)","decl":{"start":{"line":354,"column":45},"end":{"line":354,"column":46}},"loc":{"start":{"line":354,"column":52},"end":{"line":354,"column":63}},"line":354},"23":{"name":"(anonymous_23)","decl":{"start":{"line":358,"column":45},"end":{"line":358,"column":46}},"loc":{"start":{"line":358,"column":52},"end":{"line":358,"column":66}},"line":358},"24":{"name":"(anonymous_24)","decl":{"start":{"line":359,"column":49},"end":{"line":359,"column":50}},"loc":{"start":{"line":359,"column":56},"end":{"line":359,"column":70}},"line":359},"25":{"name":"(anonymous_25)","decl":{"start":{"line":360,"column":41},"end":{"line":360,"column":42}},"loc":{"start":{"line":360,"column":48},"end":{"line":360,"column":67}},"line":360},"26":{"name":"(anonymous_26)","decl":{"start":{"line":362,"column":32},"end":{"line":362,"column":33}},"loc":{"start":{"line":362,"column":40},"end":{"line":367,"column":3}},"line":362},"27":{"name":"(anonymous_27)","decl":{"start":{"line":371,"column":31},"end":{"line":371,"column":36}},"loc":{"start":{"line":371,"column":72},"end":{"line":381,"column":1}},"line":371},"28":{"name":"(anonymous_28)","decl":{"start":{"line":383,"column":33},"end":{"line":383,"column":38}},"loc":{"start":{"line":383,"column":156},"end":{"line":397,"column":1}},"line":383},"29":{"name":"(anonymous_29)","decl":{"start":{"line":399,"column":33},"end":{"line":399,"column":38}},"loc":{"start":{"line":399,"column":56},"end":{"line":411,"column":1}},"line":399},"30":{"name":"(anonymous_30)","decl":{"start":{"line":413,"column":33},"end":{"line":413,"column":38}},"loc":{"start":{"line":413,"column":47},"end":{"line":415,"column":1}},"line":413},"31":{"name":"(anonymous_31)","decl":{"start":{"line":417,"column":30},"end":{"line":417,"column":35}},"loc":{"start":{"line":417,"column":67},"end":{"line":423,"column":1}},"line":417},"32":{"name":"(anonymous_32)","decl":{"start":{"line":425,"column":33},"end":{"line":425,"column":38}},"loc":{"start":{"line":425,"column":47},"end":{"line":432,"column":1}},"line":425},"33":{"name":"(anonymous_33)","decl":{"start":{"line":434,"column":37},"end":{"line":434,"column":42}},"loc":{"start":{"line":434,"column":60},"end":{"line":440,"column":1}},"line":434},"34":{"name":"(anonymous_34)","decl":{"start":{"line":442,"column":37},"end":{"line":442,"column":42}},"loc":{"start":{"line":442,"column":65},"end":{"line":471,"column":1}},"line":442},"35":{"name":"(anonymous_35)","decl":{"start":{"line":475,"column":35},"end":{"line":475,"column":40}},"loc":{"start":{"line":475,"column":49},"end":{"line":494,"column":1}},"line":475},"36":{"name":"(anonymous_36)","decl":{"start":{"line":496,"column":32},"end":{"line":496,"column":37}},"loc":{"start":{"line":496,"column":52},"end":{"line":504,"column":1}},"line":496},"37":{"name":"(anonymous_37)","decl":{"start":{"line":508,"column":28},"end":{"line":508,"column":33}},"loc":{"start":{"line":508,"column":83},"end":{"line":522,"column":1}},"line":508},"38":{"name":"(anonymous_38)","decl":{"start":{"line":524,"column":30},"end":{"line":524,"column":35}},"loc":{"start":{"line":524,"column":46},"end":{"line":539,"column":1}},"line":524},"39":{"name":"(anonymous_39)","decl":{"start":{"line":541,"column":30},"end":{"line":541,"column":35}},"loc":{"start":{"line":541,"column":50},"end":{"line":553,"column":1}},"line":541},"40":{"name":"(anonymous_40)","decl":{"start":{"line":555,"column":30},"end":{"line":555,"column":35}},"loc":{"start":{"line":555,"column":44},"end":{"line":557,"column":1}},"line":555},"41":{"name":"(anonymous_41)","decl":{"start":{"line":561,"column":26},"end":{"line":561,"column":31}},"loc":{"start":{"line":561,"column":67},"end":{"line":580,"column":1}},"line":561},"42":{"name":"(anonymous_42)","decl":{"start":{"line":582,"column":28},"end":{"line":582,"column":33}},"loc":{"start":{"line":582,"column":42},"end":{"line":584,"column":1}},"line":582},"43":{"name":"(anonymous_43)","decl":{"start":{"line":588,"column":27},"end":{"line":588,"column":32}},"loc":{"start":{"line":588,"column":84},"end":{"line":602,"column":1}},"line":588},"44":{"name":"(anonymous_44)","decl":{"start":{"line":608,"column":26},"end":{"line":608,"column":31}},"loc":{"start":{"line":608,"column":46},"end":{"line":613,"column":1}},"line":608},"45":{"name":"(anonymous_45)","decl":{"start":{"line":615,"column":25},"end":{"line":615,"column":30}},"loc":{"start":{"line":615,"column":50},"end":{"line":625,"column":1}},"line":615},"46":{"name":"(anonymous_46)","decl":{"start":{"line":627,"column":30},"end":{"line":627,"column":35}},"loc":{"start":{"line":627,"column":54},"end":{"line":640,"column":1}},"line":627},"47":{"name":"(anonymous_47)","decl":{"start":{"line":642,"column":25},"end":{"line":642,"column":30}},"loc":{"start":{"line":642,"column":49},"end":{"line":649,"column":1}},"line":642},"48":{"name":"(anonymous_48)","decl":{"start":{"line":651,"column":26},"end":{"line":651,"column":31}},"loc":{"start":{"line":651,"column":50},"end":{"line":658,"column":1}},"line":651},"49":{"name":"(anonymous_49)","decl":{"start":{"line":655,"column":34},"end":{"line":655,"column":35}},"loc":{"start":{"line":655,"column":41},"end":{"line":655,"column":51}},"line":655},"50":{"name":"(anonymous_50)","decl":{"start":{"line":660,"column":30},"end":{"line":660,"column":35}},"loc":{"start":{"line":660,"column":44},"end":{"line":662,"column":1}},"line":660},"51":{"name":"(anonymous_51)","decl":{"start":{"line":664,"column":27},"end":{"line":664,"column":32}},"loc":{"start":{"line":664,"column":54},"end":{"line":669,"column":1}},"line":664},"52":{"name":"(anonymous_52)","decl":{"start":{"line":673,"column":36},"end":{"line":673,"column":41}},"loc":{"start":{"line":673,"column":50},"end":{"line":675,"column":1}},"line":673},"53":{"name":"(anonymous_53)","decl":{"start":{"line":679,"column":30},"end":{"line":679,"column":35}},"loc":{"start":{"line":679,"column":65},"end":{"line":688,"column":1}},"line":679},"54":{"name":"escapeCsv","decl":{"start":{"line":690,"column":9},"end":{"line":690,"column":18}},"loc":{"start":{"line":690,"column":24},"end":{"line":697,"column":null}},"line":690},"55":{"name":"(anonymous_55)","decl":{"start":{"line":699,"column":29},"end":{"line":699,"column":30}},"loc":{"start":{"line":699,"column":42},"end":{"line":705,"column":1}},"line":699},"56":{"name":"(anonymous_56)","decl":{"start":{"line":701,"column":27},"end":{"line":701,"column":28}},"loc":{"start":{"line":702,"column":4},"end":{"line":702,"column":null}},"line":702},"57":{"name":"(anonymous_57)","decl":{"start":{"line":702,"column":16},"end":{"line":702,"column":17}},"loc":{"start":{"line":702,"column":23},"end":{"line":702,"column":80}},"line":702},"58":{"name":"(anonymous_58)","decl":{"start":{"line":712,"column":30},"end":{"line":712,"column":35}},"loc":{"start":{"line":712,"column":42},"end":{"line":823,"column":1}},"line":712},"59":{"name":"(anonymous_59)","decl":{"start":{"line":741,"column":40},"end":{"line":741,"column":41}},"loc":{"start":{"line":741,"column":47},"end":{"line":741,"column":51}},"line":741},"60":{"name":"(anonymous_60)","decl":{"start":{"line":742,"column":38},"end":{"line":742,"column":39}},"loc":{"start":{"line":742,"column":45},"end":{"line":742,"column":54}},"line":742},"61":{"name":"(anonymous_61)","decl":{"start":{"line":768,"column":55},"end":{"line":768,"column":56}},"loc":{"start":{"line":768,"column":62},"end":{"line":768,"column":91}},"line":768},"62":{"name":"(anonymous_62)","decl":{"start":{"line":769,"column":53},"end":{"line":769,"column":54}},"loc":{"start":{"line":769,"column":60},"end":{"line":769,"column":89}},"line":769},"63":{"name":"(anonymous_63)","decl":{"start":{"line":770,"column":51},"end":{"line":770,"column":52}},"loc":{"start":{"line":770,"column":58},"end":{"line":770,"column":82}},"line":770},"64":{"name":"(anonymous_64)","decl":{"start":{"line":771,"column":51},"end":{"line":771,"column":52}},"loc":{"start":{"line":771,"column":58},"end":{"line":771,"column":119}},"line":771},"65":{"name":"(anonymous_65)","decl":{"start":{"line":774,"column":33},"end":{"line":774,"column":34}},"loc":{"start":{"line":774,"column":41},"end":{"line":783,"column":5}},"line":774},"66":{"name":"(anonymous_66)","decl":{"start":{"line":784,"column":31},"end":{"line":784,"column":32}},"loc":{"start":{"line":784,"column":39},"end":{"line":794,"column":5}},"line":784},"67":{"name":"(anonymous_67)","decl":{"start":{"line":795,"column":39},"end":{"line":795,"column":40}},"loc":{"start":{"line":795,"column":46},"end":{"line":821,"column":5}},"line":795}},"branchMap":{"0":{"loc":{"start":{"line":17,"column":35},"end":{"line":17,"column":47}},"type":"default-arg","locations":[{"start":{"line":17,"column":45},"end":{"line":17,"column":47}}],"line":17},"1":{"loc":{"start":{"line":21,"column":4},"end":{"line":21,"column":null}},"type":"if","locations":[{"start":{"line":21,"column":4},"end":{"line":21,"column":null}},{"start":{},"end":{}}],"line":21},"2":{"loc":{"start":{"line":22,"column":4},"end":{"line":22,"column":null}},"type":"if","locations":[{"start":{"line":22,"column":4},"end":{"line":22,"column":null}},{"start":{},"end":{}}],"line":22},"3":{"loc":{"start":{"line":23,"column":4},"end":{"line":23,"column":null}},"type":"if","locations":[{"start":{"line":23,"column":4},"end":{"line":23,"column":null}},{"start":{},"end":{}}],"line":23},"4":{"loc":{"start":{"line":24,"column":4},"end":{"line":28,"column":null}},"type":"if","locations":[{"start":{"line":24,"column":4},"end":{"line":28,"column":null}},{"start":{},"end":{}}],"line":24},"5":{"loc":{"start":{"line":24,"column":8},"end":{"line":24,"column":44}},"type":"binary-expr","locations":[{"start":{"line":24,"column":8},"end":{"line":24,"column":25}},{"start":{"line":24,"column":29},"end":{"line":24,"column":44}}],"line":24},"6":{"loc":{"start":{"line":26,"column":6},"end":{"line":26,"column":null}},"type":"if","locations":[{"start":{"line":26,"column":6},"end":{"line":26,"column":null}},{"start":{},"end":{}}],"line":26},"7":{"loc":{"start":{"line":27,"column":6},"end":{"line":27,"column":null}},"type":"if","locations":[{"start":{"line":27,"column":6},"end":{"line":27,"column":null}},{"start":{},"end":{}}],"line":27},"8":{"loc":{"start":{"line":51,"column":2},"end":{"line":51,"column":null}},"type":"if","locations":[{"start":{"line":51,"column":2},"end":{"line":51,"column":null}},{"start":{},"end":{}}],"line":51},"9":{"loc":{"start":{"line":55,"column":60},"end":{"line":55,"column":73}},"type":"default-arg","locations":[{"start":{"line":55,"column":69},"end":{"line":55,"column":73}}],"line":55},"10":{"loc":{"start":{"line":59,"column":2},"end":{"line":61,"column":null}},"type":"if","locations":[{"start":{"line":59,"column":2},"end":{"line":61,"column":null}},{"start":{},"end":{}}],"line":59},"11":{"loc":{"start":{"line":70,"column":2},"end":{"line":70,"column":null}},"type":"if","locations":[{"start":{"line":70,"column":2},"end":{"line":70,"column":null}},{"start":{},"end":{}}],"line":70},"12":{"loc":{"start":{"line":74,"column":28},"end":{"line":76,"column":29}},"type":"cond-expr","locations":[{"start":{"line":75,"column":5},"end":{"line":75,"column":null}},{"start":{"line":76,"column":6},"end":{"line":76,"column":29}}],"line":74},"13":{"loc":{"start":{"line":74,"column":28},"end":{"line":74,"column":null}},"type":"binary-expr","locations":[{"start":{"line":74,"column":28},"end":{"line":74,"column":56}},{"start":{"line":74,"column":60},"end":{"line":74,"column":null}}],"line":74},"14":{"loc":{"start":{"line":80,"column":8},"end":{"line":80,"column":54}},"type":"cond-expr","locations":[{"start":{"line":80,"column":28},"end":{"line":80,"column":49}},{"start":{"line":80,"column":52},"end":{"line":80,"column":54}}],"line":80},"15":{"loc":{"start":{"line":81,"column":8},"end":{"line":81,"column":65}},"type":"cond-expr","locations":[{"start":{"line":81,"column":33},"end":{"line":81,"column":60}},{"start":{"line":81,"column":63},"end":{"line":81,"column":65}}],"line":81},"16":{"loc":{"start":{"line":93,"column":23},"end":{"line":93,"column":63}},"type":"binary-expr","locations":[{"start":{"line":93,"column":23},"end":{"line":93,"column":55}},{"start":{"line":93,"column":59},"end":{"line":93,"column":63}}],"line":93},"17":{"loc":{"start":{"line":101,"column":43},"end":{"line":101,"column":69}},"type":"default-arg","locations":[{"start":{"line":101,"column":52},"end":{"line":101,"column":69}}],"line":101},"18":{"loc":{"start":{"line":103,"column":2},"end":{"line":103,"column":null}},"type":"if","locations":[{"start":{"line":103,"column":2},"end":{"line":103,"column":null}},{"start":{},"end":{}}],"line":103},"19":{"loc":{"start":{"line":104,"column":2},"end":{"line":104,"column":null}},"type":"if","locations":[{"start":{"line":104,"column":2},"end":{"line":104,"column":null}},{"start":{},"end":{}}],"line":104},"20":{"loc":{"start":{"line":118,"column":35},"end":{"line":118,"column":52}},"type":"default-arg","locations":[{"start":{"line":118,"column":50},"end":{"line":118,"column":52}}],"line":118},"21":{"loc":{"start":{"line":118,"column":37},"end":{"line":118,"column":45}},"type":"default-arg","locations":[{"start":{"line":118,"column":44},"end":{"line":118,"column":45}}],"line":118},"22":{"loc":{"start":{"line":155,"column":4},"end":{"line":155,"column":null}},"type":"if","locations":[{"start":{"line":155,"column":4},"end":{"line":155,"column":null}},{"start":{},"end":{}}],"line":155},"23":{"loc":{"start":{"line":157,"column":4},"end":{"line":157,"column":null}},"type":"if","locations":[{"start":{"line":157,"column":4},"end":{"line":157,"column":null}},{"start":{},"end":{}}],"line":157},"24":{"loc":{"start":{"line":165,"column":33},"end":{"line":165,"column":63}},"type":"binary-expr","locations":[{"start":{"line":165,"column":33},"end":{"line":165,"column":58}},{"start":{"line":165,"column":62},"end":{"line":165,"column":63}}],"line":165},"25":{"loc":{"start":{"line":177,"column":10},"end":{"line":177,"column":51}},"type":"binary-expr","locations":[{"start":{"line":177,"column":10},"end":{"line":177,"column":38}},{"start":{"line":177,"column":42},"end":{"line":177,"column":51}}],"line":177},"26":{"loc":{"start":{"line":178,"column":20},"end":{"line":178,"column":37}},"type":"binary-expr","locations":[{"start":{"line":178,"column":20},"end":{"line":178,"column":32}},{"start":{"line":178,"column":36},"end":{"line":178,"column":37}}],"line":178},"27":{"loc":{"start":{"line":196,"column":40},"end":{"line":196,"column":97}},"type":"default-arg","locations":[{"start":{"line":196,"column":95},"end":{"line":196,"column":97}}],"line":196},"28":{"loc":{"start":{"line":196,"column":42},"end":{"line":196,"column":50}},"type":"default-arg","locations":[{"start":{"line":196,"column":49},"end":{"line":196,"column":50}}],"line":196},"29":{"loc":{"start":{"line":196,"column":52},"end":{"line":196,"column":62}},"type":"default-arg","locations":[{"start":{"line":196,"column":60},"end":{"line":196,"column":62}}],"line":196},"30":{"loc":{"start":{"line":196,"column":72},"end":{"line":196,"column":90}},"type":"default-arg","locations":[{"start":{"line":196,"column":85},"end":{"line":196,"column":90}}],"line":196},"31":{"loc":{"st
[...]
:{"line":35,"column":null}},"12":{"start":{"line":34,"column":4},"end":{"line":34,"column":null}},"13":{"start":{"line":37,"column":2},"end":{"line":46,"column":null}},"14":{"start":{"line":38,"column":21},"end":{"line":38,"column":66}},"15":{"start":{"line":39,"column":21},"end":{"line":39,"column":65}},"16":{"start":{"line":40,"column":20},"end":{"line":40,"column":69}},"17":{"start":{"line":41,"column":20},"end":{"line":41,"column":68}},"18":{"start":{"line":43,"column":19},"end":{"line":43,"column":66}},"19":{"start":{"line":44,"column":23},"end":{"line":44,"column":67}},"20":{"start":{"line":45,"column":4},"end":{"line":45,"column":null}},"21":{"start":{"line":49,"column":2},"end":{"line":49,"column":null}}},"fnMap":{"0":{"name":"haversine","decl":{"start":{"line":2,"column":9},"end":{"line":2,"column":18}},"loc":{"start":{"line":2,"column":43},"end":{"line":12,"column":null}},"line":2},"1":{"name":"computeETA","decl":{"start":{"line":27,"column":16},"end":{"line":27,"column":26}},"loc":{"start":{"line":27,"column":71},"end":{"line":50,"column":null}},"line":27}},"branchMap":{"0":{"loc":{"start":{"line":29,"column":15},"end":{"line":29,"column":40}},"type":"binary-expr","locations":[{"start":{"line":29,"column":15},"end":{"line":29,"column":34}},{"start":{"line":29,"column":38},"end":{"line":29,"column":40}}],"line":29},"1":{"loc":{"start":{"line":30,"column":26},"end":{"line":30,"column":81}},"type":"binary-expr","locations":[{"start":{"line":30,"column":26},"end":{"line":30,"column":39}},{"start":{"line":30,"column":43},"end":{"line":30,"column":60}},{"start":{"line":30,"column":64},"end":{"line":30,"column":81}}],"line":30},"2":{"loc":{"start":{"line":32,"column":2},"end":{"line":35,"column":null}},"type":"if","locations":[{"start":{"line":32,"column":2},"end":{"line":35,"column":null}},{"start":{},"end":{}}],"line":32},"3":{"loc":{"start":{"line":32,"column":6},"end":{"line":32,"column":54}},"type":"binary-expr","locations":[{"start":{"line":32,"column":6},"end":{"line":32,"column":28}},{"start":{"line":32,"column":32},"end":{"line":32,"column":54}}],"line":32},"4":{"loc":{"start":{"line":37,"column":2},"end":{"line":46,"column":null}},"type":"if","locations":[{"start":{"line":37,"column":2},"end":{"line":46,"column":null}},{"start":{},"end":{}}],"line":37},"5":{"loc":{"start":{"line":37,"column":6},"end":{"line":37,"column":44}},"type":"binary-expr","locations":[{"start":{"line":37,"column":6},"end":{"line":37,"column":35}},{"start":{"line":37,"column":39},"end":{"line":37,"column":44}}],"line":37},"6":{"loc":{"start":{"line":38,"column":21},"end":{"line":38,"column":66}},"type":"binary-expr","locations":[{"start":{"line":38,"column":21},"end":{"line":38,"column":37}},{"start":{"line":38,"column":41},"end":{"line":38,"column":55}},{"start":{"line":38,"column":59},"end":{"line":38,"column":66}}],"line":38},"7":{"loc":{"start":{"line":39,"column":21},"end":{"line":39,"column":65}},"type":"binary-expr","locations":[{"start":{"line":39,"column":21},"end":{"line":39,"column":37}},{"start":{"line":39,"column":41},"end":{"line":39,"column":55}},{"start":{"line":39,"column":59},"end":{"line":39,"column":65}}],"line":39},"8":{"loc":{"start":{"line":40,"column":20},"end":{"line":40,"column":69}},"type":"binary-expr","locations":[{"start":{"line":40,"column":20},"end":{"line":40,"column":40}},{"start":{"line":40,"column":44},"end":{"line":40,"column":58}},{"start":{"line":40,"column":62},"end":{"line":40,"column":69}}],"line":40},"9":{"loc":{"start":{"line":41,"column":20},"end":{"line":41,"column":68}},"type":"binary-expr","locations":[{"start":{"line":41,"column":20},"end":{"line":41,"column":40}},{"start":{"line":41,"column":44},"end":{"line":41,"column":58}},{"start":{"line":41,"column":62},"end":{"line":41,"column":68}}],"line":41}},"s":{"0":2,"1":2,"2":2,"3":2,"4":2,"5":3,"6":3,"7":3,"8":7,"9":7,"10":7,"11":7,"12":4,"13":3,"14":2,"15":2,"16":2,"17":2,"18":2,"19":2,"20":2,"21":1},"f":{"0":2,"1":7},"b":{"0":[7,1],"1":[7,2,1],"2":[4,3],"3":[7,4],"4":[2,1],"5":[3,2],"6":[2,1,0],"7":[2,1,0],"8":[2,1,0],"9":[2,1,0]},"meta":{"lastBranch":10,"lastFunction":2,"lastStatement":22,"seen":{"f:2:9:2:18":0,"s:3:12:3:16":0,"s:4:15:4:46":1,"s:5:15:5:46":2,"s:7:4:10:29":3,"s:11:2:11:Infinity":4,"s:14:26:14:28":5,"s:15:30:15:32":6,"s:16:22:16:24":7,"f:27:16:27:26":1,"s:28:14:28:24":8,"s:29:15:29:40":9,"b:29:15:29:34:29:38:29:40":0,"s:30:19:30:82":10,"b:30:26:30:39:30:43:30:60:30:64:30:81":1,"b:32:2:35:Infinity:undefined:undefined:undefined:undefined":2,"s:32:2:35:Infinity":11,"b:32:6:32:28:32:32:32:54":3,"s:34:4:34:Infinity":12,"b:37:2:46:Infinity:undefined:undefined:undefined:undefined":4,"s:37:2:46:Infinity":13,"b:37:6:37:35:37:39:37:44":5,"s:38:21:38:66":14,"b:38:21:38:37:38:41:38:55:38:59:38:66":6,"s:39:21:39:65":15,"b:39:21:39:37:39:41:39:55:39:59:39:65":7,"s:40:20:40:69":16,"b:40:20:40:40:40:44:40:58:40:62:40:69":8,"s:41:20:41:68":17,"b:41:20:41:40:41:44:41:58:41:62:41:68":9,"s:43:19:43:66":18,"s:44:23:44:67":19,"s:45:4:45:Infinity":20,"s:49:2:49:Infinity":21},"fnNames":{}}}
,"/Users/a7206035376/Documents/Projects/GhostKitchen/food-delivery-backend/src/utils/jwt.js": {"path":"/Users/a7206035376/Documents/Projects/GhostKitchen/food-delivery-backend/src/utils/jwt.js","statementMap":{"0":{"start":{"line":7,"column":35},"end":{"line":8,"column":77}},"1":{"start":{"line":8,"column":2},"end":{"line":8,"column":77}},"2":{"start":{"line":10,"column":36},"end":{"line":16,"column":3}},"3":{"start":{"line":12,"column":2},"end":{"line":16,"column":3}},"4":{"start":{"line":18,"column":33},"end":{"line":21,"column":2}},"5":{"start":{"line":18,"column":47},"end":{"line":21,"column":1}},"6":{"start":{"line":25,"column":33},"end":{"line":32,"column":1}},"7":{"start":{"line":26,"column":2},"end":{"line":31,"column":null}},"8":{"start":{"line":27,"column":4},"end":{"line":27,"column":null}},"9":{"start":{"line":29,"column":4},"end":{"line":29,"column":null}},"10":{"start":{"line":29,"column":44},"end":{"line":29,"column":null}},"11":{"start":{"line":30,"column":4},"end":{"line":30,"column":null}},"12":{"start":{"line":34,"column":34},"end":{"line":41,"column":1}},"13":{"start":{"line":35,"column":2},"end":{"line":40,"column":null}},"14":{"start":{"line":36,"column":4},"end":{"line":36,"column":null}},"15":{"start":{"line":38,"column":4},"end":{"line":38,"column":null}},"16":{"start":{"line":38,"column":44},"end":{"line":38,"column":null}},"17":{"start":{"line":39,"column":4},"end":{"line":39,"column":null}},"18":{"start":{"line":47,"column":25},"end":{"line":48,"column":57}},"19":{"start":{"line":48,"column":2},"end":{"line":48,"column":57}},"20":{"start":{"line":52,"column":33},"end":{"line":58,"column":2}},"21":{"start":{"line":52,"column":44},"end":{"line":58,"column":1}},"22":{"start":{"line":61,"column":29},"end":{"line":61,"column":48}},"23":{"start":{"line":62,"column":27},"end":{"line":62,"column":44}}},"fnMap":{"0":{"name":"(anonymous_0)","decl":{"start":{"line":7,"column":35},"end":{"line":7,"column":36}},"loc":{"start":{"line":8,"column":2},"end":{"line":8,"column":77}},"line":8},"1":{"name":"(anonymous_1)","decl":{"start":{"line":10,"column":36},"end":{"line":10,"column":37}},"loc":{"start":{"line":12,"column":2},"end":{"line":16,"column":3}},"line":12},"2":{"name":"(anonymous_2)","decl":{"start":{"line":18,"column":33},"end":{"line":18,"column":34}},"loc":{"start":{"line":18,"column":47},"end":{"line":21,"column":1}},"line":18},"3":{"name":"(anonymous_3)","decl":{"start":{"line":25,"column":33},"end":{"line":25,"column":34}},"loc":{"start":{"line":25,"column":44},"end":{"line":32,"column":1}},"line":25},"4":{"name":"(anonymous_4)","decl":{"start":{"line":34,"column":34},"end":{"line":34,"column":35}},"loc":{"start":{"line":34,"column":45},"end":{"line":41,"column":1}},"line":34},"5":{"name":"(anonymous_5)","decl":{"start":{"line":47,"column":25},"end":{"line":47,"column":26}},"loc":{"start":{"line":48,"column":2},"end":{"line":48,"column":57}},"line":48},"6":{"name":"(anonymous_6)","decl":{"start":{"line":52,"column":33},"end":{"line":52,"column":34}},"loc":{"start":{"line":52,"column":44},"end":{"line":58,"column":1}},"line":52}},"branchMap":{"0":{"loc":{"start":{"line":29,"column":4},"end":{"line":29,"column":null}},"type":"if","locations":[{"start":{"line":29,"column":4},"end":{"line":29,"column":null}},{"start":{},"end":{}}],"line":29},"1":{"loc":{"start":{"line":38,"column":4},"end":{"line":38,"column":null}},"type":"if","locations":[{"start":{"line":38,"column":4},"end":{"line":38,"column":null}},{"start":{},"end":{}}],"line":38},"2":{"loc":{"start":{"line":54,"column":9},"end":{"line":54,"column":35}},"type":"binary-expr","locations":[{"start":{"line":54,"column":9},"end":{"line":54,"column":19}},{"start":{"line":54,"column":23},"end":{"line":54,"column":35}}],"line":54},"3":{"loc":{"start":{"line":55,"column":14},"end":{"line":55,"column":43}},"type":"binary-expr","locations":[{"start":{"line":55,"column":14},"end":{"line":55,"column":29}},{"start":{"line":55,"column":33},"end":{"line":55,"column":43}}],"line":55},"4":{"loc":{"start":{"line":56,"column":14},"end":{"line":56,"column":37}},"type":"binary-expr","locations":[{"start":{"line":56,"column":14},"end":{"line":56,"column":29}},{"start":{"line":56,"column":33},"end":{"line":56,"column":37}}],"line":56},"5":{"loc":{"start":{"line":57,"column":16},"end":{"line":57,"column":41}},"type":"binary-expr","locations":[{"start":{"line":57,"column":16},"end":{"line":57,"column":33}},{"start":{"line":57,"column":37},"end":{"line":57,"column":41}}],"line":57}},"s":{"0":3,"1":7,"2":3,"3":3,"4":3,"5":3,"6":3,"7":6,"8":6,"9":2,"10":0,"11":2,"12":3,"13":0,"14":0,"15":0,"16":0,"17":0,"18":3,"19":4,"20":3,"21":7,"22":3,"23":3},"f":{"0":7,"1":3,"2":3,"3":6,"4":0,"5":4,"6":7},"b":{"0":[0,2],"1":[0,0],"2":[7,0],"3":[7,0],"4":[7,7],"5":[7,7]},"meta":{"lastBranch":6,"lastFunction":7,"lastStatement":24,"seen":{"s:7:35:8:77":0,"f:7:35:7:36":0,"s:8:2:8:77":1,"s:10:36:16:3":2,"f:10:36:10:37":1,"s:12:2:16:3":3,"s:18:33:21:2":4,"f:18:33:18:34":2,"s:18:47:21:1":5,"s:25:33:32:1":6,"f:25:33:25:34":3,"s:26:2:31:Infinity":7,"s:27:4:27:Infinity":8,"b:29:4:29:Infinity:undefined:undefined:undefined:undefined":0,"s:29:4:29:Infinity":9,"s:29:44:29:Infinity":10,"s:30:4:30:Infinity":11,"s:34:34:41:1":12,"f:34:34:34:35":4,"s:35:2:40:Infinity":13,"s:36:4:36:Infinity":14,"b:38:4:38:Infinity:undefined:undefined:undefined:undefined":1,"s:38:4:38:Infinity":15,"s:38:44:38:Infinity":16,"s:39:4:39:Infinity":17,"s:47:25:48:57":18,"f:47:25:47:26":5,"s:48:2:48:57":19,"s:52:33:58:2":20,"f:52:33:52:34":6,"s:52:44:58:1":21,"b:54:9:54:19:54:23:54:35":2,"b:55:14:55:29:55:33:55:43":3,"b:56:14:56:29:56:33:56:37":4,"b:57:16:57:33:57:37:57:41":5,"s:61:29:61:48":22,"s:62:27:62:44":23},"fnNames":{}}}
,"/Users/a7206035376/Documents/Projects/GhostKitchen/food-delivery-backend/src/utils/riderStatus.js": {"path":"/Users/a7206035376/Documents/Projects/GhostKitchen/food-delivery-backend/src/utils/riderStatus.js","statementMap":{"0":{"start":{"line":11,"column":31},"end":{"line":11,"column":40}},"1":{"start":{"line":12,"column":29},"end":{"line":12,"column":42}},"2":{"start":{"line":14,"column":28},"end":{"line":18,"column":2}},"3":{"start":{"line":25,"column":30},"end":{"line":37,"column":1}},"4":{"start":{"line":26,"column":2},"end":{"line":26,"column":null}},"5":{"start":{"line":26,"column":19},"end":{"line":26,"column":null}},"6":{"start":{"line":28,"column":15},"end":{"line":28,"column":77}},"7":{"start":{"line":29,"column":17},"end":{"line":29,"column":31}},"8":{"start":{"line":30,"column":2},"end":{"line":30,"column":null}},"9":{"start":{"line":30,"column":32},"end":{"line":30,"column":null}},"10":{"start":{"line":32,"column":18},"end":{"line":32,"column":40}},"11":{"start":{"line":33,"column":2},"end":{"line":33,"column":46}},"12":{"start":{"line":33,"column":19},"end":{"line":33,"column":46}},"13":{"start":{"line":34,"column":2},"end":{"line":34,"column":null}},"14":{"start":{"line":34,"column":33},"end":{"line":34,"column":null}},"15":{"start":{"line":35,"column":2},"end":{"line":35,"column":null}},"16":{"start":{"line":35,"column":31},"end":{"line":35,"column":null}},"17":{"start":{"line":36,"column":2},"end":{"line":36,"column":null}}},"fnMap":{"0":{"name":"(anonymous_0)","decl":{"start":{"line":25,"column":30},"end":{"line":25,"column":31}},"loc":{"start":{"line":25,"column":64},"end":{"line":37,"column":1}},"line":25}},"branchMap":{"0":{"loc":{"start":{"line":25,"column":43},"end":{"line":25,"column":59}},"type":"default-arg","locations":[{"start":{"line":25,"column":49},"end":{"line":25,"column":59}}],"line":25},"1":{"loc":{"start":{"line":26,"column":2},"end":{"line":26,"column":null}},"type":"if","locations":[{"start":{"line":26,"column":2},"end":{"line":26,"column":null}},{"start":{},"end":{}}],"line":26},"2":{"loc":{"start":{"line":28,"column":15},"end":{"line":28,"column":77}},"type":"cond-expr","locations":[{"start":{"line":28,"column":44},"end":{"line":28,"column":54}},{"start":{"line":28,"column":57},"end":{"line":28,"column":77}}],"line":28},"3":{"loc":{"start":{"line":30,"column":2},"end":{"line":30,"column":null}},"type":"if","locations":[{"start":{"line":30,"column":2},"end":{"line":30,"column":null}},{"start":{},"end":{}}],"line":30},"4":{"loc":{"start":{"line":33,"column":2},"end":{"line":33,"column":46}},"type":"if","locations":[{"start":{"line":33,"column":2},"end":{"line":33,"column":46}},{"start":{},"end":{}}],"line":33},"5":{"loc":{"start":{"line":34,"column":2},"end":{"line":34,"column":null}},"type":"if","locations":[{"start":{"line":34,"column":2},"end":{"line":34,"column":null}},{"start":{},"end":{}}],"line":34},"6":{"loc":{"start":{"line":35,"column":2},"end":{"line":35,"column":null}},"type":"if","locations":[{"start":{"line":35,"column":2},"end":{"line":35,"column":null}},{"start":{},"end":{}}],"line":35}},"s":{"0":1,"1":1,"2":1,"3":1,"4":25,"5":2,"6":23,"7":25,"8":25,"9":1,"10":22,"11":22,"12":1,"13":21,"14":16,"15":5,"16":3,"17":2},"f":{"0":25},"b":{"0":[25],"1":[2,23],"2":[21,2],"3":[1,24],"4":[1,21],"5":[16,5],"6":[3,2]},"meta":{"lastBranch":7,"lastFunction":1,"lastStatement":18,"seen":{"s:11:31:11:40":0,"s:12:29:12:42":1,"s:14:28:18:2":2,"s:25:30:37:1":3,"f:25:30:25:31":0,"b:25:49:25:59":0,"b:26:2:26:Infinity:undefined:undefined:undefined:undefined":1,"s:26:2:26:Infinity":4,"s:26:19:26:Infinity":5,"s:28:15:28:77":6,"b:28:44:28:54:28:57:28:77":2,"s:29:17:29:31":7,"b:30:2:30:Infinity:undefined:undefined:undefined:undefined":3,"s:30:2:30:Infinity":8,"s:30:32:30:Infinity":9,"s:32:18:32:40":10,"b:33:2:33:46:undefined:undefined:undefined:undefined":4,"s:33:2:33:46":11,"s:33:19:33:46":12,"b:34:2:34:Infinity:undefined:undefined:undefined:undefined":5,"s:34:2:34:Infinity":13,"s:34:33:34:Infinity":14,"b:35:2:35:Infinity:undefined:undefined:undefined:undefined":6,"s:35:2:35:Infinity":15,"s:35:31:35:Infinity":16,"s:36:2:36:Infinity":17},"fnNames":{}}}
,"/Users/a7206035376/Documents/Projects/GhostKitchen/food-delivery-backend/src/utils/sanitize.js": {"path":"/Users/a7206035376/Documents/Projects/GhostKitchen/food-delivery-backend/src/utils/sanitize.js","statementMap":{"0":{"start":{"line":4,"column":2},"end":{"line":4,"column":null}},"1":{"start":{"line":4,"column":33},"end":{"line":4,"column":null}},"2":{"start":{"line":5,"column":2},"end":{"line":9,"column":null}},"3":{"start":{"line":13,"column":2},"end":{"line":17,"column":null}},"4":{"start":{"line":14,"column":4},"end":{"line":16,"column":null}},"5":{"start":{"line":15,"column":6},"end":{"line":15,"column":null}},"6":{"start":{"line":18,"column":2},"end":{"line":18,"column":null}},"7":{"start":{"line":18,"column":47},"end":{"line":18,"column":null}},"8":{"start":{"line":19,"column":16},"end":{"line":19,"column":null}},"9":{"start":{"line":20,"column":2},"end":{"line":30,"column":null}},"10":{"start":{"line":21,"column":4},"end":{"line":29,"column":null}},"11":{"start":{"line":22,"column":6},"end":{"line":22,"column":null}},"12":{"start":{"line":23,"column":11},"end":{"line":29,"column":null}},"13":{"start":{"line":24,"column":6},"end":{"line":24,"column":null}},"14":{"start":{"line":25,"column":11},"end":{"line":29,"column":null}},"15":{"start":{"line":26,"column":6},"end":{"line":26,"column":null}},"16":{"start":{"line":28,"column":6},"end":{"line":28,"column":null}},"17":{"start":{"line":31,"column":2},"end":{"line":31,"column":null}}},"fnMap":{"0":{"name":"sanitizeString","decl":{"start":{"line":3,"column":16},"end":{"line":3,"column":30}},"loc":{"start":{"line":3,"column":38},"end":{"line":10,"column":null}},"line":3},"1":{"name":"sanitizeObject","decl":{"start":{"line":12,"column":16},"end":{"line":12,"column":30}},"loc":{"start":{"line":12,"column":36},"end":{"line":32,"column":null}},"line":12},"2":{"name":"(anonymous_2)","decl":{"start":{"line":14,"column":19},"end":{"line":14,"column":20}},"loc":{"start":{"line":15,"column":6},"end":{"line":15,"column":null}},"line":15}},"branchMap":{"0":{"loc":{"start":{"line":4,"column":2},"end":{"line":4,"column":null}},"type":"if","locations":[{"start":{"line":4,"column":2},"end":{"line":4,"column":null}},{"start":{},"end":{}}],"line":4},"1":{"loc":{"start":{"line":13,"column":2},"end":{"line":17,"column":null}},"type":"if","locations":[{"start":{"line":13,"column":2},"end":{"line":17,"column":null}},{"start":{},"end":{}}],"line":13},"2":{"loc":{"start":{"line":15,"column":6},"end":{"line":15,"column":null}},"type":"cond-expr","locations":[{"start":{"line":15,"column":33},"end":{"line":15,"column":53}},{"start":{"line":15,"column":56},"end":{"line":15,"column":null}}],"line":15},"3":{"loc":{"start":{"line":18,"column":2},"end":{"line":18,"column":null}},"type":"if","locations":[{"start":{"line":18,"column":2},"end":{"line":18,"column":null}},{"start":{},"end":{}}],"line":18},"4":{"loc":{"start":{"line":18,"column":6},"end":{"line":18,"column":45}},"type":"binary-expr","locations":[{"start":{"line":18,"column":6},"end":{"line":18,"column":29}},{"start":{"line":18,"column":33},"end":{"line":18,"column":45}}],"line":18},"5":{"loc":{"start":{"line":21,"column":4},"end":{"line":29,"column":null}},"type":"if","locations":[{"start":{"line":21,"column":4},"end":{"line":29,"column":null}},{"start":{"line":23,"column":11},"end":{"line":29,"column":null}}],"line":21},"6":{"loc":{"start":{"line":23,"column":11},"end":{"line":29,"column":null}},"type":"if","locations":[{"start":{"line":23,"column":11},"end":{"line":29,"column":null}},{"start":{"line":25,"column":11},"end":{"line":29,"column":null}}],"line":23},"7":{"loc":{"start":{"line":25,"column":11},"end":{"line":29,"column":null}},"type":"if","locations":[{"start":{"line":25,"column":11},"end":{"line":29,"column":null}},{"start":{"line":27,"column":11},"end":{"line":29,"column":null}}],"line":25}},"s":{"0":16,"1":3,"2":13,"3":17,"4":3,"5":5,"6":14,"7":3,"8":11,"9":11,"10":12,"11":5,"12":7,"13":2,"14":5,"15":2,"16":3,"17":11},"f":{"0":16,"1":17,"2":5},"b":{"0":[3,13],"1":[3,14],"2":[4,1],"3":[3,11],"4":[14,12],"5":[5,7],"6":[2,5],"7":[2,3]},"meta":{"lastBranch":8,"lastFunction":3,"lastStatement":18,"seen":{"f:3:16:3:30":0,"b:4:2:4:Infinity:undefined:undefined:undefined:undefined":0,"s:4:2:4:Infinity":0,"s:4:33:4:Infinity":1,"s:5:2:9:Infinity":2,"f:12:16:12:30":1,"b:13:2:17:Infinity:undefined:undefined:undefined:undefined":1,"s:13:2:17:Infinity":3,"s:14:4:16:Infinity":4,"f:14:19:14:20":2,"s:15:6:15:Infinity":5,"b:15:33:15:53:15:56:15:Infinity":2,"b:18:2:18:Infinity:undefined:undefined:undefined:undefined":3,"s:18:2:18:Infinity":6,"b:18:6:18:29:18:33:18:45":4,"s:18:47:18:Infinity":7,"s:19:16:19:Infinity":8,"s:20:2:30:Infinity":9,"b:21:4:29:Infinity:23:11:29:Infinity":5,"s:21:4:29:Infinity":10,"s:22:6:22:Infinity":11,"b:23:11:29:Infinity:25:11:29:Infinity":6,"s:23:11:29:Infinity":12,"s:24:6:24:Infinity":13,"b:25:11:29:Infinity:27:11:29:Infinity":7,"s:25:11:29:Infinity":14,"s:26:6:26:Infinity":15,"s:28:6:28:Infinity":16,"s:31:2:31:Infinity":17},"fnNames":{}}}
}
