<?xml version="1.0" encoding="UTF-8"?>
<coverage generated="1781387310955" clover="3.2.0">
  <project timestamp="1781387310955" name="All files">
    <metrics statements="481" coveredstatements="422" conditionals="380" coveredconditionals="310" methods="174" coveredmethods="148" elements="1035" coveredelements="880" complexity="0" loc="481" ncloc="481" packages="6" files="10" classes="10"/>
    <package name="components.admin">
      <metrics statements="178" coveredstatements="157" conditionals="153" coveredconditionals="120" methods="91" coveredmethods="78"/>
      <file name="AdminLiveOperationsMap.tsx" path="/Users/a7206035376/Documents/Projects/GhostKitchen/ghost-kitchen-frontend/components/admin/AdminLiveOperationsMap.tsx">
        <metrics statements="128" coveredstatements="110" conditionals="115" coveredconditionals="85" methods="56" coveredmethods="47"/>
        <line num="1" count="1" type="stmt"/>
        <line num="32" count="1" type="stmt"/>
        <line num="33" count="1" type="stmt"/>
        <line num="36" count="1" type="stmt"/>
        <line num="39" count="7" type="stmt"/>
        <line num="40" count="7" type="stmt"/>
        <line num="41" count="7" type="cond" truecount="2" falsecount="0"/>
        <line num="42" count="1" type="stmt"/>
        <line num="48" count="1" type="stmt"/>
        <line num="49" count="1" type="stmt"/>
        <line num="53" count="6" type="stmt"/>
        <line num="54" count="6" type="stmt"/>
        <line num="55" count="6" type="cond" truecount="2" falsecount="0"/>
        <line num="56" count="1" type="stmt"/>
        <line num="62" count="1" type="stmt"/>
        <line num="63" count="1" type="stmt"/>
        <line num="67" count="6" type="stmt"/>
        <line num="68" count="6" type="stmt"/>
        <line num="69" count="6" type="cond" truecount="2" falsecount="0"/>
        <line num="70" count="1" type="stmt"/>
        <line num="76" count="1" type="stmt"/>
        <line num="77" count="1" type="stmt"/>
        <line num="80" count="1" type="stmt"/>
        <line num="81" count="7" type="stmt"/>
        <line num="82" count="7" type="cond" truecount="1" falsecount="1"/>
        <line num="86" count="1" type="stmt"/>
        <line num="87" count="6" type="stmt"/>
        <line num="101" count="3" type="cond" truecount="6" falsecount="0"/>
        <line num="109" count="1" type="stmt"/>
        <line num="110" count="7" type="stmt"/>
        <line num="127" count="3" type="cond" truecount="7" falsecount="0"/>
        <line num="136" count="1" type="stmt"/>
        <line num="139" count="6" type="stmt"/>
        <line num="152" count="4" type="cond" truecount="4" falsecount="0"/>
        <line num="157" count="23" type="stmt"/>
        <line num="158" count="23" type="stmt"/>
        <line num="159" count="23" type="cond" truecount="4" falsecount="0"/>
        <line num="160" count="1" type="cond" truecount="1" falsecount="1"/>
        <line num="161" count="23" type="stmt"/>
        <line num="163" count="23" type="stmt"/>
        <line num="168" count="23" type="stmt"/>
        <line num="169" count="23" type="stmt"/>
        <line num="171" count="23" type="stmt"/>
        <line num="172" count="23" type="stmt"/>
        <line num="173" count="23" type="cond" truecount="3" falsecount="1"/>
        <line num="175" count="0" type="cond" truecount="0" falsecount="2"/>
        <line num="176" count="0" type="cond" truecount="0" falsecount="2"/>
        <line num="177" count="0" type="stmt"/>
        <line num="178" count="0" type="stmt"/>
        <line num="180" count="0" type="stmt"/>
        <line num="182" count="0" type="cond" truecount="0" falsecount="2"/>
        <line num="183" count="0" type="stmt"/>
        <line num="184" count="0" type="stmt"/>
        <line num="186" count="0" type="stmt"/>
        <line num="188" count="0" type="stmt"/>
        <line num="189" count="0" type="cond" truecount="0" falsecount="2"/>
        <line num="190" count="0" type="stmt"/>
        <line num="191" count="0" type="stmt"/>
        <line num="196" count="23" type="stmt"/>
        <line num="201" count="23" type="stmt"/>
        <line num="202" count="23" type="stmt"/>
        <line num="203" count="23" type="stmt"/>
        <line num="204" count="23" type="stmt"/>
        <line num="207" count="23" type="stmt"/>
        <line num="208" count="23" type="stmt"/>
        <line num="209" count="23" type="stmt"/>
        <line num="210" count="23" type="stmt"/>
        <line num="211" count="23" type="stmt"/>
        <line num="212" count="23" type="stmt"/>
        <line num="213" count="23" type="stmt"/>
        <line num="215" count="23" type="stmt"/>
        <line num="217" count="7" type="stmt"/>
        <line num="221" count="23" type="stmt"/>
        <line num="222" count="13" type="cond" truecount="2" falsecount="0"/>
        <line num="223" count="6" type="stmt"/>
        <line num="224" count="6" type="stmt"/>
        <line num="225" count="6" type="stmt"/>
        <line num="226" count="6" type="stmt"/>
        <line num="227" count="6" type="stmt"/>
        <line num="228" count="6" type="stmt"/>
        <line num="229" count="6" type="stmt"/>
        <line num="234" count="6" type="stmt"/>
        <line num="239" count="23" type="stmt"/>
        <line num="240" count="7" type="stmt"/>
        <line num="241" count="7" type="stmt"/>
        <line num="242" count="7" type="stmt"/>
        <line num="243" count="7" type="cond" truecount="1" falsecount="1"/>
        <line num="245" count="0" type="stmt"/>
        <line num="247" count="7" type="stmt"/>
        <line num="248" count="1" type="stmt"/>
        <line num="249" count="1" type="stmt"/>
        <line num="250" count="1" type="stmt"/>
        <line num="266" count="7" type="stmt"/>
        <line num="267" count="7" type="stmt"/>
        <line num="268" count="7" type="stmt"/>
        <line num="272" count="23" type="stmt"/>
        <line num="273" count="7" type="stmt"/>
        <line num="274" count="7" type="stmt"/>
        <line num="278" count="23" type="stmt"/>
        <line num="279" count="14" type="stmt"/>
        <line num="283" count="23" type="stmt"/>
        <line num="287" count="23" type="stmt"/>
        <line num="288" count="14" type="cond" truecount="2" falsecount="0"/>
        <line num="291" count="23" type="stmt"/>
        <line num="292" count="23" type="stmt"/>
        <line num="294" count="23" type="stmt"/>
        <line num="295" count="14" type="cond" truecount="2" falsecount="0"/>
        <line num="298" count="23" type="cond" truecount="2" falsecount="0"/>
        <line num="300" count="23" type="stmt"/>
        <line num="304" count="6" type="cond" truecount="1" falsecount="2"/>
        <line num="305" count="6" type="cond" truecount="1" falsecount="2"/>
        <line num="306" count="6" type="cond" truecount="3" falsecount="1"/>
        <line num="308" count="6" type="stmt"/>
        <line num="312" count="23" type="stmt"/>
        <line num="314" count="23" type="stmt"/>
        <line num="333" count="115" type="stmt"/>
        <line num="350" count="1" type="stmt"/>
        <line num="359" count="0" type="stmt"/>
        <line num="369" count="0" type="stmt"/>
        <line num="370" count="0" type="stmt"/>
        <line num="371" count="0" type="stmt"/>
        <line num="387" count="10" type="stmt"/>
        <line num="390" count="1" type="stmt"/>
        <line num="426" count="9" type="stmt"/>
        <line num="432" count="9" type="stmt"/>
        <line num="437" count="10" type="stmt"/>
        <line num="465" count="138" type="stmt"/>
        <line num="467" count="1" type="stmt"/>
      </file>
      <file name="admin-ops-page.tsx" path="/Users/a7206035376/Documents/Projects/GhostKitchen/ghost-kitchen-frontend/components/admin/admin-ops-page.tsx">
        <metrics statements="50" coveredstatements="47" conditionals="38" coveredconditionals="35" methods="35" coveredmethods="31"/>
        <line num="1" count="1" type="stmt"/>
        <line num="43" count="1" type="stmt"/>
        <line num="50" count="12" type="stmt"/>
        <line num="53" count="24" type="stmt"/>
        <line num="57" count="19" type="stmt"/>
        <line num="58" count="19" type="stmt"/>
        <line num="60" count="19" type="stmt"/>
        <line num="62" count="7" type="stmt"/>
        <line num="65" count="19" type="stmt"/>
        <line num="67" count="7" type="stmt"/>
        <line num="70" count="19" type="stmt"/>
        <line num="72" count="10" type="stmt"/>
        <line num="74" count="19" type="stmt"/>
        <line num="76" count="7" type="stmt"/>
        <line num="78" count="19" type="stmt"/>
        <line num="80" count="7" type="stmt"/>
        <line num="83" count="19" type="stmt"/>
        <line num="85" count="2" type="stmt"/>
        <line num="87" count="2" type="stmt"/>
        <line num="88" count="2" type="stmt"/>
        <line num="89" count="2" type="stmt"/>
        <line num="91" count="0" type="stmt"/>
        <line num="94" count="19" type="stmt"/>
        <line num="95" count="1" type="stmt"/>
        <line num="97" count="1" type="stmt"/>
        <line num="98" count="1" type="stmt"/>
        <line num="100" count="0" type="stmt"/>
        <line num="103" count="19" type="cond" truecount="2" falsecount="0"/>
        <line num="104" count="19" type="stmt"/>
        <line num="105" count="19" type="cond" truecount="2" falsecount="0"/>
        <line num="106" count="19" type="cond" truecount="2" falsecount="0"/>
        <line num="107" count="19" type="cond" truecount="2" falsecount="0"/>
        <line num="109" count="19" type="stmt"/>
        <line num="110" count="1" type="stmt"/>
        <line num="118" count="19" type="stmt"/>
        <line num="134" count="76" type="stmt"/>
        <line num="154" count="12" type="stmt"/>
        <line num="161" count="1" type="stmt"/>
        <line num="179" count="1" type="stmt"/>
        <line num="180" count="1" type="cond" truecount="1" falsecount="1"/>
        <line num="181" count="1" type="cond" truecount="2" falsecount="0"/>
        <line num="186" count="1" type="stmt"/>
        <line num="194" count="0" type="stmt"/>
        <line num="198" count="76" type="stmt"/>
        <line num="215" count="12" type="stmt"/>
        <line num="226" count="1" type="stmt"/>
        <line num="246" count="95" type="stmt"/>
        <line num="253" count="12" type="stmt"/>
        <line num="273" count="95" type="stmt"/>
        <line num="280" count="12" type="stmt"/>
      </file>
    </package>
    <package name="components.auth">
      <metrics statements="17" coveredstatements="17" conditionals="17" coveredconditionals="17" methods="3" coveredmethods="3"/>
      <file name="ProtectedRoute.tsx" path="/Users/a7206035376/Documents/Projects/GhostKitchen/ghost-kitchen-frontend/components/auth/ProtectedRoute.tsx">
        <metrics statements="17" coveredstatements="17" conditionals="17" coveredconditionals="17" methods="3" coveredmethods="3"/>
        <line num="1" count="1" type="stmt"/>
        <line num="12" count="1" type="stmt"/>
        <line num="13" count="7" type="stmt"/>
        <line num="14" count="7" type="stmt"/>
        <line num="16" count="7" type="stmt"/>
        <line num="18" count="7" type="cond" truecount="2" falsecount="0"/>
        <line num="20" count="6" type="cond" truecount="2" falsecount="0"/>
        <line num="21" count="1" type="stmt"/>
        <line num="22" count="1" type="stmt"/>
        <line num="23" count="1" type="stmt"/>
        <line num="26" count="5" type="cond" truecount="4" falsecount="0"/>
        <line num="29" count="4" type="stmt"/>
        <line num="30" count="4" type="cond" truecount="3" falsecount="0"/>
        <line num="32" count="4" type="cond" truecount="2" falsecount="0"/>
        <line num="37" count="7" type="cond" truecount="4" falsecount="0"/>
        <line num="38" count="2" type="stmt"/>
        <line num="45" count="5" type="stmt"/>
      </file>
    </package>
    <package name="components.customer">
      <metrics statements="8" coveredstatements="8" conditionals="9" coveredconditionals="9" methods="2" coveredmethods="2"/>
      <file name="customer-bottom-nav.tsx" path="/Users/a7206035376/Documents/Projects/GhostKitchen/ghost-kitchen-frontend/components/customer/customer-bottom-nav.tsx">
        <metrics statements="8" coveredstatements="8" conditionals="9" coveredconditionals="9" methods="2" coveredmethods="2"/>
        <line num="1" count="2" type="stmt"/>
        <line num="8" count="2" type="stmt"/>
        <line num="81" count="10" type="stmt"/>
        <line num="83" count="10" type="cond" truecount="5" falsecount="0"/>
        <line num="84" count="2" type="stmt"/>
        <line num="87" count="8" type="stmt"/>
        <line num="91" count="40" type="stmt"/>
        <line num="93" count="40" type="stmt"/>
      </file>
    </package>
    <package name="hooks">
      <metrics statements="22" coveredstatements="11" conditionals="8" coveredconditionals="4" methods="9" coveredmethods="3"/>
      <file name="useRiderLocationTracking.ts" path="/Users/a7206035376/Documents/Projects/GhostKitchen/ghost-kitchen-frontend/hooks/useRiderLocationTracking.ts">
        <metrics statements="22" coveredstatements="11" conditionals="8" coveredconditionals="4" methods="9" coveredmethods="3"/>
        <line num="1" count="1" type="stmt"/>
        <line num="25" count="27" type="stmt"/>
        <line num="27" count="27" type="stmt"/>
        <line num="28" count="13" type="stmt"/>
        <line num="29" count="13" type="cond" truecount="2" falsecount="0"/>
        <line num="30" count="2" type="stmt"/>
        <line num="31" count="13" type="stmt"/>
        <line num="33" count="13" type="stmt"/>
        <line num="34" count="13" type="stmt"/>
        <line num="35" count="13" type="cond" truecount="2" falsecount="0"/>
        <line num="39" count="27" type="stmt"/>
        <line num="44" count="0" type="stmt"/>
        <line num="46" count="0" type="stmt"/>
        <line num="47" count="0" type="stmt"/>
        <line num="48" count="0" type="stmt"/>
        <line num="51" count="0" type="stmt"/>
        <line num="60" count="0" type="stmt"/>
        <line num="61" count="0" type="stmt"/>
        <line num="62" count="0" type="cond" truecount="0" falsecount="2"/>
        <line num="65" count="0" type="stmt"/>
        <line num="66" count="0" type="cond" truecount="0" falsecount="2"/>
        <line num="69" count="0" type="stmt"/>
      </file>
    </package>
    <package name="lib">
      <metrics statements="168" coveredstatements="153" conditionals="150" coveredconditionals="139" methods="50" coveredmethods="43"/>
      <file name="liveMap.ts" path="/Users/a7206035376/Documents/Projects/GhostKitchen/ghost-kitchen-frontend/lib/liveMap.ts">
        <metrics statements="61" coveredstatements="61" conditionals="88" coveredconditionals="84" methods="19" coveredmethods="19"/>
        <line num="57" count="5" type="stmt"/>
        <line num="58" count="5" type="stmt"/>
        <line num="63" count="14" type="cond" truecount="2" falsecount="0"/>
        <line num="64" count="12" type="stmt"/>
        <line num="65" count="12" type="cond" truecount="2" falsecount="0"/>
        <line num="66" count="11" type="stmt"/>
        <line num="67" count="11" type="cond" truecount="2" falsecount="0"/>
        <line num="68" count="9" type="cond" truecount="2" falsecount="0"/>
        <line num="69" count="2" type="cond" truecount="2" falsecount="0"/>
        <line num="70" count="1" type="stmt"/>
        <line num="75" count="5" type="stmt"/>
        <line num="84" count="10" type="cond" truecount="2" falsecount="0"/>
        <line num="85" count="2" type="cond" truecount="2" falsecount="0"/>
        <line num="86" count="1" type="stmt"/>
        <line num="92" count="8" type="stmt"/>
        <line num="93" count="32" type="stmt"/>
        <line num="94" count="8" type="stmt"/>
        <line num="95" count="8" type="stmt"/>
        <line num="97" count="8" type="stmt"/>
        <line num="99" count="8" type="stmt"/>
        <line num="110" count="5" type="stmt"/>
        <line num="115" count="21" type="stmt"/>
        <line num="116" count="21" type="stmt"/>
        <line num="117" count="32" type="stmt"/>
        <line num="118" count="32" type="stmt"/>
        <line num="120" count="32" type="cond" truecount="6" falsecount="0"/>
        <line num="123" count="32" type="cond" truecount="2" falsecount="0"/>
        <line num="124" count="25" type="cond" truecount="2" falsecount="0"/>
        <line num="125" count="9" type="cond" truecount="2" falsecount="0"/>
        <line num="130" count="15" type="stmt"/>
        <line num="131" count="15" type="cond" truecount="2" falsecount="0"/>
        <line num="132" count="2" type="stmt"/>
        <line num="151" count="16" type="stmt"/>
        <line num="152" count="16" type="stmt"/>
        <line num="153" count="16" type="stmt"/>
        <line num="154" count="16" type="stmt"/>
        <line num="155" count="12" type="cond" truecount="2" falsecount="0"/>
        <line num="156" count="3" type="cond" truecount="2" falsecount="0"/>
        <line num="157" count="2" type="stmt"/>
        <line num="160" count="16" type="cond" truecount="2" falsecount="0"/>
        <line num="161" count="16" type="cond" truecount="2" falsecount="0"/>
        <line num="163" count="16" type="stmt"/>
        <line num="164" count="10" type="cond" truecount="1" falsecount="1"/>
        <line num="165" count="10" type="cond" truecount="3" falsecount="0"/>
        <line num="166" count="9" type="stmt"/>
        <line num="167" count="16" type="cond" truecount="2" falsecount="0"/>
        <line num="169" count="16" type="stmt"/>
        <line num="185" count="3" type="cond" truecount="5" falsecount="0"/>
        <line num="189" count="3" type="cond" truecount="4" falsecount="1"/>
        <line num="193" count="3" type="cond" truecount="4" falsecount="1"/>
        <line num="197" count="3" type="stmt"/>
        <line num="211" count="15" type="stmt"/>
        <line num="213" count="15" type="stmt"/>
        <line num="214" count="9" type="cond" truecount="4" falsecount="0"/>
        <line num="215" count="9" type="cond" truecount="4" falsecount="0"/>
        <line num="216" count="9" type="cond" truecount="4" falsecount="0"/>
        <line num="219" count="15" type="stmt"/>
        <line num="220" count="15" type="stmt"/>
        <line num="221" count="9" type="cond" truecount="5" falsecount="0"/>
        <line num="222" count="7" type="stmt"/>
        <line num="225" count="15" type="stmt"/>
      </file>
      <file name="locationTracker.ts" path="/Users/a7206035376/Documents/Projects/GhostKitchen/ghost-kitchen-frontend/lib/locationTracker.ts">
        <metrics statements="91" coveredstatements="89" conditionals="62" coveredconditionals="55" methods="24" coveredmethods="23"/>
        <line num="1" count="2" type="stmt"/>
        <line num="21" count="2" type="stmt"/>
        <line num="22" count="2" type="stmt"/>
        <line num="23" count="2" type="stmt"/>
        <line num="24" count="2" type="stmt"/>
        <line num="38" count="2" type="stmt"/>
        <line num="39" count="2" type="stmt"/>
        <line num="40" count="2" type="stmt"/>
        <line num="41" count="2" type="stmt"/>
        <line num="42" count="2" type="stmt"/>
        <line num="43" count="2" type="stmt"/>
        <line num="44" count="2" type="stmt"/>
        <line num="45" count="2" type="stmt"/>
        <line num="47" count="2" type="stmt"/>
        <line num="50" count="45" type="stmt"/>
        <line num="54" count="1" type="stmt"/>
        <line num="58" count="14" type="stmt"/>
        <line num="59" count="14" type="stmt"/>
        <line num="65" count="1" type="stmt"/>
        <line num="66" count="1" type="stmt"/>
        <line num="70" count="87" type="cond" truecount="2" falsecount="0"/>
        <line num="71" count="47" type="stmt"/>
        <line num="72" count="47" type="stmt"/>
        <line num="76" count="49" type="stmt"/>
        <line num="80" count="50" type="cond" truecount="2" falsecount="0"/>
        <line num="84" count="21" type="cond" truecount="4" falsecount="0"/>
        <line num="85" count="2" type="stmt"/>
        <line num="86" count="2" type="stmt"/>
        <line num="88" count="19" type="cond" truecount="2" falsecount="0"/>
        <line num="90" count="18" type="stmt"/>
        <line num="91" count="18" type="stmt"/>
        <line num="93" count="18" type="stmt"/>
        <line num="98" count="18" type="stmt"/>
        <line num="100" count="18" type="cond" truecount="1" falsecount="1"/>
        <line num="101" count="18" type="stmt"/>
        <line num="102" count="18" type="stmt"/>
        <line num="103" count="18" type="stmt"/>
        <line num="104" count="18" type="stmt"/>
        <line num="107" count="18" type="cond" truecount="1" falsecount="1"/>
        <line num="111" count="34" type="cond" truecount="5" falsecount="0"/>
        <line num="112" count="18" type="stmt"/>
        <line num="114" count="34" type="cond" truecount="2" falsecount="0"/>
        <line num="115" count="34" type="stmt"/>
        <line num="116" count="34" type="stmt"/>
        <line num="117" count="34" type="stmt"/>
        <line num="118" count="34" type="stmt"/>
        <line num="119" count="34" type="stmt"/>
        <line num="121" count="34" type="cond" truecount="2" falsecount="0"/>
        <line num="122" count="18" type="stmt"/>
        <line num="123" count="18" type="stmt"/>
        <line num="124" count="18" type="stmt"/>
        <line num="125" count="18" type="stmt"/>
        <line num="128" count="34" type="stmt"/>
        <line num="132" count="18" type="cond" truecount="3" falsecount="1"/>
        <line num="138" count="18" type="cond" truecount="1" falsecount="1"/>
        <line num="139" count="18" type="stmt"/>
        <line num="142" count="2" type="stmt"/>
        <line num="143" count="15" type="stmt"/>
        <line num="144" count="15" type="stmt"/>
        <line num="151" count="15" type="stmt"/>
        <line num="152" count="15" type="cond" truecount="2" falsecount="0"/>
        <line num="153" count="15" type="stmt"/>
        <line num="156" count="2" type="stmt"/>
        <line num="157" count="2" type="cond" truecount="2" falsecount="0"/>
        <line num="160" count="2" type="stmt"/>
        <line num="161" count="1" type="stmt"/>
        <line num="162" count="1" type="stmt"/>
        <line num="165" count="2" type="stmt"/>
        <line num="166" count="2" type="stmt"/>
        <line num="169" count="2" type="stmt"/>
        <line num="170" count="0" type="stmt"/>
        <line num="171" count="0" type="cond" truecount="0" falsecount="2"/>
        <line num="174" count="2" type="stmt"/>
        <line num="175" count="17" type="cond" truecount="2" falsecount="0"/>
        <line num="176" count="2" type="stmt"/>
        <line num="177" count="2" type="stmt"/>
        <line num="179" count="15" type="stmt"/>
        <line num="180" count="15" type="cond" truecount="3" falsecount="1"/>
        <line num="182" count="15" type="stmt"/>
        <line num="183" count="15" type="cond" truecount="2" falsecount="0"/>
        <line num="184" count="17" type="cond" truecount="2" falsecount="0"/>
        <line num="185" count="17" type="cond" truecount="4" falsecount="0"/>
        <line num="187" count="14" type="stmt"/>
        <line num="188" count="14" type="stmt"/>
        <line num="189" count="14" type="stmt"/>
        <line num="195" count="13" type="stmt"/>
        <line num="196" count="13" type="stmt"/>
        <line num="200" count="14" type="stmt"/>
        <line num="205" count="2" type="stmt"/>
        <line num="207" count="21" type="stmt"/>
        <line num="208" count="16" type="stmt"/>
      </file>
      <file name="utils.ts" path="/Users/a7206035376/Documents/Projects/GhostKitchen/ghost-kitchen-frontend/lib/utils.ts">
        <metrics statements="16" coveredstatements="3" conditionals="0" coveredconditionals="0" methods="7" coveredmethods="1"/>
        <line num="5" count="40" type="stmt"/>
        <line num="9" count="2" type="stmt"/>
        <line num="12" count="2" type="stmt"/>
        <line num="19" count="0" type="stmt"/>
        <line num="30" count="0" type="stmt"/>
        <line num="31" count="0" type="stmt"/>
        <line num="32" count="0" type="stmt"/>
        <line num="39" count="0" type="stmt"/>
        <line num="48" count="0" type="stmt"/>
        <line num="49" count="0" type="stmt"/>
        <line num="50" count="0" type="stmt"/>
        <line num="56" count="0" type="stmt"/>
        <line num="65" count="0" type="stmt"/>
        <line num="66" count="0" type="stmt"/>
        <line num="67" count="0" type="stmt"/>
        <line num="72" count="0" type="stmt"/>
      </file>
    </package>
    <package name="store">
      <metrics statements="88" coveredstatements="76" conditionals="43" coveredconditionals="21" methods="19" coveredmethods="19"/>
      <file name="authStore.ts" path="/Users/a7206035376/Documents/Projects/GhostKitchen/ghost-kitchen-frontend/store/authStore.ts">
        <metrics statements="43" coveredstatements="43" conditionals="23" coveredconditionals="15" methods="10" coveredmethods="10"/>
        <line num="1" count="1" type="stmt"/>
        <line num="8" count="1" type="cond" truecount="2" falsecount="0"/>
        <line num="10" count="1" type="stmt"/>
        <line num="41" count="1" type="stmt"/>
        <line num="43" count="1" type="stmt"/>
        <line num="52" count="1" type="stmt"/>
        <line num="55" count="2" type="cond" truecount="2" falsecount="0"/>
        <line num="57" count="1" type="stmt"/>
        <line num="60" count="2" type="stmt"/>
        <line num="61" count="2" type="stmt"/>
        <line num="62" count="2" type="stmt"/>
        <line num="63" count="1" type="cond" truecount="1" falsecount="1"/>
        <line num="64" count="2" type="stmt"/>
        <line num="66" count="1" type="cond" truecount="2" falsecount="1"/>
        <line num="67" count="1" type="stmt"/>
        <line num="68" count="1" type="stmt"/>
        <line num="73" count="2" type="stmt"/>
        <line num="74" count="2" type="stmt"/>
        <line num="75" count="2" type="stmt"/>
        <line num="76" count="1" type="cond" truecount="1" falsecount="1"/>
        <line num="77" count="2" type="stmt"/>
        <line num="79" count="1" type="cond" truecount="1" falsecount="2"/>
        <line num="80" count="1" type="stmt"/>
        <line num="81" count="1" type="stmt"/>
        <line num="86" count="2" type="stmt"/>
        <line num="89" count="2" type="stmt"/>
        <line num="90" count="2" type="stmt"/>
        <line num="94" count="2" type="stmt"/>
        <line num="98" count="3" type="stmt"/>
        <line num="99" count="3" type="stmt"/>
        <line num="104" count="3" type="stmt"/>
        <line num="105" count="3" type="stmt"/>
        <line num="106" count="1" type="cond" truecount="1" falsecount="1"/>
        <line num="107" count="3" type="stmt"/>
        <line num="110" count="2" type="cond" truecount="1" falsecount="1"/>
        <line num="111" count="2" type="stmt"/>
        <line num="113" count="2" type="cond" truecount="2" falsecount="1"/>
        <line num="114" count="2" type="cond" truecount="2" falsecount="0"/>
        <line num="115" count="1" type="stmt"/>
        <line num="117" count="1" type="stmt"/>
        <line num="124" count="36" type="stmt"/>
        <line num="130" count="1" type="stmt"/>
        <line num="131" count="1" type="stmt"/>
      </file>
      <file name="cartStore.ts" path="/Users/a7206035376/Documents/Projects/GhostKitchen/ghost-kitchen-frontend/store/cartStore.ts">
        <metrics statements="45" coveredstatements="33" conditionals="20" coveredconditionals="6" methods="9" coveredmethods="9"/>
        <line num="15" count="1" type="stmt"/>
        <line num="51" count="1" type="stmt"/>
        <line num="63" count="7" type="stmt"/>
        <line num="64" count="7" type="stmt"/>
        <line num="65" count="7" type="stmt"/>
        <line num="66" count="6" type="stmt"/>
        <line num="67" count="6" type="stmt"/>
        <line num="69" count="1" type="cond" truecount="1" falsecount="2"/>
        <line num="70" count="1" type="stmt"/>
        <line num="71" count="1" type="stmt"/>
        <line num="79" count="2" type="stmt"/>
        <line num="80" count="2" type="stmt"/>
        <line num="81" count="2" type="stmt"/>
        <line num="83" count="2" type="stmt"/>
        <line num="85" count="0" type="cond" truecount="0" falsecount="3"/>
        <line num="86" count="0" type="stmt"/>
        <line num="87" count="0" type="stmt"/>
        <line num="95" count="2" type="stmt"/>
        <line num="96" count="2" type="stmt"/>
        <line num="97" count="2" type="stmt"/>
        <line num="99" count="2" type="stmt"/>
        <line num="101" count="0" type="cond" truecount="0" falsecount="3"/>
        <line num="102" count="0" type="stmt"/>
        <line num="103" count="0" type="stmt"/>
        <line num="111" count="2" type="cond" truecount="2" falsecount="0"/>
        <line num="113" count="1" type="stmt"/>
        <line num="116" count="1" type="stmt"/>
        <line num="117" count="1" type="stmt"/>
        <line num="118" count="1" type="stmt"/>
        <line num="120" count="1" type="stmt"/>
        <line num="122" count="0" type="cond" truecount="0" falsecount="3"/>
        <line num="123" count="0" type="stmt"/>
        <line num="124" count="0" type="stmt"/>
        <line num="132" count="1" type="stmt"/>
        <line num="133" count="1" type="stmt"/>
        <line num="134" count="1" type="stmt"/>
        <line num="135" count="1" type="stmt"/>
        <line num="137" count="0" type="cond" truecount="0" falsecount="3"/>
        <line num="138" count="0" type="stmt"/>
        <line num="139" count="0" type="stmt"/>
        <line num="147" count="2" type="stmt"/>
        <line num="148" count="2" type="stmt"/>
        <line num="149" count="2" type="stmt"/>
        <line num="158" count="2" type="stmt"/>
        <line num="159" count="2" type="cond" truecount="2" falsecount="0"/>
      </file>
    </package>
  </project>
</coverage>
