{"/Users/a7206035376/Documents/Projects/GhostKitchen/ghost-kitchen-frontend/components/admin/AdminLiveOperationsMap.tsx": {"path":"/Users/a7206035376/Documents/Projects/GhostKitchen/ghost-kitchen-frontend/components/admin/AdminLiveOperationsMap.tsx","statementMap":{"0":{"start":{"line":1,"column":0},"end":{"line":1,"column":null}},"1":{"start":{"line":32,"column":41},"end":{"line":32,"column":null}},"2":{"start":{"line":33,"column":21},"end":{"line":33,"column":null}},"3":{"start":{"line":36,"column":18},"end":{"line":36,"column":null}},"4":{"start":{"line":39,"column":14},"end":{"line":39,"column":null}},"5":{"start":{"line":40,"column":17},"end":{"line":40,"column":null}},"6":{"start":{"line":41,"column":2},"end":{"line":41,"column":null}},"7":{"start":{"line":41,"column":14},"end":{"line":41,"column":null}},"8":{"start":{"line":42,"column":15},"end":{"line":47,"column":null}},"9":{"start":{"line":48,"column":2},"end":{"line":48,"column":null}},"10":{"start":{"line":49,"column":2},"end":{"line":49,"column":null}},"11":{"start":{"line":53,"column":14},"end":{"line":53,"column":null}},"12":{"start":{"line":54,"column":17},"end":{"line":54,"column":null}},"13":{"start":{"line":55,"column":2},"end":{"line":55,"column":null}},"14":{"start":{"line":55,"column":14},"end":{"line":55,"column":null}},"15":{"start":{"line":56,"column":15},"end":{"line":61,"column":null}},"16":{"start":{"line":62,"column":2},"end":{"line":62,"column":null}},"17":{"start":{"line":63,"column":2},"end":{"line":63,"column":null}},"18":{"start":{"line":67,"column":14},"end":{"line":67,"column":null}},"19":{"start":{"line":68,"column":17},"end":{"line":68,"column":null}},"20":{"start":{"line":69,"column":2},"end":{"line":69,"column":null}},"21":{"start":{"line":69,"column":14},"end":{"line":69,"column":null}},"22":{"start":{"line":70,"column":15},"end":{"line":75,"column":null}},"23":{"start":{"line":76,"column":2},"end":{"line":76,"column":null}},"24":{"start":{"line":77,"column":2},"end":{"line":77,"column":null}},"25":{"start":{"line":80,"column":6},"end":{"line":83,"column":null}},"26":{"start":{"line":81,"column":12},"end":{"line":81,"column":null}},"27":{"start":{"line":82,"column":2},"end":{"line":82,"column":null}},"28":{"start":{"line":86,"column":6},"end":{"line":107,"column":null}},"29":{"start":{"line":87,"column":2},"end":{"line":98,"column":null}},"30":{"start":{"line":101,"column":2},"end":{"line":106,"column":null}},"31":{"start":{"line":109,"column":6},"end":{"line":134,"column":null}},"32":{"start":{"line":110,"column":2},"end":{"line":124,"column":null}},"33":{"start":{"line":127,"column":2},"end":{"line":133,"column":null}},"34":{"start":{"line":136,"column":6},"end":{"line":152,"column":null}},"35":{"start":{"line":139,"column":2},"end":{"line":150,"column":null}},"36":{"start":{"line":152,"column":13},"end":{"line":152,"column":113}},"37":{"start":{"line":157,"column":8},"end":{"line":157,"column":null}},"38":{"start":{"line":158,"column":2},"end":{"line":162,"column":null}},"39":{"start":{"line":159,"column":4},"end":{"line":159,"column":null}},"40":{"start":{"line":159,"column":25},"end":{"line":159,"column":null}},"41":{"start":{"line":160,"column":17},"end":{"line":160,"column":null}},"42":{"start":{"line":161,"column":4},"end":{"line":161,"column":null}},"43":{"start":{"line":163,"column":2},"end":{"line":163,"column":null}},"44":{"start":{"line":168,"column":8},"end":{"line":168,"column":null}},"45":{"start":{"line":169,"column":8},"end":{"line":169,"column":null}},"46":{"start":{"line":171,"column":2},"end":{"line":194,"column":null}},"47":{"start":{"line":172,"column":18},"end":{"line":172,"column":null}},"48":{"start":{"line":173,"column":4},"end":{"line":173,"column":null}},"49":{"start":{"line":173,"column":44},"end":{"line":173,"column":null}},"50":{"start":{"line":175,"column":4},"end":{"line":181,"column":null}},"51":{"start":{"line":176,"column":6},"end":{"line":179,"column":null}},"52":{"start":{"line":177,"column":8},"end":{"line":177,"column":null}},"53":{"start":{"line":178,"column":8},"end":{"line":178,"column":null}},"54":{"start":{"line":180,"column":6},"end":{"line":180,"column":null}},"55":{"start":{"line":182,"column":4},"end":{"line":187,"column":null}},"56":{"start":{"line":183,"column":6},"end":{"line":183,"column":null}},"57":{"start":{"line":184,"column":6},"end":{"line":184,"column":null}},"58":{"start":{"line":186,"column":6},"end":{"line":186,"column":null}},"59":{"start":{"line":188,"column":4},"end":{"line":193,"column":null}},"60":{"start":{"line":189,"column":6},"end":{"line":192,"column":null}},"61":{"start":{"line":190,"column":8},"end":{"line":190,"column":null}},"62":{"start":{"line":191,"column":8},"end":{"line":191,"column":null}},"63":{"start":{"line":196,"column":2},"end":{"line":196,"column":null}},"64":{"start":{"line":201,"column":21},"end":{"line":201,"column":null}},"65":{"start":{"line":202,"column":22},"end":{"line":202,"column":null}},"66":{"start":{"line":203,"column":23},"end":{"line":203,"column":null}},"67":{"start":{"line":204,"column":18},"end":{"line":204,"column":null}},"68":{"start":{"line":204,"column":47},"end":{"line":204,"column":57}},"69":{"start":{"line":207,"column":22},"end":{"line":207,"column":null}},"70":{"start":{"line":208,"column":27},"end":{"line":208,"column":null}},"71":{"start":{"line":209,"column":23},"end":{"line":209,"column":null}},"72":{"start":{"line":210,"column":26},"end":{"line":210,"column":null}},"73":{"start":{"line":211,"column":25},"end":{"line":211,"column":null}},"74":{"start":{"line":212,"column":22},"end":{"line":212,"column":null}},"75":{"start":{"line":213,"column":26},"end":{"line":213,"column":null}},"76":{"start":{"line":215,"column":27},"end":{"line":219,"column":null}},"77":{"start":{"line":217,"column":19},"end":{"line":217,"column":null}},"78":{"start":{"line":217,"column":58},"end":{"line":217,"column":64}},"79":{"start":{"line":221,"column":2},"end":{"line":236,"column":null}},"80":{"start":{"line":222,"column":4},"end":{"line":222,"column":null}},"81":{"start":{"line":222,"column":15},"end":{"line":222,"column":null}},"82":{"start":{"line":223,"column":4},"end":{"line":223,"column":null}},"83":{"start":{"line":224,"column":4},"end":{"line":224,"column":null}},"84":{"start":{"line":225,"column":4},"end":{"line":235,"column":null}},"85":{"start":{"line":226,"column":46},"end":{"line":226,"column":null}},"86":{"start":{"line":227,"column":6},"end":{"line":233,"column":null}},"87":{"start":{"line":228,"column":25},"end":{"line":228,"column":null}},"88":{"start":{"line":229,"column":8},"end":{"line":232,"column":null}},"89":{"start":{"line":234,"column":6},"end":{"line":234,"column":null}},"90":{"start":{"line":239,"column":2},"end":{"line":270,"column":null}},"91":{"start":{"line":240,"column":54},"end":{"line":240,"column":null}},"92":{"start":{"line":241,"column":4},"end":{"line":246,"column":null}},"93":{"start":{"line":242,"column":6},"end":{"line":242,"column":null}},"94":{"start":{"line":243,"column":6},"end":{"line":243,"column":null}},"95":{"start":{"line":243,"column":29},"end":{"line":243,"column":null}},"96":{"start":{"line":245,"column":6},"end":{"line":245,"column":null}},"97":{"start":{"line":247,"column":10},"end":{"line":265,"column":null}},"98":{"start":{"line":248,"column":6},"end":{"line":264,"column":null}},"99":{"start":{"line":249,"column":25},"end":{"line":249,"column":null}},"100":{"start":{"line":250,"column":8},"end":{"line":263,"column":null}},"101":{"start":{"line":266,"column":4},"end":{"line":266,"column":null}},"102":{"start":{"line":267,"column":4},"end":{"line":269,"column":null}},"103":{"start":{"line":268,"column":6},"end":{"line":268,"column":null}},"104":{"start":{"line":272,"column":2},"end":{"line":275,"column":null}},"105":{"start":{"line":273,"column":15},"end":{"line":273,"column":null}},"106":{"start":{"line":273,"column":33},"end":{"line":273,"column":57}},"107":{"start":{"line":274,"column":4},"end":{"line":274,"column":null}},"108":{"start":{"line":274,"column":17},"end":{"line":274,"column":null}},"109":{"start":{"line":278,"column":8},"end":{"line":281,"column":null}},"110":{"start":{"line":279,"column":10},"end":{"line":279,"column":null}},"111":{"start":{"line":279,"column":48},"end":{"line":279,"column":108}},"112":{"start":{"line":283,"column":8},"end":{"line":286,"column":null}},"113":{"start":{"line":283,"column":24},"end":{"line":284,"column":null}},"114":{"start":{"line":287,"column":8},"end":{"line":290,"column":null}},"115":{"start":{"line":288,"column":11},"end":{"line":288,"column":null}},"116":{"start":{"line":291,"column":8},"end":{"line":291,"column":null}},"117":{"start":{"line":291,"column":16},"end":{"line":291,"column":80}},"118":{"start":{"line":292,"column":8},"end":{"line":292,"column":null}},"119":{"start":{"line":292,"column":15},"end":{"line":292,"column":68}},"120":{"start":{"line":294,"column":8},"end":{"line":297,"column":null}},"121":{"start":{"line":295,"column":10},"end":{"line":295,"column":null}},"122":{"start":{"line":295,"column":35},"end":{"line":295,"column":59}},"123":{"start":{"line":298,"column":8},"end":{"line":298,"column":null}},"124":{"start":{"line":298,"column":31},"end":{"line":298,"column":90}},"125":{"start":{"line":300,"column":8},"end":{"line":310,"column":null}},"126":{"start":{"line":300,"column":26},"end":{"line":308,"column":null}},"127":{"start":{"line":304,"column":22},"end":{"line":304,"column":null}},"128":{"start":{"line":305,"column":22},"end":{"line":305,"column":null}},"129":{"start":{"line":306,"column":10},"end":{"line":306,"column":null}},"130":{"start":{"line":308,"column":82},"end":{"line":308,"column":92}},"131":{"start":{"line":312,"column":8},"end":{"line":312,"column":null}},"132":{"start":{"line":314,"column":2},"end":{"line":451,"column":null}},"133":{"start":{"line":333,"column":10},"end":{"line":338,"column":null}},"134":{"start":{"line":350,"column":33},"end":{"line":350,"column":null}},"135":{"start":{"line":359,"column":33},"end":{"line":359,"column":null}},"136":{"start":{"line":369,"column":95},"end":{"line":369,"column":142}},"137":{"start":{"line":369,"column":119},"end":{"line":369,"column":139}},"138":{"start":{"line":370,"column":97},"end":{"line":370,"column":145}},"139":{"start":{"line":370,"column":121},"end":{"line":370,"column":142}},"140":{"start":{"line":371,"column":91},"end":{"line":371,"column":136}},"141":{"start":{"line":371,"column":115},"end":{"line":371,"column":133}},"142":{"start":{"line":387,"column":18},"end":{"line":402,"column":null}},"143":{"start":{"line":390,"column":37},"end":{"line":390,"column":null}},"144":{"start":{"line":426,"column":16},"end":{"line":426,"column":null}},"145":{"start":{"line":432,"column":18},"end":{"line":432,"column":null}},"146":{"start":{"line":437,"column":16},"end":{"line":437,"column":null}},"147":{"start":{"line":465,"column":2},"end":{"line":480,"column":null}},"148":{"start":{"line":467,"column":64},"end":{"line":467,"column":92}}},"fnMap":{"0":{"name":"dotIcon","decl":{"start":{"line":38,"column":9},"end":{"line":38,"column":17}},"loc":{"start":{"line":38,"column":57},"end":{"line":50,"column":null}},"line":38},"1":{"name":"squareIcon","decl":{"start":{"line":52,"column":9},"end":{"line":52,"column":20}},"loc":{"start":{"line":52,"column":60},"end":{"line":64,"column":null}},"line":52},"2":{"name":"ringIcon","decl":{"start":{"line":66,"column":9},"end":{"line":66,"column":18}},"loc":{"start":{"line":66,"column":58},"end":{"line":78,"column":null}},"line":66},"3":{"name":"(anonymous_3)","decl":{"start":{"line":80,"column":6},"end":{"line":80,"column":17}},"loc":{"start":{"line":80,"column":33},"end":{"line":83,"column":null}},"line":80},"4":{"name":"RestaurantMarker","decl":{"start":{"line":86,"column":39},"end":{"line":86,"column":56}},"loc":{"start":{"line":86,"column":86},"end":{"line":100,"column":4}},"line":86},"5":{"name":"(anonymous_5)","decl":{"start":{"line":100,"column":0},"end":{"line":100,"column":4}},"loc":{"start":{"line":101,"column":2},"end":{"line":106,"column":null}},"line":101},"6":{"name":"RiderMarker","decl":{"start":{"line":109,"column":34},"end":{"line":109,"column":46}},"loc":{"start":{"line":109,"column":79},"end":{"line":126,"column":4}},"line":109},"7":{"name":"(anonymous_7)","decl":{"start":{"line":126,"column":0},"end":{"line":126,"column":4}},"loc":{"start":{"line":127,"column":2},"end":{"line":133,"column":null}},"line":127},"8":{"name":"ActiveDeliveryMarker","decl":{"start":{"line":136,"column":43},"end":{"line":136,"column":64}},"loc":{"start":{"line":138,"column":57},"end":{"line":152,"column":4}},"line":138},"9":{"name":"(anonymous_9)","decl":{"start":{"line":152,"column":0},"end":{"line":152,"column":4}},"loc":{"start":{"line":152,"column":13},"end":{"line":152,"column":113}},"line":152},"10":{"name":"FlyTo","decl":{"start":{"line":156,"column":9},"end":{"line":156,"column":15}},"loc":{"start":{"line":156,"column":54},"end":{"line":164,"column":null}},"line":156},"11":{"name":"(anonymous_11)","decl":{"start":{"line":158,"column":2},"end":{"line":158,"column":18}},"loc":{"start":{"line":158,"column":18},"end":{"line":162,"column":5}},"line":158},"12":{"name":"HeatLayer","decl":{"start":{"line":167,"column":9},"end":{"line":167,"column":19}},"loc":{"start":{"line":167,"column":103},"end":{"line":197,"column":null}},"line":167},"13":{"name":"(anonymous_13)","decl":{"start":{"line":171,"column":2},"end":{"line":171,"column":18}},"loc":{"start":{"line":171,"column":18},"end":{"line":194,"column":5}},"line":171},"14":{"name":"(anonymous_14)","decl":{"start":{"line":188,"column":4},"end":{"line":188,"column":17}},"loc":{"start":{"line":188,"column":17},"end":{"line":193,"column":null}},"line":188},"15":{"name":"AdminLiveOperationsMap","decl":{"start":{"line":200,"column":24},"end":{"line":200,"column":49}},"loc":{"start":{"line":200,"column":49},"end":{"line":453,"column":null}},"line":200},"16":{"name":"(anonymous_16)","decl":{"start":{"line":204,"column":32},"end":{"line":204,"column":47}},"loc":{"start":{"line":204,"column":47},"end":{"line":204,"column":57}},"line":204},"17":{"name":"(anonymous_17)","decl":{"start":{"line":217,"column":4},"end":{"line":217,"column":19}},"loc":{"start":{"line":217,"column":19},"end":{"line":217,"column":null}},"line":217},"18":{"name":"(anonymous_18)","decl":{"start":{"line":217,"column":46},"end":{"line":217,"column":52}},"loc":{"start":{"line":217,"column":58},"end":{"line":217,"column":64}},"line":217},"19":{"name":"(anonymous_19)","decl":{"start":{"line":221,"column":2},"end":{"line":221,"column":18}},"loc":{"start":{"line":221,"column":18},"end":{"line":236,"column":5}},"line":221},"20":{"name":"(anonymous_20)","decl":{"start":{"line":225,"column":4},"end":{"line":225,"column":19}},"loc":{"start":{"line":225,"column":28},"end":{"line":235,"column":5}},"line":225},"21":{"name":"(anonymous_21)","decl":{"start":{"line":239,"column":2},"end":{"line":239,"column":18}},"loc":{"start":{"line":239,"column":18},"end":{"line":270,"column":5}},"line":239},"22":{"name":"(anonymous_22)","decl":{"start":{"line":247,"column":10},"end":{"line":247,"column":24}},"loc":{"start":{"line":247,"column":51},"end":{"line":265,"column":null}},"line":247},"23":{"name":"(anonymous_23)","decl":{"start":{"line":248,"column":6},"end":{"line":248,"column":21}},"loc":{"start":{"line":248,"column":30},"end":{"line":264,"column":7}},"line":248},"24":{"name":"(anonymous_24)","decl":{"start":{"line":267,"column":4},"end":{"line":267,"column":17}},"loc":{"start":{"line":267,"column":17},"end":{"line":269,"column":null}},"line":267},"25":{"name":"(anonymous_25)","decl":{"start":{"line":272,"column":2},"end":{"line":272,"column":18}},"loc":{"start":{"line":272,"column":18},"end":{"line":275,"column":5}},"line":272},"26":{"name":"(anonymous_26)","decl":{"start":{"line":273,"column":15},"end":{"line":273,"column":33}},"loc":{"start":{"line":273,"column":33},"end":{"line":273,"column":57}},"line":273},"27":{"name":"(anonymous_27)","decl":{"start":{"line":274,"column":4},"end":{"line":274,"column":17}},"loc":{"start":{"line":274,"column":17},"end":{"line":274,"column":null}},"line":274},"28":{"name":"(anonymous_28)","decl":{"start":{"line":278,"column":17},"end":{"line":278,"column":null}},"loc":{"start":{"line":279,"column":10},"end":{"line":279,"column":null}},"line":279},"29":{"name":"(anonymous_29)","decl":{"start":{"line":279,"column":36},"end":{"line":279,"column":41}},"loc":{"start":{"line":279,"column":48},"end":{"line":279,"column":108}},"line":279},"30":{"name":"(anonymous_30)","decl":{"start":{"line":283,"column":24},"end":{"line":283,"column":null}},"loc":{"start":{"line":283,"column":24},"end":{"line":284,"column":null}},"line":283},"31":{"name":"(anonymous_31)","decl":{"start":{"line":287,"column":29},"end":{"line":287,"column":null}},"loc":{"start":{"line":288,"column":11},"end":{"line":288,"column":null}},"line":288},"32":{"name":"(anonymous_32)","decl":{"start":{"line":291,"column":16},"end":{"line":291,"column":30}},"loc":{"start":{"line":291,"column":16},"end":{"line":291,"column":80}},"line":291},"33":{"name":"(anonymous_33)","decl":{"start":{"line":292,"column":15},"end":{"line":292,"column":29}},"loc":{"start":{"line":292,"column":15},"end":{"line":292,"column":68}},"line":292},"34":{"name":"(anonymous_34)","decl":{"start":{"line":294,"column":24},"end":{"line":294,"column":null}},"loc":{"start":{"line":295,"column":10},"end":{"line":295,"column":null}},"line":295},"35":{"name":"(anonymous_35)","decl":{"start":{"line":295,"column":23},"end":{"line":295,"column":29}},"loc":{"start":{"line":295,"column":35},"end":{"line":295,"column":59}},"line":295},"36":{"name":"(anonymous_36)","decl":{"start":{"line":298,"column":16},"end":{"line":298,"column":31}},"loc":{"start":{"line":298,"column":31},"end":{"line":298,"column":90}},"line":298},"37":{"name":"(anonymous_37)","decl":{"start":{"line":300,"column":26},"end":{"line":300,"column":null}},"loc":{"start":{"line":300,"column":26},"end":{"line":308,"column":null}},"line":300},"38":{"name":"(anonymous_38)","decl":{"start":{"line":303,"column":9},"end":{"line":303,"column":14}},"loc":{"start":{"line":303,"column":20},"end":{"line":307,"column":9}},"line":303},"39":{"name":"(anonymous_39)","decl":{"start":{"line":308,"column":9},"end":{"line":308,"column":17}},"loc":{"start":{"line":308,"column":82},"end":{"line":308,"column":92}},"line":308},"40":{"name":"(anonymous_40)","decl":{"start":{"line":332,"column":10},"end":{"line":332,"column":15}},"loc":{"start":{"line":333,"column":10},"end":{"line":338,"column":null}},"line":333},"41":{"name":"(anonymous_41)","decl":{"start":{"line":350,"column":16},"end":{"line":350,"column":27}},"loc":{"start":{"line":350,"column":33},"end":{"line":350,"column":null}},"line":350},"42":{"name":"(anonymous_42)","decl":{"start":{"line":359,"column":16},"end":{"line":359,"column":27}},"loc":{"start":{"line":359,"column":33},"end":{"line":359,"column":null}},"line":359},"43":{"name":"(anonymous_43)","decl":{"start":{"line":369,"column":78},"end":{"line":369,"column":89}},"loc":{"start":{"line":369,"column":95},"end":{"line":369,"column":142}},"line":369},"44":{"name":"(anonymous_44)","decl":{"start":{"line":369,"column":95},"end":{"line":369,"column":112}},"loc":{"start":{"line":369,"column":119},"end":{"line":369,"column":139}},"line":369},"45":{"name":"(anonymous_45)","decl":{"start":{"line":370,"column":80},"end":{"line":370,"column":91}},"loc":{"start":{"line":370,"column":97},"end":{"line":370,"column":145}},"line":370},"46":{"name":"(anonymous_46)","decl":{"start":{"line":370,"column":97},"end":{"line":370,"column":114}},"loc":{"start":{"line":370,"column":121},"end":{"line":370,"column":142}},"line":370},"47":{"name":"(anonymous_47)","decl":{"start":{"line":371,"column":74},"end":{"line":371,"column":85}},"loc":{"start":{"line":371,"column":91},"end":{"line":371,"column":136}},"line":371},"48":{"name":"(anonymous_48)","decl":{"start":{"line":371,"column":91},"end":{"line":371,"column":108}},"loc":{"start":{"line":371,"column":115},"end":{"line":371,"column":133}},"line":371},"49":{"name":"(anonymous_49)","decl":{"start":{"line":386,"column":29},"end":{"line":386,"column":34}},"loc":{"start":{"line":387,"column":18},"end":{"line":402,"column":null}},"line":387},"50":{"name":"(anonymous_50)","decl":{"start":{"line":390,"column":22},"end":{"line":390,"column":37}},"loc":{"start":{"line":390,"column":37},"end":{"line":390,"column":null}},"line":390},"51":{"name":"(anonymous_51)","decl":{"start":{"line":425,"column":34},"end":{"line":425,"column":39}},"loc":{"start":{"line":426,"column":16},"end":{"line":426,"column":null}},"line":426},"52":{"name":"(anonymous_52)","decl":{"start":{"line":431,"column":31},"end":{"line":431,"column":36}},"loc":{"start":{"line":432,"column":18},"end":{"line":432,"column":null}},"line":432},"53":{"name":"(anonymous_53)","decl":{"start":{"line":436,"column":31},"end":{"line":436,"column":36}},"loc":{"start":{"line":437,"column":16},"end":{"line":437,"column":null}},"line":437},"54":{"name":"FilterToggle","decl":{"start":{"line":455,"column":9},"end":{"line":455,"column":22}},"loc":{"start":{"line":464,"column":3},"end":{"line":482,"column":null}},"line":464},"55":{"name":"(anonymous_55)","decl":{"start":{"line":467,"column":47},"end":{"line":467,"column":58}},"loc":{"start":{"line":467,"column":64},"end":{"line":467,"column":92}},"line":467}},"branchMap":{"0":{"loc":{"start":{"line":41,"column":2},"end":{"line":41,"column":null}},"type":"if","locations":[{"start":{"line":41,"column":2},"end":{"line":41,"column":null}},{"start":{},"end":{}}],"line":41},"1":{"loc":{"start":{"line":55,"column":2},"end":{"line":55,"column":null}},"type":"if","locations":[{"start":{"line":55,"column":2},"end":{"line":55,"column":null}},{"start":{},"end":{}}],"line":55},"2":{"loc":{"start":{"line":69,"column":2},"end":{"line":69,"column":null}},"type":"if","locations":[{"start":{"line":69,"column":2},"end":{"line":69,"column":null}},{"start":{},"end":{}}],"line":69},"3":{"loc":{"start":{"line":82,"column":9},"end":{"line":82,"column":null}},"type":"cond-expr","locations":[{"start":{"line":82,"column":37},"end":{"line":82,"column":43}},{"start":{"line":82,"column":43},"end":{"line":82,"column":null}}],"line":82},"4":{"loc":{"start":{"line":101,"column":2},"end":{"line":106,"column":null}},"type":"binary-expr","locations":[{"start":{"line":101,"column":2},"end":{"line":101,"column":null}},{"start":{"line":102,"column":2},"end":{"line":102,"column":null}},{"start":{"line":103,"column":2},"end":{"line":103,"column":null}},{"start":{"line":104,"column":2},"end":{"line":104,"column":null}},{"start":{"line":105,"column":2},"end":{"line":105,"column":null}},{"start":{"line":106,"column":2},"end":{"line":106,"column":null}}],"line":101},"5":{"loc":{"start":{"line":120,"column":24},"end":{"line":120,"column":77}},"type":"cond-expr","locations":[{"start":{"line":120,"column":46},"end":{"line":120,"column":70}},{"start":{"line":120,"column":70},"end":{"line":120,"column":77}}],"line":120},"6":{"loc":{"start":{"line":121,"column":26},"end":{"line":121,"column":79}},"type":"cond-expr","locations":[{"start":{"line":121,"column":50},"end":{"line":121,"column":72}},{"start":{"line":121,"column":72},"end":{"line":121,"column":79}}],"line":121},"7":{"loc":{"start":{"line":127,"column":2},"end":{"line":133,"column":null}},"type":"binary-expr","locations":[{"start":{"line":127,"column":2},"end":{"line":127,"column":null}},{"start":{"line":128,"column":2},"end":{"line":128,"column":null}},{"start":{"line":129,"column":2},"end":{"line":129,"column":null}},{"start":{"line":130,"column":2},"end":{"line":130,"column":null}},{"start":{"line":131,"column":2},"end":{"line":131,"column":null}},{"start":{"line":132,"column":2},"end":{"line":132,"column":null}},{"start":{"line":133,"column":2},"end":{"line":133,"column":null}}],"line":127},"8":{"loc":{"start":{"line":145,"column":29},"end":{"line":145,"column":62}},"type":"binary-expr","locations":[{"start":{"line":145,"column":29},"end":{"line":145,"column":55}},{"start":{"line":145,"column":55},"end":{"line":145,"column":62}}],"line":145},"9":{"loc":{"start":{"line":146,"column":27},"end":{"line":146,"column":58}},"type":"binary-expr","locations":[{"start":{"line":146,"column":27},"end":{"line":146,"column":51}},{"start":{"line":146,"column":51},"end":{"line":146,"column":58}}],"line":146},"10":{"loc":{"start":{"line":147,"column":24},"end":{"line":147,"column":61}},"type":"binary-expr","locations":[{"start":{"line":147,"column":24},"end":{"line":147,"column":45}},{"start":{"line":147,"column":45},"end":{"line":147,"column":61}}],"line":147},"11":{"loc":{"start":{"line":152,"column":13},"end":{"line":152,"column":113}},"type":"binary-expr","locations":[{"start":{"line":152,"column":13},"end":{"line":152,"column":32}},{"start":{"line":152,"column":32},"end":{"line":152,"column":51}},{"start":{"line":152,"column":51},"end":{"line":152,"column":88}},{"start":{"line":152,"column":88},"end":{"line":152,"column":113}}],"line":152},"12":{"loc":{"start":{"line":159,"column":4},"end":{"line":159,"column":null}},"type":"if","locations":[{"start":{"line":159,"column":4},"end":{"line":159,"column":null}},{"start":{},"end":{}}],"line":159},"13":{"loc":{"start":{"line":159,"column":8},"end":{"line":159,"column":25}},"type":"binary-expr","locations":[{"start":{"line":159,"column":8},"end":{"line":159,"column":19}},{"start":{"line":159,"column":19},"end":{"line":159,"column":25}}],"line":159},"14":{"loc":{"start":{"line":160,"column":26},"end":{"line":160,"column":92}},"type":"cond-expr","locations":[{"start":{"line":160,"column":62},"end":{"line":160,"column":78}},{"start":{"line":160,"column":78},"end":{"line":160,"column":92}}],"line":160},"15":{"loc":{"start":{"line":173,"column":4},"end":{"line":173,"column":null}},"type":"if","locations":[{"start":{"line":173,"column":4},"end":{"line":173,"column":null}},{"start":{},"end":{}}],"line":173},"16":{"loc":{"start":{"line":173,"column":8},"end":{"line":173,"column":44}},"type":"binary-expr","locations":[{"start":{"line":173,"column":8},"end":{"line":173,"column":16}},{"start":{"line":173,"column":16},"end":{"line":173,"column":44}}],"line":173},"17":{"loc":{"start":{"line":175,"column":4},"end":{"line":181,"column":null}},"type":"if","locations":[{"start":{"line":175,"column":4},"end":{"line":181,"column":null}},{"start":{},"end":{}}],"line":175},"18":{"loc":{"start":{"line":176,"column":6},"end":{"line":179,"column":null}},"type":"if","locations":[{"start":{"line":176,"column":6},"end":{"line":179,"column":null}},{"start":{},"end":{}}],"line":176},"19":{"loc":{"start":{"line":182,"column":4},"end":{"line":187,"column":null}},"type":"if","locations":[{"start":{"line":182,"column":4},"end":{"line":187,"column":null}},{"start":{"line":185,"column":11},"end":{"line":187,"column":null}}],"line":182},"20":{"loc":{"start":{"line":189,"column":6},"end":{"line":192,"column":null}},"type":"if","locations":[{"start":{"line":189,"column":6},"end":{"line":192,"column":null}},{"start":{},"end":{}}],"line":189},"21":{"loc":{"start":{"line":222,"column":4},"end":{"line":222,"column":null}},"type":"if","locations":[{"start":{"line":222,"column":4},"end":{"line":222,"column":null}},{"start":{},"end":{}}],"line":222},"22":{"loc":{"start":{"line":230,"column":10},"end":{"line":232,"column":null}},"type":"cond-expr","locations":[{"start":{"line":231,"column":14},"end":{"line":231,"column":null}},{"start":{"line":232,"column":14},"end":{"line":232,"column":null}}],"line":230},"23":{"loc":{"start":{"line":230,"column":10},"end":{"line":230,"column":null}},"type":"binary-expr","locations":[{"start":{"line":230,"column":10},"end":{"line":230,"column":22}},{"start":{"line":230,"column":22},"end":{"line":230,"column":null}}],"line":230},"24":{"loc":{"start":{"line":243,"column":6},"end":{"line":243,"column":null}},"type":"if","locations":[{"start":{"line":243,"column":6},"end":{"line":243,"column":null}},{"start":{},"end":{}}],"line":243},"25":{"loc":{"start":{"line":254,"column":18},"end":{"line":254,"column":null}},"type":"binary-expr","locations":[{"start":{"line":254,"column":18},"end":{"line":254,"column":36}},{"start":{"line":254,"column":36},"end":{"line":254,"column":null}}],"line":254},"26":{"loc":{"start":{"line":261,"column":30},"end":{"line":261,"column":null}},"type":"binary-expr","locations":[{"start":{"line":261,"column":30},"end":{"line":261,"column":60}},{"start":{"line":261,"column":60},"end":{"line":261,"column":null}}],"line":261},"27":{"loc":{"start":{"line":288,"column":11},"end":{"line":288,"column":null}},"type":"cond-expr","locations":[{"start":{"line":288,"column":11},"end":{"line":288,"column":80}},{"start":{"line":288,"column":80},"end":{"line":288,"column":null}}],"line":288},"28":{"loc":{"start":{"line":295,"column":10},"end":{"line":295,"column":null}},"type":"binary-expr","locations":[{"start":{"line":295,"column":10},"end":{"line":295,"column":64}},{"start":{"line":295,"column":64},"end":{"line":295,"column":null}}],"line":295},"29":{"loc":{"start":{"line":298,"column":31},"end":{"line":298,"column":90}},"type":"cond-expr","locations":[{"start":{"line":298,"column":31},"end":{"line":298,"column":83}},{"start":{"line":298,"column":83},"end":{"line":298,"column":90}}],"line":298},"30":{"loc":{"start":{"line":302,"column":7},"end":{"line":302,"column":null}},"type":"cond-expr","locations":[{"start":{"line":302,"column":24},"end":{"line":302,"column":39}},{"start":{"line":302,"column":39},"end":{"line":302,"column":null}}],"line":302},"31":{"loc":{"start":{"line":304,"column":22},"end":{"line":304,"column":null}},"type":"binary-expr","locations":[{"start":{"line":304,"column":22},"end":{"line":304,"column":43}},{"start":{"line":304,"column":43},"end":{"line":304,"column":69}},{"start":{"line":304,"column":69},"end":{"line":304,"column":null}}],"line":304},"32":{"loc":{"start":{"line":305,"column":22},"end":{"line":305,"column":null}},"type":"binary-expr","locations":[{"start":{"line":305,"column":22},"end":{"line":305,"column":44}},{"start":{"line":305,"column":44},"end":{"line":305,"column":71}},{"start":{"line":305,"column":71},"end":{"line":305,"column":null}}],"line":305},"33":{"loc":{"start":{"line":306,"column":17},"end":{"line":306,"column":null}},"type":"cond-expr","locations":[{"start":{"line":306,"column":46},"end":{"line":306,"column":71}},{"start":{"line":306,"column":71},"end":{"line":306,"column":null}}],"line":306},"34":{"loc":{"start":{"line":306,"column":17},"end":{"line":306,"column":46}},"type":"binary-expr","locations":[{"start":{"line":306,"column":17},"end":{"line":306,"column":32}},{"start":{"line":306,"column":32},"end":{"line":306,"column":46}}],"line":306},"35":{"loc":{"start":{"line":330,"column":37},"end":{"line":330,"column":91}},"type":"cond-expr","locations":[{"start":{"line":330,"column":63},"end":{"line":330,"column":87}},{"start":{"line":330,"column":87},"end":{"line":330,"column":91}}],"line":330},"36":{"loc":{"start":{"line":331,"column":39},"end":{"line":331,"column":101}},"type":"cond-expr","locations":[{"start":{"line":331,"column":67},"end":{"line":331,"column":97}},{"start":{"line":331,"column":97},"end":{"line":331,"column":101}}],"line":331},"37":{"loc":{"start":{"line":335,"column":53},"end":{"line":335,"column":null}},"type":"cond-expr","locations":[{"start":{"line":335,"column":67},"end":{"line":335,"column":86}},{"start":{"line":335,"column":86},"end":{"line":335,"column":null}}],"line":335},"38":{"loc":{"start":{"line":336,"column":15},"end":{"line":336,"column":null}},"type":"cond-expr","locations":[{"start":{"line":336,"column":27},"end":{"line":336,"column":33}},{"start":{"line":336,"column":33},"end":{"line":336,"column":null}}],"line":336},"39":{"loc":{"start":{"line":383,"column":15},"end":{"line":403,"column":null}},"type":"cond-expr","locations":[{"start":{"line":384,"column":16},"end":{"line":386,"column":29}},{"start":{"line":386,"column":16},"end":{"line":403,"column":null}}],"line":383},"40":{"loc":{"start":{"line":393,"column":24},"end":{"line":395,"column":null}},"type":"cond-expr","locations":[{"start":{"line":394,"column":28},"end":{"line":394,"column":null}},{"start":{"line":395,"column":28},"end":{"line":395,"column":null}}],"line":393},"41":{"loc":{"start":{"line":399,"column":70},"end":{"line":399,"column":106}},"type":"binary-expr","locations":[{"start":{"line":399,"column":70},"end":{"line":399,"column":87}},{"start":{"line":399,"column":87},"end":{"line":399,"column":106}}],"line":399},"42":{"loc":{"start":{"line":400,"column":75},"end":{"line":400,"column":107}},"type":"binary-expr","locations":[{"start":{"line":400,"column":75},"end":{"line":400,"column":97}},{"start":{"line":400,"column":97},"end":{"line":400,"column":107}}],"line":400},"43":{"loc":{"start":{"line":410,"column":9},"end":{"line":450,"column":null}},"type":"cond-expr","locations":[{"start":{"line":411,"column":10},"end":{"line":415,"column":11}},{"start":{"line":415,"column":10},"end":{"line":450,"column":null}}],"line":410},"44":{"loc":{"start":{"line":423,"column":29},"end":{"line":423,"column":52}},"type":"binary-expr","locations":[{"start":{"line":423,"column":29},"end":{"line":423,"column":45}},{"start":{"line":423,"column":45},"end":{"line":423,"column":52}}],"line":423},"45":{"loc":{"start":{"line":441,"column":15},"end":{"line":442,"column":null}},"type":"binary-expr","locations":[{"start":{"line":441,"column":15},"end":{"line":441,"column":null}},{"start":{"line":442,"column":16},"end":{"line":442,"column":null}}],"line":441},"46":{"loc":{"start":{"line":444,"column":15},"end":{"line":445,"column":null}},"type":"binary-expr","locations":[{"start":{"line":444,"column":15},"end":{"line":444,"column":null}},{"start":{"line":445,"column":16},"end":{"line":445,"column":null}}],"line":444},"47":{"loc":{"start":{"line":468,"column":7},"end":{"line":477,"column":null}},"type":"binary-expr","locations":[{"start":{"line":468,"column":7},"end":{"line":468,"column":null}},{"start":{"line":469,"column":8},"end":{"line":477,"column":null}}],"line":468},"48":{"loc":{"start":{"line":473,"column":24},"end":{"line":473,"column":null}},"type":"cond-expr","locations":[{"start":{"line":473,"column":31},"end":{"line":473,"column":47}},{"start":{"line":473,"column":47},"end":{"line":473,"column":null}}],"line":473},"49":{"loc":{"start":{"line":474,"column":20},"end":{"line":474,"column":null}},"type":"cond-expr","locations":[{"start":{"line":474,"column":27},"end":{"line":474,"column":48}},{"start":{"line":474,"column":48},"end":{"line":474,"column":null}}],"line":474},"50":{"loc":{"start":{"line":475,"column":26},"end":{"line":475,"column":null}},"type":"cond-expr","locations":[{"start":{"line":475,"column":35},"end":{"line":475,"column":43}},{"start":{"line":475,"column":43},"end":{"line":475,"column":null}}],"line":475}},"s":{"0":1,"1":1,"2":1,"3":1,"4":7,"5":7,"6":7,"7":6,"8":1,"9":1,"10":1,"11":6,"12":6,"13":6,"14":5,"15":1,"16":1,"17":1,"18":6,"19":6,"20":6,"21":5,"22":1,"23":1,"24":1,"25":1,"26":7,"27":7,"28":1,"29":6,"30":3,"31":1,"32":7,"33":3,"34":1,"35":6,"36":4,"37":23,"38":23,"39":23,"40":22,"41":1,"42":23,"43":23,"44":23,"45":23,"46":23,"47":23,"48":23,"49":23,"50":0,"51":0,"52":0,"53":0,"54":0,"55":0,"56":0,"57":0,"58":0,"59":0,"60":0,"61":0,"62":0,"63":23,"64":23,"65":23,"66":23,"67":23,"68":7,"69":23,"70":23,"71":23,"72":23,"73":23,"74":23,"75":23,"76":23,"77":7,"78":7,"79":23,"80":13,"81":7,"82":6,"83":6,"84":6,"85":6,"86":6,"87":6,"88":6,"89":6,"90":23,"91":7,"92":7,"93":7,"94":7,"95":0,"96":0,"97":7,"98":1,"99":1,"100":1,"101":7,"102":7,"103":7,"104":23,"105":7,"106":0,"107":7,"108":7,"109":23,"110":14,"111":7,"112":23,"113":15,"114":23,"115":14,"116":23,"117":14,"118":23,"119":13,"120":23,"121":14,"122":7,"123":23,"124":8,"125":23,"126":13,"127":6,"128":6,"129":6,"130":6,"131":23,"132":23,"133":115,"134":1,"135":0,"136":0,"137":0,"138":0,"139":0,"140":0,"141":0,"142":10,"143":1,"144":9,"145":9,"146":10,"147":138,"148":1},"f":{"0":7,"1":6,"2":6,"3":7,"4":6,"5":3,"6":7,"7":3,"8":6,"9":4,"10":23,"11":23,"12":23,"13":23,"14":0,"15":23,"16":7,"17":7,"18":7,"19":13,"20":6,"21":7,"22":1,"23":1,"24":7,"25":7,"26":0,"27":7,"28":14,"29":7,"30":15,"31":14,"32":14,"33":13,"34":14,"35":7,"36":8,"37":13,"38":6,"39":6,"40":115,"41":1,"42":0,"43":0,"44":0,"45":0,"46":0,"47":0,"48":0,"49":10,"50":1,"51":9,"52":9,"53":10,"54":138,"55":1},"b":{"0":[6,1],"1":[5,1],"2":[5,1],"3":[0,7],"4":[3,3,3,3,3,3],"5":[7,0],"6":[7,0],"7":[3,2,2,2,2,2,2],"8":[6,0],"9":[6,0],"10":[6,0],"11":[4,4,4,4],"12":[22,1],"13":[23,1],"14":[1,0],"15":[23,0],"16":[23,23],"17":[0,0],"18":[0,0],"19":[0,0],"20":[0,0],"21":[7,6],"22":[0,6],"23":[6,0],"24":[0,7],"25":[1,0],"26":[1,0],"27":[13,1],"28":[14,13],"29":[1,7],"30":[13,0],"31":[6,0,0],"32":[6,0,0],"33":[6,0],"34":[6,6],"35":[10,13],"36":[10,13],"37":[23,92],"38":[35,80],"39":[13,10],"40":[1,9],"41":[10,0],"42":[10,0],"43":[0,23],"44":[23,22],"45":[23,1],"46":[23,1],"47":[138,115],"48":[23,92],"49":[23,92],"50":[23,92]},"meta":{"lastBranch":51,"lastFunction":56,"lastStatement":149,"seen":{"s:1:0:1:Infinity":0,"s:32:41:32:Infinity":1,"s:33:21:33:Infinity":2,"s:36:18:36:Infinity":3,"f:38:9:38:17":0,"s:39:14:39:Infinity":4,"s:40:17:40:Infinity":5,"b:41:2:41:Infinity:undefined:undefined:undefined:undefined":0,"s:41:2:41:Infinity":6,"s:41:14:41:Infinity":7,"s:42:15:47:Infinity":8,"s:48:2:48:Infinity":9,"s:49:2:49:Infinity":10,"f:52:9:52:20":1,"s:53:14:53:Infinity":11,"s:54:17:54:Infinity":12,"b:55:2:55:Infinity:undefined:undefined:undefined:undefined":1,"s:55:2:55:Infinity":13,"s:55:14:55:Infinity":14,"s:56:15:61:Infinity":15,"s:62:2:62:Infinity":16,"s:63:2:63:Infinity":17,"f:66:9:66:18":2,"s:67:14:67:Infinity":18,"s:68:17:68:Infinity":19,"b:69:2:69:Infinity:undefined:undefined:undefined:undefined":2,"s:69:2:69:Infinity":20,"s:69:14:69:Infinity":21,"s:70:15:75:Infinity":22,"s:76:2:76:Infinity":23,"s:77:2:77:Infinity":24,"s:80:6:83:Infinity":25,"f:80:6:80:17":3,"s:81:12:81:Infinity":26,"s:82:2:82:Infinity":27,"b:82:37:82:43:82:43:82:Infinity":3,"s:86:6:107:Infinity":28,"f:86:39:86:56":4,"s:87:2:98:Infinity":29,"f:100:0:100:4":5,"s:101:2:106:Infinity":30,"b:101:2:101:Infinity:102:2:102:Infinity:103:2:103:Infinity:104:2:104:Infinity:105:2:105:Infinity:106:2:106:Infinity":4,"s:109:6:134:Infinity":31,"f:109:34:109:46":6,"s:110:2:124:Infinity":32,"b:120:46:120:70:120:70:120:77":5,"b:121:50:121:72:121:72:121:79":6,"f:126:0:126:4":7,"s:127:2:133:Infinity":33,"b:127:2:127:Infinity:128:2:128:Infinity:129:2:129:Infinity:130:2:130:Infinity:131:2:131:Infinity:132:2:132:Infinity:133:2:133:Infinity":7,"s:136:6:152:Infinity":34,"f:136:43:136:64":8,"s:139:2:150:Infinity":35,"b:145:29:145:55:145:55:145:62":8,"b:146:27:146:51:146:51:146:58":9,"b:147:24:147:45:147:45:147:61":10,"f:152:0:152:4":9,"s:152:13:152:113":36,"b:152:13:152:32:152:32:152:51:152:51:152:88:152:88:152:113":11,"f:156:9:156:15":10,"s:157:8:157:Infinity":37,"s:158:2:162:Infinity":38,"f:158:2:158:18":11,"b:159:4:159:Infinity:undefined:undefined:undefined:undefined":12,"s:159:4:159:Infinity":39,"b:159:8:159:19:159:19:159:25":13,"s:159:25:159:Infinity":40,"s:160:17:160:Infinity":41,"b:160:62:160:78:160:78:160:92":14,"s:161:4:161:Infinity":42,"s:163:2:163:Infinity":43,"f:167:9:167:19":12,"s:168:8:168:Infinity":44,"s:169:8:169:Infinity":45,"s:171:2:194:Infinity":46,"f:171:2:171:18":13,"s:172:18:172:Infinity":47,"b:173:4:173:Infinity:undefined:undefined:undefined:undefined":15,"s:173:4:173:Infinity":48,"b:173:8:173:16:173:16:173:44":16,"s:173:44:173:Infinity":49,"b:175:4:181:Infinity:undefined:undefined:undefined:undefined":17,"s:175:4:181:Infinity":50,"b:176:6:179:Infinity:undefined:undefined:undefined:undefined":18,"s:176:6:179:Infinity":51,"s:177:8:177:Infinity":52,"s:178:8:178:Infinity":53,"s:180:6:180:Infinity":54,"b:182:4:187:Infinity:185:11:187:Infinity":19,"s:182:4:187:Infinity":55,"s:183:6:183:Infinity":56,"s:184:6:184:Infinity":57,"s:186:6:186:Infinity":58,"s:188:4:193:Infinity":59,"f:188:4:188:17":14,"b:189:6:192:Infinity:undefined:undefined:undefined:undefined":20,"s:189:6:192:Infinity":60,"s:190:8:190:Infinity":61,"s:191:8:191:Infinity":62,"s:196:2:196:Infinity":63,"f:200:24:200:49":15,"s:201:21:201:Infinity":64,"s:202:22:202:Infinity":65,"s:203:23:203:Infinity":66,"s:204:18:204:Infinity":67,"f:204:32:204:47":16,"s:204:47:204:57":68,"s:207:22:207:Infinity":69,"s:208:27:208:Infinity":70,"s:209:23:209:Infinity":71,"s:210:26:210:Infinity":72,"s:211:25:211:Infinity":73,"s:212:22:212:Infinity":74,"s:213:26:213:Infinity":75,"s:215:27:219:Infinity":76,"f:217:4:217:19":17,"s:217:19:217:Infinity":77,"f:217:46:217:52":18,"s:217:58:217:64":78,"s:221:2:236:Infinity":79,"f:221:2:221:18":19,"b:222:4:222:Infinity:undefined:undefined:undefined:undefined":21,"s:222:4:222:Infinity":80,"s:222:15:222:Infinity":81,"s:223:4:223:Infinity":82,"s:224:4:224:Infinity":83,"s:225:4:235:Infinity":84,"f:225:4:225:19":20,"s:226:46:226:Infinity":85,"s:227:6:233:Infinity":86,"s:228:25:228:Infinity":87,"s:229:8:232:Infinity":88,"b:231:14:231:Infinity:232:14:232:Infinity":22,"b:230:10:230:22:230:22:230:Infinity":23,"s:234:6:234:Infinity":89,"s:239:2:270:Infinity":90,"f:239:2:239:18":21,"s:240:54:240:Infinity":91,"s:241:4:246:Infinity":92,"s:242:6:242:Infinity":93,"b:243:6:243:Infinity:undefined:undefined:undefined:undefined":24,"s:243:6:243:Infinity":94,"s:243:29:243:Infinity":95,"s:245:6:245:Infinity":96,"s:247:10:265:Infinity":97,"f:247:10:247:24":22,"s:248:6:264:Infinity":98,"f:248:6:248:21":23,"s:249:25:249:Infinity":99,"s:250:8:263:Infinity":100,"b:254:18:254:36:254:36:254:Infinity":25,"b:261:30:261:60:261:60:261:Infinity":26,"s:266:4:266:Infinity":101,"s:267:4:269:Infinity":102,"f:267:4:267:17":24,"s:268:6:268:Infinity":103,"s:272:2:275:Infinity":104,"f:272:2:272:18":25,"s:273:15:273:Infinity":105,"f:273:15:273:33":26,"s:273:33:273:57":106,"s:274:4:274:Infinity":107,"f:274:4:274:17":27,"s:274:17:274:Infinity":108,"s:278:8:281:Infinity":109,"f:278:17:278:Infinity":28,"s:279:10:279:Infinity":110,"f:279:36:279:41":29,"s:279:48:279:108":111,"s:283:8:286:Infinity":112,"f:283:24:283:Infinity":30,"s:283:24:284:Infinity":113,"s:287:8:290:Infinity":114,"f:287:29:287:Infinity":31,"s:288:11:288:Infinity":115,"b:288:11:288:80:288:80:288:Infinity":27,"s:291:8:291:Infinity":116,"f:291:16:291:30":32,"s:291:16:291:80":117,"s:292:8:292:Infinity":118,"f:292:15:292:29":33,"s:292:15:292:68":119,"s:294:8:297:Infinity":120,"f:294:24:294:Infinity":34,"s:295:10:295:Infinity":121,"b:295:10:295:64:295:64:295:Infinity":28,"f:295:23:295:29":35,"s:295:35:295:59":122,"s:298:8:298:Infinity":123,"f:298:16:298:31":36,"s:298:31:298:90":124,"b:298:31:298:83:298:83:298:90":29,"s:300:8:310:Infinity":125,"f:300:26:300:Infinity":37,"s:300:26:308:Infinity":126,"b:302:24:302:39:302:39:302:Infinity":30,"f:303:9:303:14":38,"s:304:22:304:Infinity":127,"b:304:22:304:43:304:43:304:69:304:69:304:Infinity":31,"s:305:22:305:Infinity":128,"b:305:22:305:44:305:44:305:71:305:71:305:Infinity":32,"s:306:10:306:Infinity":129,"b:306:46:306:71:306:71:306:Infinity":33,"b:306:17:306:32:306:32:306:46":34,"f:308:9:308:17":39,"s:308:82:308:92":130,"s:312:8:312:Infinity":131,"s:314:2:451:Infinity":132,"b:330:63:330:87:330:87:330:91":35,"b:331:67:331:97:331:97:331:101":36,"f:332:10:332:15":40,"s:333:10:338:Infinity":133,"b:335:67:335:86:335:86:335:Infinity":37,"b:336:27:336:33:336:33:336:Infinity":38,"f:350:16:350:27":41,"s:350:33:350:Infinity":134,"f:359:16:359:27":42,"s:359:33:359:Infinity":135,"f:369:78:369:89":43,"s:369:95:369:142":136,"f:369:95:369:112":44,"s:369:119:369:139":137,"f:370:80:370:91":45,"s:370:97:370:145":138,"f:370:97:370:114":46,"s:370:121:370:142":139,"f:371:74:371:85":47,"s:371:91:371:136":140,"f:371:91:371:108":48,"s:371:115:371:133":141,"b:384:16:386:29:386:16:403:Infinity":39,"f:386:29:386:34":49,"s:387:18:402:Infinity":142,"f:390:22:390:37":50,"s:390:37:390:Infinity":143,"b:394:28:394:Infinity:395:28:395:Infinity":40,"b:399:70:399:87:399:87:399:106":41,"b:400:75:400:97:400:97:400:107":42,"b:411:10:415:11:415:10:450:Infinity":43,"b:423:29:423:45:423:45:423:52":44,"f:425:34:425:39":51,"s:426:16:426:Infinity":144,"f:431:31:431:36":52,"s:432:18:432:Infinity":145,"f:436:31:436:36":53,"s:437:16:437:Infinity":146,"b:441:15:441:Infinity:442:16:442:Infinity":45,"b:444:15:444:Infinity:445:16:445:Infinity":46,"f:455:9:455:22":54,"s:465:2:480:Infinity":147,"f:467:47:467:58":55,"s:467:64:467:92":148,"b:468:7:468:Infinity:469:8:477:Infinity":47,"b:473:31:473:47:473:47:473:Infinity":48,"b:474:27:474:48:474:48:474:Infinity":49,"b:475:35:475:43:475:43:475:Infinity":50},"fnNames":{}}}
,"/Users/a7206035376/Documents/Projects/GhostKitchen/ghost-kitchen-frontend/components/admin/admin-ops-page.tsx": {"path":"/Users/a7206035376/Documents/Projects/GhostKitchen/ghost-kitchen-frontend/components/admin/admin-ops-page.tsx","statementMap":{"0":{"start":{"line":1,"column":0},"end":{"line":1,"column":null}},"1":{"start":{"line":43,"column":50},"end":{"line":48,"column":null}},"2":{"start":{"line":50,"column":6},"end":{"line":50,"column":null}},"3":{"start":{"line":50,"column":34},"end":{"line":50,"column":null}},"4":{"start":{"line":53,"column":2},"end":{"line":53,"column":null}},"5":{"start":{"line":57,"column":8},"end":{"line":57,"column":null}},"6":{"start":{"line":58,"column":15},"end":{"line":58,"column":null}},"7":{"start":{"line":60,"column":8},"end":{"line":64,"column":null}},"8":{"start":{"line":62,"column":19},"end":{"line":62,"column":null}},"9":{"start":{"line":62,"column":54},"end":{"line":62,"column":60}},"10":{"start":{"line":65,"column":8},"end":{"line":69,"column":null}},"11":{"start":{"line":67,"column":19},"end":{"line":67,"column":null}},"12":{"start":{"line":67,"column":51},"end":{"line":67,"column":57}},"13":{"start":{"line":70,"column":8},"end":{"line":73,"column":null}},"14":{"start":{"line":72,"column":19},"end":{"line":72,"column":null}},"15":{"start":{"line":72,"column":57},"end":{"line":72,"column":63}},"16":{"start":{"line":74,"column":8},"end":{"line":77,"column":null}},"17":{"start":{"line":76,"column":19},"end":{"line":76,"column":null}},"18":{"start":{"line":76,"column":66},"end":{"line":76,"column":72}},"19":{"start":{"line":78,"column":8},"end":{"line":81,"column":null}},"20":{"start":{"line":80,"column":19},"end":{"line":80,"column":null}},"21":{"start":{"line":80,"column":71},"end":{"line":80,"column":77}},"22":{"start":{"line":83,"column":8},"end":{"line":92,"column":null}},"23":{"start":{"line":85,"column":6},"end":{"line":85,"column":null}},"24":{"start":{"line":87,"column":6},"end":{"line":87,"column":null}},"25":{"start":{"line":88,"column":6},"end":{"line":88,"column":null}},"26":{"start":{"line":89,"column":6},"end":{"line":89,"column":null}},"27":{"start":{"line":91,"column":19},"end":{"line":91,"column":null}},"28":{"start":{"line":94,"column":8},"end":{"line":101,"column":null}},"29":{"start":{"line":95,"column":32},"end":{"line":95,"column":null}},"30":{"start":{"line":97,"column":6},"end":{"line":97,"column":null}},"31":{"start":{"line":98,"column":6},"end":{"line":98,"column":null}},"32":{"start":{"line":100,"column":19},"end":{"line":100,"column":null}},"33":{"start":{"line":103,"column":17},"end":{"line":103,"column":null}},"34":{"start":{"line":104,"column":14},"end":{"line":104,"column":null}},"35":{"start":{"line":105,"column":20},"end":{"line":105,"column":null}},"36":{"start":{"line":106,"column":17},"end":{"line":106,"column":null}},"37":{"start":{"line":107,"column":22},"end":{"line":107,"column":null}},"38":{"start":{"line":109,"column":8},"end":{"line":116,"column":null}},"39":{"start":{"line":110,"column":4},"end":{"line":116,"column":null}},"40":{"start":{"line":118,"column":2},"end":{"line":293,"column":null}},"41":{"start":{"line":134,"column":10},"end":{"line":139,"column":null}},"42":{"start":{"line":154,"column":16},"end":{"line":167,"column":null}},"43":{"start":{"line":161,"column":35},"end":{"line":161,"column":null}},"44":{"start":{"line":179,"column":14},"end":{"line":179,"column":null}},"45":{"start":{"line":180,"column":14},"end":{"line":180,"column":null}},"46":{"start":{"line":180,"column":40},"end":{"line":180,"column":74}},"47":{"start":{"line":180,"column":74},"end":{"line":180,"column":82}},"48":{"start":{"line":181,"column":14},"end":{"line":181,"column":null}},"49":{"start":{"line":186,"column":31},"end":{"line":186,"column":null}},"50":{"start":{"line":186,"column":47},"end":{"line":186,"column":79}},"51":{"start":{"line":194,"column":33},"end":{"line":194,"column":null}},"52":{"start":{"line":194,"column":49},"end":{"line":194,"column":96}},"53":{"start":{"line":198,"column":82},"end":{"line":198,"column":120}},"54":{"start":{"line":215,"column":16},"end":{"line":233,"column":null}},"55":{"start":{"line":226,"column":37},"end":{"line":226,"column":null}},"56":{"start":{"line":246,"column":93},"end":{"line":246,"column":135}},"57":{"start":{"line":253,"column":18},"end":{"line":259,"column":null}},"58":{"start":{"line":273,"column":89},"end":{"line":273,"column":131}},"59":{"start":{"line":280,"column":18},"end":{"line":286,"column":null}}},"fnMap":{"0":{"name":"(anonymous_0)","decl":{"start":{"line":50,"column":6},"end":{"line":50,"column":16}},"loc":{"start":{"line":50,"column":34},"end":{"line":50,"column":null}},"line":50},"1":{"name":"SeverityBadge","decl":{"start":{"line":52,"column":9},"end":{"line":52,"column":23}},"loc":{"start":{"line":52,"column":61},"end":{"line":54,"column":null}},"line":52},"2":{"name":"AdminOpsPage","decl":{"start":{"line":56,"column":16},"end":{"line":56,"column":31}},"loc":{"start":{"line":56,"column":31},"end":{"line":295,"column":null}},"line":56},"3":{"name":"(anonymous_3)","decl":{"start":{"line":62,"column":4},"end":{"line":62,"column":19}},"loc":{"start":{"line":62,"column":19},"end":{"line":62,"column":null}},"line":62},"4":{"name":"(anonymous_4)","decl":{"start":{"line":62,"column":42},"end":{"line":62,"column":48}},"loc":{"start":{"line":62,"column":54},"end":{"line":62,"column":60}},"line":62},"5":{"name":"(anonymous_5)","decl":{"start":{"line":67,"column":4},"end":{"line":67,"column":19}},"loc":{"start":{"line":67,"column":19},"end":{"line":67,"column":null}},"line":67},"6":{"name":"(anonymous_6)","decl":{"start":{"line":67,"column":39},"end":{"line":67,"column":45}},"loc":{"start":{"line":67,"column":51},"end":{"line":67,"column":57}},"line":67},"7":{"name":"(anonymous_7)","decl":{"start":{"line":72,"column":4},"end":{"line":72,"column":19}},"loc":{"start":{"line":72,"column":19},"end":{"line":72,"column":null}},"line":72},"8":{"name":"(anonymous_8)","decl":{"start":{"line":72,"column":45},"end":{"line":72,"column":51}},"loc":{"start":{"line":72,"column":57},"end":{"line":72,"column":63}},"line":72},"9":{"name":"(anonymous_9)","decl":{"start":{"line":76,"column":4},"end":{"line":76,"column":19}},"loc":{"start":{"line":76,"column":19},"end":{"line":76,"column":null}},"line":76},"10":{"name":"(anonymous_10)","decl":{"start":{"line":76,"column":54},"end":{"line":76,"column":60}},"loc":{"start":{"line":76,"column":66},"end":{"line":76,"column":72}},"line":76},"11":{"name":"(anonymous_11)","decl":{"start":{"line":80,"column":4},"end":{"line":80,"column":19}},"loc":{"start":{"line":80,"column":19},"end":{"line":80,"column":null}},"line":80},"12":{"name":"(anonymous_12)","decl":{"start":{"line":80,"column":59},"end":{"line":80,"column":65}},"loc":{"start":{"line":80,"column":71},"end":{"line":80,"column":77}},"line":80},"13":{"name":"(anonymous_13)","decl":{"start":{"line":84,"column":4},"end":{"line":84,"column":17}},"loc":{"start":{"line":85,"column":6},"end":{"line":85,"column":null}},"line":85},"14":{"name":"(anonymous_14)","decl":{"start":{"line":86,"column":4},"end":{"line":86,"column":21}},"loc":{"start":{"line":86,"column":21},"end":{"line":90,"column":null}},"line":86},"15":{"name":"(anonymous_15)","decl":{"start":{"line":91,"column":4},"end":{"line":91,"column":19}},"loc":{"start":{"line":91,"column":19},"end":{"line":91,"column":null}},"line":91},"16":{"name":"(anonymous_16)","decl":{"start":{"line":95,"column":4},"end":{"line":95,"column":17}},"loc":{"start":{"line":95,"column":32},"end":{"line":95,"column":null}},"line":95},"17":{"name":"(anonymous_17)","decl":{"start":{"line":96,"column":4},"end":{"line":96,"column":21}},"loc":{"start":{"line":96,"column":21},"end":{"line":99,"column":null}},"line":96},"18":{"name":"(anonymous_18)","decl":{"start":{"line":100,"column":4},"end":{"line":100,"column":19}},"loc":{"start":{"line":100,"column":19},"end":{"line":100,"column":null}},"line":100},"19":{"name":"(anonymous_19)","decl":{"start":{"line":109,"column":8},"end":{"line":109,"column":26}},"loc":{"start":{"line":110,"column":4},"end":{"line":116,"column":null}},"line":110},"20":{"name":"(anonymous_20)","decl":{"start":{"line":133,"column":10},"end":{"line":133,"column":15}},"loc":{"start":{"line":134,"column":10},"end":{"line":139,"column":null}},"line":134},"21":{"name":"(anonymous_21)","decl":{"start":{"line":153,"column":21},"end":{"line":153,"column":26}},"loc":{"start":{"line":154,"column":16},"end":{"line":167,"column":null}},"line":154},"22":{"name":"(anonymous_22)","decl":{"start":{"line":161,"column":20},"end":{"line":161,"column":35}},"loc":{"start":{"line":161,"column":35},"end":{"line":161,"column":null}},"line":161},"23":{"name":"(anonymous_23)","decl":{"start":{"line":178,"column":12},"end":{"line":178,"column":23}},"loc":{"start":{"line":178,"column":29},"end":{"line":182,"column":null}},"line":178},"24":{"name":"(anonymous_24)","decl":{"start":{"line":186,"column":14},"end":{"line":186,"column":25}},"loc":{"start":{"line":186,"column":31},"end":{"line":186,"column":null}},"line":186},"25":{"name":"(anonymous_25)","decl":{"start":{"line":186,"column":31},"end":{"line":186,"column":40}},"loc":{"start":{"line":186,"column":47},"end":{"line":186,"column":79}},"line":186},"26":{"name":"(anonymous_26)","decl":{"start":{"line":194,"column":16},"end":{"line":194,"column":27}},"loc":{"start":{"line":194,"column":33},"end":{"line":194,"column":null}},"line":194},"27":{"name":"(anonymous_27)","decl":{"start":{"line":194,"column":33},"end":{"line":194,"column":42}},"loc":{"start":{"line":194,"column":49},"end":{"line":194,"column":96}},"line":194},"28":{"name":"(anonymous_28)","decl":{"start":{"line":198,"column":71},"end":{"line":198,"column":76}},"loc":{"start":{"line":198,"column":82},"end":{"line":198,"column":120}},"line":198},"29":{"name":"(anonymous_29)","decl":{"start":{"line":214,"column":24},"end":{"line":214,"column":29}},"loc":{"start":{"line":215,"column":16},"end":{"line":233,"column":null}},"line":215},"30":{"name":"(anonymous_30)","decl":{"start":{"line":226,"column":22},"end":{"line":226,"column":37}},"loc":{"start":{"line":226,"column":37},"end":{"line":226,"column":null}},"line":226},"31":{"name":"(anonymous_31)","decl":{"start":{"line":246,"column":82},"end":{"line":246,"column":87}},"loc":{"start":{"line":246,"column":93},"end":{"line":246,"column":135}},"line":246},"32":{"name":"(anonymous_32)","decl":{"start":{"line":252,"column":23},"end":{"line":252,"column":28}},"loc":{"start":{"line":253,"column":18},"end":{"line":259,"column":null}},"line":253},"33":{"name":"(anonymous_33)","decl":{"start":{"line":273,"column":78},"end":{"line":273,"column":83}},"loc":{"start":{"line":273,"column":89},"end":{"line":273,"column":131}},"line":273},"34":{"name":"(anonymous_34)","decl":{"start":{"line":279,"column":28},"end":{"line":279,"column":33}},"loc":{"start":{"line":280,"column":18},"end":{"line":286,"column":null}},"line":280}},"branchMap":{"0":{"loc":{"start":{"line":103,"column":17},"end":{"line":103,"column":null}},"type":"binary-expr","locations":[{"start":{"line":103,"column":17},"end":{"line":103,"column":41}},{"start":{"line":103,"column":41},"end":{"line":103,"column":null}}],"line":103},"1":{"loc":{"start":{"line":105,"column":20},"end":{"line":105,"column":null}},"type":"binary-expr","locations":[{"start":{"line":105,"column":20},"end":{"line":105,"column":50}},{"start":{"line":105,"column":50},"end":{"line":105,"column":null}}],"line":105},"2":{"loc":{"start":{"line":106,"column":17},"end":{"line":106,"column":null}},"type":"binary-expr","locations":[{"start":{"line":106,"column":17},"end":{"line":106,"column":41}},{"start":{"line":106,"column":41},"end":{"line":106,"column":null}}],"line":106},"3":{"loc":{"start":{"line":107,"column":22},"end":{"line":107,"column":null}},"type":"binary-expr","locations":[{"start":{"line":107,"column":22},"end":{"line":107,"column":56}},{"start":{"line":107,"column":56},"end":{"line":107,"column":null}}],"line":107},"4":{"loc":{"start":{"line":129,"column":42},"end":{"line":129,"column":96}},"type":"cond-expr","locations":[{"start":{"line":129,"column":68},"end":{"line":129,"column":91}},{"start":{"line":129,"column":91},"end":{"line":129,"column":96}}],"line":129},"5":{"loc":{"start":{"line":130,"column":44},"end":{"line":130,"column":65}},"type":"binary-expr","locations":[{"start":{"line":130,"column":44},"end":{"line":130,"column":60}},{"start":{"line":130,"column":60},"end":{"line":130,"column":65}}],"line":130},"6":{"loc":{"start":{"line":131,"column":42},"end":{"line":131,"column":80}},"type":"cond-expr","locations":[{"start":{"line":131,"column":48},"end":{"line":131,"column":75}},{"start":{"line":131,"column":75},"end":{"line":131,"column":80}}],"line":131},"7":{"loc":{"start":{"line":132,"column":45},"end":{"line":132,"column":73}},"type":"binary-expr","locations":[{"start":{"line":132,"column":45},"end":{"line":132,"column":68}},{"start":{"line":132,"column":68},"end":{"line":132,"column":73}}],"line":132},"8":{"loc":{"start":{"line":136,"column":53},"end":{"line":136,"column":null}},"type":"cond-expr","locations":[{"start":{"line":136,"column":67},"end":{"line":136,"column":86}},{"start":{"line":136,"column":86},"end":{"line":136,"column":null}}],"line":136},"9":{"loc":{"start":{"line":137,"column":15},"end":{"line":137,"column":null}},"type":"cond-expr","locations":[{"start":{"line":137,"column":32},"end":{"line":137,"column":38}},{"start":{"line":137,"column":38},"end":{"line":137,"column":null}}],"line":137},"10":{"loc":{"start":{"line":150,"column":13},"end":{"line":168,"column":null}},"type":"cond-expr","locations":[{"start":{"line":151,"column":14},"end":{"line":153,"column":21}},{"start":{"line":153,"column":14},"end":{"line":168,"column":null}}],"line":150},"11":{"loc":{"start":{"line":180,"column":14},"end":{"line":180,"column":null}},"type":"if","locations":[{"start":{"line":180,"column":14},"end":{"line":180,"column":null}},{"start":{},"end":{}}],"line":180},"12":{"loc":{"start":{"line":181,"column":70},"end":{"line":181,"column":101}},"type":"binary-expr","locations":[{"start":{"line":181,"column":70},"end":{"line":181,"column":90}},{"start":{"line":181,"column":90},"end":{"line":181,"column":101}}],"line":181},"13":{"loc":{"start":{"line":211,"column":13},"end":{"line":234,"column":null}},"type":"cond-expr","locations":[{"start":{"line":212,"column":14},"end":{"line":214,"column":24}},{"start":{"line":214,"column":14},"end":{"line":234,"column":null}}],"line":211},"14":{"loc":{"start":{"line":219,"column":64},"end":{"line":219,"column":133}},"type":"cond-expr","locations":[{"start":{"line":219,"column":92},"end":{"line":219,"column":111}},{"start":{"line":219,"column":111},"end":{"line":219,"column":133}}],"line":219},"15":{"loc":{"start":{"line":223,"column":19},"end":{"line":233,"column":null}},"type":"binary-expr","locations":[{"start":{"line":223,"column":19},"end":{"line":223,"column":null}},{"start":{"line":224,"column":20},"end":{"line":233,"column":null}}],"line":223},"16":{"loc":{"start":{"line":249,"column":15},"end":{"line":260,"column":null}},"type":"cond-expr","locations":[{"start":{"line":250,"column":16},"end":{"line":252,"column":23}},{"start":{"line":252,"column":16},"end":{"line":260,"column":null}}],"line":249},"17":{"loc":{"start":{"line":256,"column":47},"end":{"line":256,"column":107}},"type":"cond-expr","locations":[{"start":{"line":256,"column":74},"end":{"line":256,"column":99}},{"start":{"line":256,"column":99},"end":{"line":256,"column":107}}],"line":256},"18":{"loc":{"start":{"line":276,"column":15},"end":{"line":287,"column":null}},"type":"cond-expr","locations":[{"start":{"line":277,"column":16},"end":{"line":279,"column":28}},{"start":{"line":279,"column":16},"end":{"line":287,"column":null}}],"line":276}},"s":{"0":1,"1":1,"2":1,"3":12,"4":24,"5":19,"6":19,"7":19,"8":7,"9":7,"10":19,"11":7,"12":7,"13":19,"14":10,"15":10,"16":19,"17":7,"18":7,"19":19,"20":7,"21":7,"22":19,"23":2,"24":2,"25":2,"26":2,"27":0,"28":19,"29":1,"30":1,"31":1,"32":0,"33":19,"34":19,"35":19,"36":19,"37":19,"38":19,"39":1,"40":19,"41":76,"42":12,"43":1,"44":1,"45":1,"46":0,"47":0,"48":1,"49":1,"50":1,"51":0,"52":0,"53":76,"54":12,"55":1,"56":95,"57":12,"58":95,"59":12},"f":{"0":12,"1":24,"2":19,"3":7,"4":7,"5":7,"6":7,"7":10,"8":10,"9":7,"10":7,"11":7,"12":7,"13":2,"14":2,"15":0,"16":1,"17":1,"18":0,"19":1,"20":76,"21":12,"22":1,"23":1,"24":1,"25":1,"26":0,"27":0,"28":76,"29":12,"30":1,"31":95,"32":12,"33":95,"34":12},"b":{"0":[19,7],"1":[19,7],"2":[19,7],"3":[19,7],"4":[12,7],"5":[19,7],"6":[12,7],"7":[19,7],"8":[19,57],"9":[28,48],"10":[7,12],"11":[0,1],"12":[1,1],"13":[7,12],"14":[0,12],"15":[12,12],"16":[7,12],"17":[12,0],"18":[7,12]},"meta":{"lastBranch":19,"lastFunction":35,"lastStatement":60,"seen":{"s:1:0:1:Infinity":0,"s:43:50:48:Infinity":1,"s:50:6:50:Infinity":2,"f:50:6:50:16":0,"s:50:34:50:Infinity":3,"f:52:9:52:23":1,"s:53:2:53:Infinity":4,"f:56:16:56:31":2,"s:57:8:57:Infinity":5,"s:58:15:58:Infinity":6,"s:60:8:64:Infinity":7,"f:62:4:62:19":3,"s:62:19:62:Infinity":8,"f:62:42:62:48":4,"s:62:54:62:60":9,"s:65:8:69:Infinity":10,"f:67:4:67:19":5,"s:67:19:67:Infinity":11,"f:67:39:67:45":6,"s:67:51:67:57":12,"s:70:8:73:Infinity":13,"f:72:4:72:19":7,"s:72:19:72:Infinity":14,"f:72:45:72:51":8,"s:72:57:72:63":15,"s:74:8:77:Infinity":16,"f:76:4:76:19":9,"s:76:19:76:Infinity":17,"f:76:54:76:60":10,"s:76:66:76:72":18,"s:78:8:81:Infinity":19,"f:80:4:80:19":11,"s:80:19:80:Infinity":20,"f:80:59:80:65":12,"s:80:71:80:77":21,"s:83:8:92:Infinity":22,"f:84:4:84:17":13,"s:85:6:85:Infinity":23,"f:86:4:86:21":14,"s:87:6:87:Infinity":24,"s:88:6:88:Infinity":25,"s:89:6:89:Infinity":26,"f:91:4:91:19":15,"s:91:19:91:Infinity":27,"s:94:8:101:Infinity":28,"f:95:4:95:17":16,"s:95:32:95:Infinity":29,"f:96:4:96:21":17,"s:97:6:97:Infinity":30,"s:98:6:98:Infinity":31,"f:100:4:100:19":18,"s:100:19:100:Infinity":32,"s:103:17:103:Infinity":33,"b:103:17:103:41:103:41:103:Infinity":0,"s:104:14:104:Infinity":34,"s:105:20:105:Infinity":35,"b:105:20:105:50:105:50:105:Infinity":1,"s:106:17:106:Infinity":36,"b:106:17:106:41:106:41:106:Infinity":2,"s:107:22:107:Infinity":37,"b:107:22:107:56:107:56:107:Infinity":3,"s:109:8:116:Infinity":38,"f:109:8:109:26":19,"s:110:4:116:Infinity":39,"s:118:2:293:Infinity":40,"b:129:68:129:91:129:91:129:96":4,"b:130:44:130:60:130:60:130:65":5,"b:131:48:131:75:131:75:131:80":6,"b:132:45:132:68:132:68:132:73":7,"f:133:10:133:15":20,"s:134:10:139:Infinity":41,"b:136:67:136:86:136:86:136:Infinity":8,"b:137:32:137:38:137:38:137:Infinity":9,"b:151:14:153:21:153:14:168:Infinity":10,"f:153:21:153:26":21,"s:154:16:167:Infinity":42,"f:161:20:161:35":22,"s:161:35:161:Infinity":43,"f:178:12:178:23":23,"s:179:14:179:Infinity":44,"b:180:14:180:Infinity:undefined:undefined:undefined:undefined":11,"s:180:14:180:Infinity":45,"s:180:40:180:74":46,"s:180:74:180:82":47,"s:181:14:181:Infinity":48,"b:181:70:181:90:181:90:181:101":12,"f:186:14:186:25":24,"s:186:31:186:Infinity":49,"f:186:31:186:40":25,"s:186:47:186:79":50,"f:194:16:194:27":26,"s:194:33:194:Infinity":51,"f:194:33:194:42":27,"s:194:49:194:96":52,"f:198:71:198:76":28,"s:198:82:198:120":53,"b:212:14:214:24:214:14:234:Infinity":13,"f:214:24:214:29":29,"s:215:16:233:Infinity":54,"b:219:92:219:111:219:111:219:133":14,"b:223:19:223:Infinity:224:20:233:Infinity":15,"f:226:22:226:37":30,"s:226:37:226:Infinity":55,"f:246:82:246:87":31,"s:246:93:246:135":56,"b:250:16:252:23:252:16:260:Infinity":16,"f:252:23:252:28":32,"s:253:18:259:Infinity":57,"b:256:74:256:99:256:99:256:107":17,"f:273:78:273:83":33,"s:273:89:273:131":58,"b:277:16:279:28:279:16:287:Infinity":18,"f:279:28:279:33":34,"s:280:18:286:Infinity":59},"fnNames":{}}}
,"/Users/a7206035376/Documents/Projects/GhostKitchen/ghost-kitchen-frontend/components/auth/ProtectedRoute.tsx": {"path":"/Users/a7206035376/Documents/Projects/GhostKitchen/ghost-kitchen-frontend/components/auth/ProtectedRoute.tsx","statementMap":{"0":{"start":{"line":1,"column":0},"end":{"line":1,"column":null}},"1":{"start":{"line":12,"column":13},"end":{"line":46,"column":null}},"2":{"start":{"line":13,"column":8},"end":{"line":13,"column":null}},"3":{"start":{"line":14,"column":40},"end":{"line":14,"column":null}},"4":{"start":{"line":16,"column":2},"end":{"line":34,"column":null}},"5":{"start":{"line":18,"column":4},"end":{"line":18,"column":null}},"6":{"start":{"line":18,"column":22},"end":{"line":18,"column":null}},"7":{"start":{"line":20,"column":4},"end":{"line":24,"column":null}},"8":{"start":{"line":21,"column":24},"end":{"line":21,"column":null}},"9":{"start":{"line":22,"column":6},"end":{"line":22,"column":null}},"10":{"start":{"line":23,"column":6},"end":{"line":23,"column":null}},"11":{"start":{"line":26,"column":4},"end":{"line":33,"column":null}},"12":{"start":{"line":29,"column":22},"end":{"line":31,"column":null}},"13":{"start":{"line":30,"column":15},"end":{"line":30,"column":null}},"14":{"start":{"line":32,"column":6},"end":{"line":32,"column":null}},"15":{"start":{"line":32,"column":20},"end":{"line":32,"column":null}},"16":{"start":{"line":37,"column":2},"end":{"line":43,"column":null}},"17":{"start":{"line":38,"column":4},"end":{"line":41,"column":null}},"18":{"start":{"line":45,"column":2},"end":{"line":45,"column":null}}},"fnMap":{"0":{"name":"(anonymous_0)","decl":{"start":{"line":12,"column":13},"end":{"line":12,"column":31}},"loc":{"start":{"line":12,"column":83},"end":{"line":46,"column":null}},"line":12},"1":{"name":"(anonymous_1)","decl":{"start":{"line":16,"column":2},"end":{"line":16,"column":18}},"loc":{"start":{"line":16,"column":18},"end":{"line":34,"column":5}},"line":16},"2":{"name":"(anonymous_2)","decl":{"start":{"line":29,"column":35},"end":{"line":29,"column":null}},"loc":{"start":{"line":30,"column":15},"end":{"line":30,"column":null}},"line":30}},"branchMap":{"0":{"loc":{"start":{"line":18,"column":4},"end":{"line":18,"column":null}},"type":"if","locations":[{"start":{"line":18,"column":4},"end":{"line":18,"column":null}},{"start":{},"end":{}}],"line":18},"1":{"loc":{"start":{"line":20,"column":4},"end":{"line":24,"column":null}},"type":"if","locations":[{"start":{"line":20,"column":4},"end":{"line":24,"column":null}},{"start":{},"end":{}}],"line":20},"2":{"loc":{"start":{"line":26,"column":4},"end":{"line":33,"column":null}},"type":"if","locations":[{"start":{"line":26,"column":4},"end":{"line":33,"column":null}},{"start":{},"end":{}}],"line":26},"3":{"loc":{"start":{"line":26,"column":8},"end":{"line":26,"column":30}},"type":"binary-expr","locations":[{"start":{"line":26,"column":8},"end":{"line":26,"column":24}},{"start":{"line":26,"column":24},"end":{"line":26,"column":30}}],"line":26},"4":{"loc":{"start":{"line":30,"column":15},"end":{"line":30,"column":null}},"type":"binary-expr","locations":[{"start":{"line":30,"column":15},"end":{"line":30,"column":40}},{"start":{"line":30,"column":40},"end":{"line":30,"column":69}},{"start":{"line":30,"column":69},"end":{"line":30,"column":null}}],"line":30},"5":{"loc":{"start":{"line":32,"column":6},"end":{"line":32,"column":null}},"type":"if","locations":[{"start":{"line":32,"column":6},"end":{"line":32,"column":null}},{"start":{},"end":{}}],"line":32},"6":{"loc":{"start":{"line":37,"column":2},"end":{"line":43,"column":null}},"type":"if","locations":[{"start":{"line":37,"column":2},"end":{"line":43,"column":null}},{"start":{},"end":{}}],"line":37},"7":{"loc":{"start":{"line":37,"column":6},"end":{"line":37,"column":40}},"type":"binary-expr","locations":[{"start":{"line":37,"column":6},"end":{"line":37,"column":22}},{"start":{"line":37,"column":22},"end":{"line":37,"column":40}}],"line":37}},"s":{"0":1,"1":1,"2":7,"3":7,"4":7,"5":7,"6":1,"7":6,"8":1,"9":1,"10":1,"11":5,"12":4,"13":4,"14":4,"15":2,"16":7,"17":2,"18":5},"f":{"0":7,"1":7,"2":4},"b":{"0":[1,6],"1":[1,5],"2":[4,1],"3":[5,4],"4":[4,3,3],"5":[2,2],"6":[2,5],"7":[7,6]},"meta":{"lastBranch":8,"lastFunction":3,"lastStatement":19,"seen":{"s:1:0:1:Infinity":0,"s:12:13:46:Infinity":1,"f:12:13:12:31":0,"s:13:8:13:Infinity":2,"s:14:40:14:Infinity":3,"s:16:2:34:Infinity":4,"f:16:2:16:18":1,"b:18:4:18:Infinity:undefined:undefined:undefined:undefined":0,"s:18:4:18:Infinity":5,"s:18:22:18:Infinity":6,"b:20:4:24:Infinity:undefined:undefined:undefined:undefined":1,"s:20:4:24:Infinity":7,"s:21:24:21:Infinity":8,"s:22:6:22:Infinity":9,"s:23:6:23:Infinity":10,"b:26:4:33:Infinity:undefined:undefined:undefined:undefined":2,"s:26:4:33:Infinity":11,"b:26:8:26:24:26:24:26:30":3,"s:29:22:31:Infinity":12,"f:29:35:29:Infinity":2,"s:30:15:30:Infinity":13,"b:30:15:30:40:30:40:30:69:30:69:30:Infinity":4,"b:32:6:32:Infinity:undefined:undefined:undefined:undefined":5,"s:32:6:32:Infinity":14,"s:32:20:32:Infinity":15,"b:37:2:43:Infinity:undefined:undefined:undefined:undefined":6,"s:37:2:43:Infinity":16,"b:37:6:37:22:37:22:37:40":7,"s:38:4:41:Infinity":17,"s:45:2:45:Infinity":18},"fnNames":{}}}
,"/Users/a7206035376/Documents/Projects/GhostKitchen/ghost-kitchen-frontend/components/customer/customer-bottom-nav.tsx": {"path":"/Users/a7206035376/Documents/Projects/GhostKitchen/ghost-kitchen-frontend/components/customer/customer-bottom-nav.tsx","statementMap":{"0":{"start":{"line":1,"column":0},"end":{"line":1,"column":null}},"1":{"start":{"line":8,"column":17},"end":{"line":78,"column":null}},"2":{"start":{"line":81,"column":8},"end":{"line":81,"column":null}},"3":{"start":{"line":83,"column":2},"end":{"line":85,"column":null}},"4":{"start":{"line":84,"column":4},"end":{"line":84,"column":null}},"5":{"start":{"line":87,"column":2},"end":{"line":111,"column":null}},"6":{"start":{"line":91,"column":27},"end":{"line":91,"column":null}},"7":{"start":{"line":93,"column":10},"end":{"line":107,"column":null}}},"fnMap":{"0":{"name":"CustomerBottomNav","decl":{"start":{"line":80,"column":16},"end":{"line":80,"column":36}},"loc":{"start":{"line":80,"column":36},"end":{"line":113,"column":null}},"line":80},"1":{"name":"(anonymous_1)","decl":{"start":{"line":90,"column":18},"end":{"line":90,"column":23}},"loc":{"start":{"line":90,"column":32},"end":{"line":109,"column":9}},"line":90}},"branchMap":{"0":{"loc":{"start":{"line":83,"column":2},"end":{"line":85,"column":null}},"type":"if","locations":[{"start":{"line":83,"column":2},"end":{"line":85,"column":null}},{"start":{},"end":{}}],"line":83},"1":{"loc":{"start":{"line":83,"column":6},"end":{"line":83,"column":86}},"type":"binary-expr","locations":[{"start":{"line":83,"column":6},"end":{"line":83,"column":19}},{"start":{"line":83,"column":19},"end":{"line":83,"column":52}},{"start":{"line":83,"column":52},"end":{"line":83,"column":86}}],"line":83},"2":{"loc":{"start":{"line":95,"column":28},"end":{"line":95,"column":null}},"type":"cond-expr","locations":[{"start":{"line":95,"column":39},"end":{"line":95,"column":48}},{"start":{"line":95,"column":48},"end":{"line":95,"column":null}}],"line":95},"3":{"loc":{"start":{"line":98,"column":16},"end":{"line":100,"column":null}},"type":"cond-expr","locations":[{"start":{"line":99,"column":20},"end":{"line":99,"column":null}},{"start":{"line":100,"column":20},"end":{"line":100,"column":null}}],"line":98}},"s":{"0":2,"1":2,"2":10,"3":10,"4":2,"5":8,"6":40,"7":40},"f":{"0":10,"1":40},"b":{"0":[2,8],"1":[10,10,9],"2":[8,32],"3":[8,32]},"meta":{"lastBranch":4,"lastFunction":2,"lastStatement":8,"seen":{"s:1:0:1:Infinity":0,"s:8:17:78:Infinity":1,"f:80:16:80:36":0,"s:81:8:81:Infinity":2,"b:83:2:85:Infinity:undefined:undefined:undefined:undefined":0,"s:83:2:85:Infinity":3,"b:83:6:83:19:83:19:83:52:83:52:83:86":1,"s:84:4:84:Infinity":4,"s:87:2:111:Infinity":5,"f:90:18:90:23":1,"s:91:27:91:Infinity":6,"s:93:10:107:Infinity":7,"b:95:39:95:48:95:48:95:Infinity":2,"b:99:20:99:Infinity:100:20:100:Infinity":3},"fnNames":{}}}
,"/Users/a7206035376/Documents/Projects/GhostKitchen/ghost-kitchen-frontend/hooks/useRiderLocationTracking.ts": {"path":"/Users/a7206035376/Documents/Projects/GhostKitchen/ghost-kitchen-frontend/hooks/useRiderLocationTracking.ts","statementMap":{"0":{"start":{"line":1,"column":0},"end":{"line":1,"column":null}},"1":{"start":{"line":25,"column":17},"end":{"line":25,"column":null}},"2":{"start":{"line":27,"column":2},"end":{"line":37,"column":null}},"3":{"start":{"line":28,"column":24},"end":{"line":28,"column":null}},"4":{"start":{"line":29,"column":4},"end":{"line":30,"column":null}},"5":{"start":{"line":29,"column":8},"end":{"line":29,"column":null}},"6":{"start":{"line":30,"column":9},"end":{"line":30,"column":null}},"7":{"start":{"line":31,"column":4},"end":{"line":31,"column":null}},"8":{"start":{"line":33,"column":4},"end":{"line":36,"column":null}},"9":{"start":{"line":34,"column":6},"end":{"line":34,"column":null}},"10":{"start":{"line":35,"column":6},"end":{"line":35,"column":null}},"11":{"start":{"line":35,"column":10},"end":{"line":35,"column":null}},"12":{"start":{"line":39,"column":2},"end":{"line":39,"column":null}},"13":{"start":{"line":44,"column":17},"end":{"line":44,"column":null}},"14":{"start":{"line":46,"column":2},"end":{"line":49,"column":null}},"15":{"start":{"line":47,"column":4},"end":{"line":47,"column":null}},"16":{"start":{"line":48,"column":4},"end":{"line":48,"column":null}},"17":{"start":{"line":51,"column":2},"end":{"line":51,"column":null}},"18":{"start":{"line":60,"column":14},"end":{"line":63,"column":null}},"19":{"start":{"line":61,"column":14},"end":{"line":61,"column":null}},"20":{"start":{"line":62,"column":4},"end":{"line":62,"column":null}},"21":{"start":{"line":65,"column":2},"end":{"line":67,"column":null}},"22":{"start":{"line":66,"column":4},"end":{"line":66,"column":null}},"23":{"start":{"line":66,"column":57},"end":{"line":66,"column":102}},"24":{"start":{"line":69,"column":2},"end":{"line":69,"column":null}}},"fnMap":{"0":{"name":"useRiderLocationTracking","decl":{"start":{"line":24,"column":16},"end":{"line":24,"column":41}},"loc":{"start":{"line":24,"column":80},"end":{"line":40,"column":null}},"line":24},"1":{"name":"(anonymous_1)","decl":{"start":{"line":27,"column":2},"end":{"line":27,"column":18}},"loc":{"start":{"line":27,"column":18},"end":{"line":37,"column":5}},"line":27},"2":{"name":"(anonymous_2)","decl":{"start":{"line":33,"column":4},"end":{"line":33,"column":17}},"loc":{"start":{"line":33,"column":17},"end":{"line":36,"column":null}},"line":33},"3":{"name":"useRiderTrackingStatus","decl":{"start":{"line":43,"column":16},"end":{"line":43,"column":62}},"loc":{"start":{"line":43,"column":62},"end":{"line":52,"column":null}},"line":43},"4":{"name":"(anonymous_4)","decl":{"start":{"line":46,"column":2},"end":{"line":46,"column":18}},"loc":{"start":{"line":46,"column":18},"end":{"line":49,"column":5}},"line":46},"5":{"name":"useRiderPosition","decl":{"start":{"line":59,"column":16},"end":{"line":59,"column":72}},"loc":{"start":{"line":59,"column":72},"end":{"line":70,"column":null}},"line":59},"6":{"name":"(anonymous_6)","decl":{"start":{"line":60,"column":24},"end":{"line":60,"column":76}},"loc":{"start":{"line":60,"column":76},"end":{"line":63,"column":3}},"line":60},"7":{"name":"(anonymous_7)","decl":{"start":{"line":65,"column":2},"end":{"line":65,"column":18}},"loc":{"start":{"line":65,"column":18},"end":{"line":67,"column":5}},"line":65},"8":{"name":"(anonymous_8)","decl":{"start":{"line":66,"column":32},"end":{"line":66,"column":51}},"loc":{"start":{"line":66,"column":57},"end":{"line":66,"column":102}},"line":66}},"branchMap":{"0":{"loc":{"start":{"line":29,"column":4},"end":{"line":30,"column":null}},"type":"if","locations":[{"start":{"line":29,"column":4},"end":{"line":30,"column":null}},{"start":{"line":30,"column":9},"end":{"line":30,"column":null}}],"line":29},"1":{"loc":{"start":{"line":35,"column":6},"end":{"line":35,"column":null}},"type":"if","locations":[{"start":{"line":35,"column":6},"end":{"line":35,"column":null}},{"start":{},"end":{}}],"line":35},"2":{"loc":{"start":{"line":62,"column":11},"end":{"line":62,"column":null}},"type":"cond-expr","locations":[{"start":{"line":62,"column":15},"end":{"line":62,"column":44}},{"start":{"line":62,"column":44},"end":{"line":62,"column":null}}],"line":62},"3":{"loc":{"start":{"line":66,"column":64},"end":{"line":66,"column":101}},"type":"cond-expr","locations":[{"start":{"line":66,"column":68},"end":{"line":66,"column":97}},{"start":{"line":66,"column":97},"end":{"line":66,"column":101}}],"line":66}},"s":{"0":1,"1":27,"2":27,"3":13,"4":13,"5":11,"6":2,"7":13,"8":13,"9":13,"10":13,"11":11,"12":27,"13":0,"14":0,"15":0,"16":0,"17":0,"18":0,"19":0,"20":0,"21":0,"22":0,"23":0,"24":0},"f":{"0":27,"1":13,"2":13,"3":0,"4":0,"5":0,"6":0,"7":0,"8":0},"b":{"0":[11,2],"1":[11,2],"2":[0,0],"3":[0,0]},"meta":{"lastBranch":4,"lastFunction":9,"lastStatement":25,"seen":{"s:1:0:1:Infinity":0,"f:24:16:24:41":0,"s:25:17:25:Infinity":1,"s:27:2:37:Infinity":2,"f:27:2:27:18":1,"s:28:24:28:Infinity":3,"b:29:4:30:Infinity:30:9:30:Infinity":0,"s:29:4:30:Infinity":4,"s:29:8:29:Infinity":5,"s:30:9:30:Infinity":6,"s:31:4:31:Infinity":7,"s:33:4:36:Infinity":8,"f:33:4:33:17":2,"s:34:6:34:Infinity":9,"b:35:6:35:Infinity:undefined:undefined:undefined:undefined":1,"s:35:6:35:Infinity":10,"s:35:10:35:Infinity":11,"s:39:2:39:Infinity":12,"f:43:16:43:62":3,"s:44:17:44:Infinity":13,"s:46:2:49:Infinity":14,"f:46:2:46:18":4,"s:47:4:47:Infinity":15,"s:48:4:48:Infinity":16,"s:51:2:51:Infinity":17,"f:59:16:59:72":5,"s:60:14:63:Infinity":18,"f:60:24:60:76":6,"s:61:14:61:Infinity":19,"s:62:4:62:Infinity":20,"b:62:15:62:44:62:44:62:Infinity":2,"s:65:2:67:Infinity":21,"f:65:2:65:18":7,"s:66:4:66:Infinity":22,"f:66:32:66:51":8,"s:66:57:66:102":23,"b:66:68:66:97:66:97:66:101":3,"s:69:2:69:Infinity":24},"fnNames":{}}}
[...]
,"/Users/a7206035376/Documents/Projects/GhostKitchen/ghost-kitchen-frontend/store/authStore.ts": {"path":"/Users/a7206035376/Documents/Projects/GhostKitchen/ghost-kitchen-frontend/store/authStore.ts","statementMap":{"0":{"start":{"line":1,"column":0},"end":{"line":1,"column":null}},"1":{"start":{"line":8,"column":2},"end":{"line":8,"column":null}},"2":{"start":{"line":10,"column":22},"end":{"line":10,"column":null}},"3":{"start":{"line":41,"column":13},"end":{"line":135,"column":null}},"4":{"start":{"line":43,"column":19},"end":{"line":121,"column":null}},"5":{"start":{"line":52,"column":29},"end":{"line":52,"column":null}},"6":{"start":{"line":55,"column":8},"end":{"line":55,"column":null}},"7":{"start":{"line":57,"column":24},"end":{"line":57,"column":null}},"8":{"start":{"line":60,"column":8},"end":{"line":60,"column":null}},"9":{"start":{"line":61,"column":8},"end":{"line":69,"column":null}},"10":{"start":{"line":62,"column":27},"end":{"line":62,"column":null}},"11":{"start":{"line":63,"column":54},"end":{"line":63,"column":null}},"12":{"start":{"line":64,"column":10},"end":{"line":64,"column":null}},"13":{"start":{"line":66,"column":22},"end":{"line":66,"column":null}},"14":{"start":{"line":67,"column":10},"end":{"line":67,"column":null}},"15":{"start":{"line":68,"column":10},"end":{"line":68,"column":null}},"16":{"start":{"line":73,"column":8},"end":{"line":73,"column":null}},"17":{"start":{"line":74,"column":8},"end":{"line":82,"column":null}},"18":{"start":{"line":75,"column":27},"end":{"line":75,"column":null}},"19":{"start":{"line":76,"column":54},"end":{"line":76,"column":null}},"20":{"start":{"line":77,"column":10},"end":{"line":77,"column":null}},"21":{"start":{"line":79,"column":22},"end":{"line":79,"column":null}},"22":{"start":{"line":80,"column":10},"end":{"line":80,"column":null}},"23":{"start":{"line":81,"column":10},"end":{"line":81,"column":null}},"24":{"start":{"line":86,"column":8},"end":{"line":93,"column":null}},"25":{"start":{"line":89,"column":26},"end":{"line":89,"column":null}},"26":{"start":{"line":90,"column":10},"end":{"line":90,"column":null}},"27":{"start":{"line":94,"column":8},"end":{"line":94,"column":null}},"28":{"start":{"line":98,"column":8},"end":{"line":98,"column":null}},"29":{"start":{"line":99,"column":8},"end":{"line":119,"column":null}},"30":{"start":{"line":104,"column":26},"end":{"line":104,"column":null}},"31":{"start":{"line":105,"column":27},"end":{"line":105,"column":null}},"32":{"start":{"line":106,"column":23},"end":{"line":106,"column":null}},"33":{"start":{"line":107,"column":10},"end":{"line":107,"column":null}},"34":{"start":{"line":110,"column":25},"end":{"line":110,"column":null}},"35":{"start":{"line":111,"column":28},"end":{"line":111,"column":null}},"36":{"start":{"line":113,"column":12},"end":{"line":113,"column":null}},"37":{"start":{"line":114,"column":10},"end":{"line":118,"column":null}},"38":{"start":{"line":115,"column":12},"end":{"line":115,"column":null}},"39":{"start":{"line":117,"column":12},"end":{"line":117,"column":null}},"40":{"start":{"line":124,"column":30},"end":{"line":129,"column":null}},"41":{"start":{"line":130,"column":6},"end":{"line":132,"column":null}},"42":{"start":{"line":131,"column":8},"end":{"line":131,"column":null}}},"fnMap":{"0":{"name":"(anonymous_0)","decl":{"start":{"line":42,"column":2},"end":{"line":42,"column":null}},"loc":{"start":{"line":43,"column":19},"end":{"line":121,"column":null}},"line":43},"1":{"name":"(anonymous_1)","decl":{"start":{"line":52,"column":6},"end":{"line":52,"column":23}},"loc":{"start":{"line":52,"column":29},"end":{"line":52,"column":null}},"line":52},"2":{"name":"(anonymous_2)","decl":{"start":{"line":54,"column":6},"end":{"line":54,"column":18}},"loc":{"start":{"line":55,"column":8},"end":{"line":55,"column":null}},"line":55},"3":{"name":"(anonymous_3)","decl":{"start":{"line":57,"column":6},"end":{"line":57,"column":24}},"loc":{"start":{"line":57,"column":24},"end":{"line":57,"column":null}},"line":57},"4":{"name":"(anonymous_4)","decl":{"start":{"line":59,"column":16},"end":{"line":59,"column":23}},"loc":{"start":{"line":59,"column":32},"end":{"line":70,"column":null}},"line":59},"5":{"name":"(anonymous_5)","decl":{"start":{"line":72,"column":13},"end":{"line":72,"column":20}},"loc":{"start":{"line":72,"column":40},"end":{"line":83,"column":null}},"line":72},"6":{"name":"(anonymous_6)","decl":{"start":{"line":85,"column":14},"end":{"line":85,"column":26}},"loc":{"start":{"line":85,"column":26},"end":{"line":95,"column":null}},"line":85},"7":{"name":"(anonymous_7)","decl":{"start":{"line":97,"column":22},"end":{"line":97,"column":34}},"loc":{"start":{"line":97,"column":34},"end":{"line":120,"column":null}},"line":97},"8":{"name":"(anonymous_8)","decl":{"start":{"line":124,"column":6},"end":{"line":124,"column":19}},"loc":{"start":{"line":124,"column":30},"end":{"line":129,"column":null}},"line":124},"9":{"name":"(anonymous_9)","decl":{"start":{"line":130,"column":6},"end":{"line":130,"column":33}},"loc":{"start":{"line":130,"column":6},"end":{"line":132,"column":null}},"line":130}},"branchMap":{"0":{"loc":{"start":{"line":8,"column":2},"end":{"line":8,"column":null}},"type":"binary-expr","locations":[{"start":{"line":8,"column":2},"end":{"line":8,"column":37}},{"start":{"line":8,"column":37},"end":{"line":8,"column":null}}],"line":8},"1":{"loc":{"start":{"line":55,"column":12},"end":{"line":55,"column":74}},"type":"cond-expr","locations":[{"start":{"line":55,"column":27},"end":{"line":55,"column":59}},{"start":{"line":55,"column":59},"end":{"line":55,"column":74}}],"line":55},"2":{"loc":{"start":{"line":63,"column":54},"end":{"line":63,"column":null}},"type":"binary-expr","locations":[{"start":{"line":63,"column":54},"end":{"line":63,"column":76}},{"start":{"line":63,"column":76},"end":{"line":63,"column":null}}],"line":63},"3":{"loc":{"start":{"line":66,"column":22},"end":{"line":66,"column":null}},"type":"binary-expr","locations":[{"start":{"line":66,"column":22},"end":{"line":66,"column":53}},{"start":{"line":66,"column":53},"end":{"line":66,"column":82}},{"start":{"line":66,"column":82},"end":{"line":66,"column":null}}],"line":66},"4":{"loc":{"start":{"line":76,"column":54},"end":{"line":76,"column":null}},"type":"binary-expr","locations":[{"start":{"line":76,"column":54},"end":{"line":76,"column":76}},{"start":{"line":76,"column":76},"end":{"line":76,"column":null}}],"line":76},"5":{"loc":{"start":{"line":79,"column":22},"end":{"line":79,"column":null}},"type":"binary-expr","locations":[{"start":{"line":79,"column":22},"end":{"line":79,"column":53}},{"start":{"line":79,"column":53},"end":{"line":79,"column":82}},{"start":{"line":79,"column":82},"end":{"line":79,"column":null}}],"line":79},"6":{"loc":{"start":{"line":106,"column":23},"end":{"line":106,"column":null}},"type":"binary-expr","locations":[{"start":{"line":106,"column":23},"end":{"line":106,"column":51}},{"start":{"line":106,"column":51},"end":{"line":106,"column":null}}],"line":106},"7":{"loc":{"start":{"line":110,"column":25},"end":{"line":110,"column":null}},"type":"binary-expr","locations":[{"start":{"line":110,"column":25},"end":{"line":110,"column":38}},{"start":{"line":110,"column":38},"end":{"line":110,"column":null}}],"line":110},"8":{"loc":{"start":{"line":113,"column":12},"end":{"line":113,"column":null}},"type":"binary-expr","locations":[{"start":{"line":113,"column":12},"end":{"line":113,"column":31}},{"start":{"line":113,"column":31},"end":{"line":113,"column":64}},{"start":{"line":113,"column":64},"end":{"line":113,"column":null}}],"line":113},"9":{"loc":{"start":{"line":114,"column":10},"end":{"line":118,"column":null}},"type":"if","locations":[{"start":{"line":114,"column":10},"end":{"line":118,"column":null}},{"start":{"line":116,"column":17},"end":{"line":118,"column":null}}],"line":114}},"s":{"0":1,"1":1,"2":1,"3":1,"4":1,"5":1,"6":2,"7":1,"8":2,"9":2,"10":2,"11":1,"12":2,"13":1,"14":1,"15":1,"16":2,"17":2,"18":2,"19":1,"20":2,"21":1,"22":1,"23":1,"24":2,"25":2,"26":2,"27":2,"28":3,"29":3,"30":3,"31":3,"32":1,"33":3,"34":2,"35":2,"36":2,"37":2,"38":1,"39":1,"40":36,"41":1,"42":1},"f":{"0":1,"1":1,"2":2,"3":1,"4":2,"5":2,"6":2,"7":3,"8":36,"9":2},"b":{"0":[1,1],"1":[1,1],"2":[1,0],"3":[1,1,0],"4":[1,0],"5":[1,0,0],"6":[1,0],"7":[2,0],"8":[2,1,0],"9":[1,1]},"meta":{"lastBranch":10,"lastFunction":10,"lastStatement":43,"seen":{"s:1:0:1:Infinity":0,"s:8:2:8:Infinity":1,"b:8:2:8:37:8:37:8:Infinity":0,"s:10:22:10:Infinity":2,"s:41:13:135:Infinity":3,"f:42:2:42:Infinity":0,"s:43:19:121:Infinity":4,"f:52:6:52:23":1,"s:52:29:52:Infinity":5,"f:54:6:54:18":2,"s:55:8:55:Infinity":6,"b:55:27:55:59:55:59:55:74":1,"f:57:6:57:24":3,"s:57:24:57:Infinity":7,"f:59:16:59:23":4,"s:60:8:60:Infinity":8,"s:61:8:69:Infinity":9,"s:62:27:62:Infinity":10,"s:63:54:63:Infinity":11,"b:63:54:63:76:63:76:63:Infinity":2,"s:64:10:64:Infinity":12,"s:66:22:66:Infinity":13,"b:66:22:66:53:66:53:66:82:66:82:66:Infinity":3,"s:67:10:67:Infinity":14,"s:68:10:68:Infinity":15,"f:72:13:72:20":5,"s:73:8:73:Infinity":16,"s:74:8:82:Infinity":17,"s:75:27:75:Infinity":18,"s:76:54:76:Infinity":19,"b:76:54:76:76:76:76:76:Infinity":4,"s:77:10:77:Infinity":20,"s:79:22:79:Infinity":21,"b:79:22:79:53:79:53:79:82:79:82:79:Infinity":5,"s:80:10:80:Infinity":22,"s:81:10:81:Infinity":23,"f:85:14:85:26":6,"s:86:8:93:Infinity":24,"s:89:26:89:Infinity":25,"s:90:10:90:Infinity":26,"s:94:8:94:Infinity":27,"f:97:22:97:34":7,"s:98:8:98:Infinity":28,"s:99:8:119:Infinity":29,"s:104:26:104:Infinity":30,"s:105:27:105:Infinity":31,"s:106:23:106:Infinity":32,"b:106:23:106:51:106:51:106:Infinity":6,"s:107:10:107:Infinity":33,"s:110:25:110:Infinity":34,"b:110:25:110:38:110:38:110:Infinity":7,"s:111:28:111:Infinity":35,"s:113:12:113:Infinity":36,"b:113:12:113:31:113:31:113:64:113:64:113:Infinity":8,"b:114:10:118:Infinity:116:17:118:Infinity":9,"s:114:10:118:Infinity":37,"s:115:12:115:Infinity":38,"s:117:12:117:Infinity":39,"f:124:6:124:19":8,"s:124:30:129:Infinity":40,"f:130:6:130:33":9,"s:130:6:132:Infinity":41,"s:131:8:131:Infinity":42},"fnNames":{}}}
,"/Users/a7206035376/Documents/Projects/GhostKitchen/ghost-kitchen-frontend/store/cartStore.ts": {"path":"/Users/a7206035376/Documents/Projects/GhostKitchen/ghost-kitchen-frontend/store/cartStore.ts","statementMap":{"0":{"start":{"line":15,"column":0},"end":{"line":15,"column":null}},"1":{"start":{"line":51,"column":13},"end":{"line":161,"column":null}},"2":{"start":{"line":51,"column":61},"end":{"line":161,"column":2}},"3":{"start":{"line":63,"column":4},"end":{"line":63,"column":null}},"4":{"start":{"line":64,"column":4},"end":{"line":72,"column":null}},"5":{"start":{"line":65,"column":23},"end":{"line":65,"column":null}},"6":{"start":{"line":66,"column":31},"end":{"line":66,"column":null}},"7":{"start":{"line":67,"column":6},"end":{"line":67,"column":null}},"8":{"start":{"line":69,"column":23},"end":{"line":69,"column":null}},"9":{"start":{"line":70,"column":6},"end":{"line":70,"column":null}},"10":{"start":{"line":71,"column":6},"end":{"line":71,"column":null}},"11":{"start":{"line":79,"column":4},"end":{"line":79,"column":null}},"12":{"start":{"line":80,"column":4},"end":{"line":88,"column":null}},"13":{"start":{"line":81,"column":6},"end":{"line":81,"column":null}},"14":{"start":{"line":83,"column":6},"end":{"line":83,"column":null}},"15":{"start":{"line":85,"column":23},"end":{"line":85,"column":null}},"16":{"start":{"line":86,"column":6},"end":{"line":86,"column":null}},"17":{"start":{"line":87,"column":6},"end":{"line":87,"column":null}},"18":{"start":{"line":95,"column":4},"end":{"line":95,"column":null}},"19":{"start":{"line":96,"column":4},"end":{"line":104,"column":null}},"20":{"start":{"line":97,"column":6},"end":{"line":97,"column":null}},"21":{"start":{"line":99,"column":6},"end":{"line":99,"column":null}},"22":{"start":{"line":101,"column":23},"end":{"line":101,"column":null}},"23":{"start":{"line":102,"column":6},"end":{"line":102,"column":null}},"24":{"start":{"line":103,"column":6},"end":{"line":103,"column":null}},"25":{"start":{"line":111,"column":4},"end":{"line":114,"column":null}},"26":{"start":{"line":113,"column":6},"end":{"line":113,"column":null}},"27":{"start":{"line":116,"column":4},"end":{"line":116,"column":null}},"28":{"start":{"line":117,"column":4},"end":{"line":125,"column":null}},"29":{"start":{"line":118,"column":6},"end":{"line":118,"column":null}},"30":{"start":{"line":120,"column":6},"end":{"line":120,"column":null}},"31":{"start":{"line":122,"column":23},"end":{"line":122,"column":null}},"32":{"start":{"line":123,"column":6},"end":{"line":123,"column":null}},"33":{"start":{"line":124,"column":6},"end":{"line":124,"column":null}},"34":{"start":{"line":132,"column":4},"end":{"line":132,"column":null}},"35":{"start":{"line":133,"column":4},"end":{"line":140,"column":null}},"36":{"start":{"line":134,"column":6},"end":{"line":134,"column":null}},"37":{"start":{"line":135,"column":6},"end":{"line":135,"column":null}},"38":{"start":{"line":137,"column":23},"end":{"line":137,"column":null}},"39":{"start":{"line":138,"column":6},"end":{"line":138,"column":null}},"40":{"start":{"line":139,"column":6},"end":{"line":139,"column":null}},"41":{"start":{"line":147,"column":22},"end":{"line":147,"column":null}},"42":{"start":{"line":148,"column":4},"end":{"line":150,"column":null}},"43":{"start":{"line":149,"column":6},"end":{"line":149,"column":null}},"44":{"start":{"line":158,"column":22},"end":{"line":158,"column":null}},"45":{"start":{"line":159,"column":4},"end":{"line":159,"column":null}}},"fnMap":{"0":{"name":"(anonymous_0)","decl":{"start":{"line":51,"column":28},"end":{"line":51,"column":47}},"loc":{"start":{"line":51,"column":61},"end":{"line":161,"column":2}},"line":51},"1":{"name":"(anonymous_1)","decl":{"start":{"line":62,"column":13},"end":{"line":62,"column":25}},"loc":{"start":{"line":62,"column":25},"end":{"line":73,"column":null}},"line":62},"2":{"name":"(anonymous_2)","decl":{"start":{"line":78,"column":13},"end":{"line":78,"column":20}},"loc":{"start":{"line":78,"column":57},"end":{"line":89,"column":null}},"line":78},"3":{"name":"(anonymous_3)","decl":{"start":{"line":94,"column":18},"end":{"line":94,"column":25}},"loc":{"start":{"line":94,"column":48},"end":{"line":105,"column":null}},"line":94},"4":{"name":"(anonymous_4)","decl":{"start":{"line":110,"column":18},"end":{"line":110,"column":25}},"loc":{"start":{"line":110,"column":66},"end":{"line":126,"column":null}},"line":110},"5":{"name":"(anonymous_5)","decl":{"start":{"line":131,"column":13},"end":{"line":131,"column":25}},"loc":{"start":{"line":131,"column":25},"end":{"line":141,"column":null}},"line":131},"6":{"name":"(anonymous_6)","decl":{"start":{"line":146,"column":2},"end":{"line":146,"column":21}},"loc":{"start":{"line":146,"column":21},"end":{"line":151,"column":null}},"line":146},"7":{"name":"(anonymous_7)","decl":{"start":{"line":148,"column":17},"end":{"line":148,"column":25}},"loc":{"start":{"line":148,"column":39},"end":{"line":150,"column":7}},"line":148},"8":{"name":"(anonymous_8)","decl":{"start":{"line":157,"column":2},"end":{"line":157,"column":25}},"loc":{"start":{"line":157,"column":25},"end":{"line":160,"column":null}},"line":157}},"branchMap":{"0":{"loc":{"start":{"line":69,"column":23},"end":{"line":69,"column":null}},"type":"binary-expr","locations":[{"start":{"line":69,"column":23},"end":{"line":69,"column":56}},{"start":{"line":69,"column":56},"end":{"line":69,"column":72}},{"start":{"line":69,"column":72},"end":{"line":69,"column":null}}],"line":69},"1":{"loc":{"start":{"line":78,"column":40},"end":{"line":78,"column":57}},"type":"default-arg","locations":[{"start":{"line":78,"column":51},"end":{"line":78,"column":57}}],"line":78},"2":{"loc":{"start":{"line":85,"column":23},"end":{"line":85,"column":null}},"type":"binary-expr","locations":[{"start":{"line":85,"column":23},"end":{"line":85,"column":56}},{"start":{"line":85,"column":56},"end":{"line":85,"column":72}},{"start":{"line":85,"column":72},"end":{"line":85,"column":null}}],"line":85},"3":{"loc":{"start":{"line":101,"column":23},"end":{"line":101,"column":null}},"type":"binary-expr","locations":[{"start":{"line":101,"column":23},"end":{"line":101,"column":56}},{"start":{"line":101,"column":56},"end":{"line":101,"column":72}},{"start":{"line":101,"column":72},"end":{"line":101,"column":null}}],"line":101},"4":{"loc":{"start":{"line":111,"column":4},"end":{"line":114,"column":null}},"type":"if","locations":[{"start":{"line":111,"column":4},"end":{"line":114,"column":null}},{"start":{},"end":{}}],"line":111},"5":{"loc":{"start":{"line":122,"column":23},"end":{"line":122,"column":null}},"type":"binary-expr","locations":[{"start":{"line":122,"column":23},"end":{"line":122,"column":56}},{"start":{"line":122,"column":56},"end":{"line":122,"column":72}},{"start":{"line":122,"column":72},"end":{"line":122,"column":null}}],"line":122},"6":{"loc":{"start":{"line":137,"column":23},"end":{"line":137,"column":null}},"type":"binary-expr","locations":[{"start":{"line":137,"column":23},"end":{"line":137,"column":56}},{"start":{"line":137,"column":56},"end":{"line":137,"column":72}},{"start":{"line":137,"column":72},"end":{"line":137,"column":null}}],"line":137},"7":{"loc":{"start":{"line":159,"column":11},"end":{"line":159,"column":null}},"type":"cond-expr","locations":[{"start":{"line":159,"column":30},"end":{"line":159,"column":63}},{"start":{"line":159,"column":63},"end":{"line":159,"column":null}}],"line":159}},"s":{"0":1,"1":1,"2":1,"3":7,"4":7,"5":7,"6":6,"7":6,"8":1,"9":1,"10":1,"11":2,"12":2,"13":2,"14":2,"15":0,"16":0,"17":0,"18":2,"19":2,"20":2,"21":2,"22":0,"23":0,"24":0,"25":2,"26":1,"27":1,"28":1,"29":1,"30":1,"31":0,"32":0,"33":0,"34":1,"35":1,"36":1,"37":1,"38":0,"39":0,"40":0,"41":2,"42":2,"43":2,"44":2,"45":2},"f":{"0":1,"1":7,"2":2,"3":2,"4":2,"5":1,"6":2,"7":2,"8":2},"b":{"0":[1,0,0],"1":[2],"2":[0,0,0],"3":[0,0,0],"4":[1,1],"5":[0,0,0],"6":[0,0,0],"7":[1,1]},"meta":{"lastBranch":8,"lastFunction":9,"lastStatement":46,"seen":{"s:15:0:15:Infinity":0,"s:51:13:161:Infinity":1,"f:51:28:51:47":0,"s:51:61:161:2":2,"f:62:13:62:25":1,"s:63:4:63:Infinity":3,"s:64:4:72:Infinity":4,"s:65:23:65:Infinity":5,"s:66:31:66:Infinity":6,"s:67:6:67:Infinity":7,"s:69:23:69:Infinity":8,"b:69:23:69:56:69:56:69:72:69:72:69:Infinity":0,"s:70:6:70:Infinity":9,"s:71:6:71:Infinity":10,"f:78:13:78:20":2,"b:78:51:78:57":1,"s:79:4:79:Infinity":11,"s:80:4:88:Infinity":12,"s:81:6:81:Infinity":13,"s:83:6:83:Infinity":14,"s:85:23:85:Infinity":15,"b:85:23:85:56:85:56:85:72:85:72:85:Infinity":2,"s:86:6:86:Infinity":16,"s:87:6:87:Infinity":17,"f:94:18:94:25":3,"s:95:4:95:Infinity":18,"s:96:4:104:Infinity":19,"s:97:6:97:Infinity":20,"s:99:6:99:Infinity":21,"s:101:23:101:Infinity":22,"b:101:23:101:56:101:56:101:72:101:72:101:Infinity":3,"s:102:6:102:Infinity":23,"s:103:6:103:Infinity":24,"f:110:18:110:25":4,"b:111:4:114:Infinity:undefined:undefined:undefined:undefined":4,"s:111:4:114:Infinity":25,"s:113:6:113:Infinity":26,"s:116:4:116:Infinity":27,"s:117:4:125:Infinity":28,"s:118:6:118:Infinity":29,"s:120:6:120:Infinity":30,"s:122:23:122:Infinity":31,"b:122:23:122:56:122:56:122:72:122:72:122:Infinity":5,"s:123:6:123:Infinity":32,"s:124:6:124:Infinity":33,"f:131:13:131:25":5,"s:132:4:132:Infinity":34,"s:133:4:140:Infinity":35,"s:134:6:134:Infinity":36,"s:135:6:135:Infinity":37,"s:137:23:137:Infinity":38,"b:137:23:137:56:137:56:137:72:137:72:137:Infinity":6,"s:138:6:138:Infinity":39,"s:139:6:139:Infinity":40,"f:146:2:146:21":6,"s:147:22:147:Infinity":41,"s:148:4:150:Infinity":42,"f:148:17:148:25":7,"s:149:6:149:Infinity":43,"f:157:2:157:25":8,"s:158:22:158:Infinity":44,"s:159:4:159:Infinity":45,"b:159:30:159:63:159:63:159:Infinity":7},"fnNames":{}}}
}
